[05:14:27] [Craft Scheduler Thread - 1235/INFO]: [Vault] Checking for Updates ... 
[05:14:31] [Craft Scheduler Thread - 1235/INFO]: [Vault] No new version available
[11:14:27] [Craft Scheduler Thread - 1307/INFO]: [Vault] Checking for Updates ... 
[11:14:31] [Craft Scheduler Thread - 1307/INFO]: [Vault] No new version available
[17:14:27] [Craft Scheduler Thread - 1379/INFO]: [Vault] Checking for Updates ... 
[17:14:31] [Craft Scheduler Thread - 1379/INFO]: [Vault] No new version available
[23:14:27] [Craft Scheduler Thread - 1451/INFO]: [Vault] Checking for Updates ... 
[23:14:31] [Craft Scheduler Thread - 1451/INFO]: [Vault] No new version available
[23:34:36] [User Authenticator #13/WARN]: [User Authenticator #13] WARN fr.xephi.authme.libs.com.zaxxer.hikari.pool.PoolBase - AuthMeMYSQLPool - Failed to validate connection fr.xephi.authme.libs.com.mysql.cj.jdbc.ConnectionImpl@a8d8525 (No operations allowed after connection closed.). Possibly consider using a shorter maxLifetime value.
[23:34:36] [User Authenticator #13/WARN]: [User Authenticator #13] WARN fr.xephi.authme.libs.com.zaxxer.hikari.pool.PoolBase - AuthMeMYSQLPool - Failed to validate connection fr.xephi.authme.libs.com.mysql.cj.jdbc.ConnectionImpl@75ee55 (No operations allowed after connection closed.). Possibly consider using a shorter maxLifetime value.
[23:34:36] [User Authenticator #13/WARN]: [User Authenticator #13] WARN fr.xephi.authme.libs.com.zaxxer.hikari.pool.PoolBase - AuthMeMYSQLPool - Failed to validate connection fr.xephi.authme.libs.com.mysql.cj.jdbc.ConnectionImpl@4577703f (No operations allowed after connection closed.). Possibly consider using a shorter maxLifetime value.
[23:34:36] [User Authenticator #13/WARN]: [User Authenticator #13] WARN fr.xephi.authme.libs.com.zaxxer.hikari.pool.PoolBase - AuthMeMYSQLPool - Failed to validate connection fr.xephi.authme.libs.com.mysql.cj.jdbc.ConnectionImpl@23b56119 (No operations allowed after connection closed.). Possibly consider using a shorter maxLifetime value.
[23:34:36] [User Authenticator #13/WARN]: [User Authenticator #13] WARN fr.xephi.authme.libs.com.zaxxer.hikari.pool.PoolBase - AuthMeMYSQLPool - Failed to validate connection fr.xephi.authme.libs.com.mysql.cj.jdbc.ConnectionImpl@74f8b531 (No operations allowed after connection closed.). Possibly consider using a shorter maxLifetime value.
[23:34:36] [User Authenticator #13/WARN]: [User Authenticator #13] WARN fr.xephi.authme.libs.com.zaxxer.hikari.pool.PoolBase - AuthMeMYSQLPool - Failed to validate connection fr.xephi.authme.libs.com.mysql.cj.jdbc.ConnectionImpl@5bd0fabd (No operations allowed after connection closed.). Possibly consider using a shorter maxLifetime value.
[23:34:36] [User Authenticator #13/WARN]: [User Authenticator #13] WARN fr.xephi.authme.libs.com.zaxxer.hikari.pool.PoolBase - AuthMeMYSQLPool - Failed to validate connection fr.xephi.authme.libs.com.mysql.cj.jdbc.ConnectionImpl@25588f70 (No operations allowed after connection closed.). Possibly consider using a shorter maxLifetime value.
[23:34:36] [User Authenticator #13/WARN]: [User Authenticator #13] WARN fr.xephi.authme.libs.com.zaxxer.hikari.pool.PoolBase - AuthMeMYSQLPool - Failed to validate connection fr.xephi.authme.libs.com.mysql.cj.jdbc.ConnectionImpl@2ded9f6b (No operations allowed after connection closed.). Possibly consider using a shorter maxLifetime value.
[23:34:36] [User Authenticator #13/WARN]: [User Authenticator #13] WARN fr.xephi.authme.libs.com.zaxxer.hikari.pool.PoolBase - AuthMeMYSQLPool - Failed to validate connection fr.xephi.authme.libs.com.mysql.cj.jdbc.ConnectionImpl@1c0df6da (No operations allowed after connection closed.). Possibly consider using a shorter maxLifetime value.
[23:34:36] [User Authenticator #13/WARN]: [User Authenticator #13] WARN fr.xephi.authme.libs.com.zaxxer.hikari.pool.PoolBase - AuthMeMYSQLPool - Failed to validate connection fr.xephi.authme.libs.com.mysql.cj.jdbc.ConnectionImpl@40d4f2f4 (No operations allowed after connection closed.). Possibly consider using a shorter maxLifetime value.
[23:34:40] [User Authenticator #13/INFO]: UUID of player Indominux is 9fe6f167-3d29-33e1-9d7d-983eb4300bbc
[23:34:41] [Server thread/INFO]: Indominux joined the game
[23:34:41] [Server thread/INFO]: Indominux[/179.24.120.154:54469] logged in with entity id 13 at ([world]1.3973069313844464, 143.0, 9.566801921811514)
[23:34:55] [Server thread/INFO]: Indominux lost connection: Disconnected
[23:34:55] [Server thread/INFO]: Indominux left the game
[23:34:57] [User Authenticator #14/INFO]: UUID of player Indominux is 9fe6f167-3d29-33e1-9d7d-983eb4300bbc
[23:34:57] [Server thread/INFO]: Indominux joined the game
[23:34:57] [Server thread/INFO]: Indominux[/179.24.120.154:43797] logged in with entity id 14 at ([world]1.3973069313844464, 143.0, 9.566801921811514)
[23:35:14] [Server thread/INFO]: Indominux lost connection: Disconnected
[23:35:14] [Server thread/INFO]: Indominux left the game
[23:35:16] [User Authenticator #15/INFO]: UUID of player Indominux is 9fe6f167-3d29-33e1-9d7d-983eb4300bbc
[23:35:16] [Server thread/INFO]: Indominux joined the game
[23:35:16] [Server thread/INFO]: Indominux[/179.24.120.154:35707] logged in with entity id 15 at ([world]1.3973069313844464, 143.0, 9.566801921811514)
[23:35:26] [Server thread/INFO]: Stopping the server
[23:35:26] [Server thread/INFO]: Stopping server
[23:35:26] [Server thread/INFO]: [WorldGuard] Disabling WorldGuard v7.0.9+5934e49
[23:35:26] [Server thread/INFO]: [WorldGuard] Shutting down executor and cancelling any pending tasks...
[23:35:26] [Server thread/INFO]: [DecentHolograms] Disabling DecentHolograms v2.8.4
[23:35:26] [Server thread/INFO]: [WorldEdit] Disabling WorldEdit v7.2.17+6544-56d0383
[23:35:26] [Server thread/INFO]: Unregistering com.sk89q.worldedit.bukkit.BukkitServerInterface from WorldEdit
[23:35:26] [Server thread/INFO]: [AuthMe] Disabling AuthMe v5.6.0-SNAPSHOT-b2614
[23:35:26] [Server thread/INFO]: [AuthMe] Waiting for 0 tasks to finish
[23:35:26] [Server thread/WARN]: [Server thread] INFO fr.xephi.authme.libs.com.zaxxer.hikari.HikariDataSource - AuthMeMYSQLPool - Shutdown initiated...
[23:35:26] [Server thread/WARN]: [Server thread] INFO fr.xephi.authme.libs.com.zaxxer.hikari.HikariDataSource - AuthMeMYSQLPool - Shutdown completed.
[23:35:26] [Server thread/INFO]: [AuthMe] AuthMe 5.6.0-SNAPSHOT-b2614 disabled!
[23:35:26] [Server thread/INFO]: [ProtocolLib] Disabling ProtocolLib v5.1.0
[23:35:26] [Server thread/INFO]: [Multiverse-Core] Disabling Multiverse-Core v4.3.12
[23:35:26] [Server thread/INFO]: [VoidWorld] Disabling VoidWorld v1.0
[23:35:26] [Server thread/INFO]: [Vault] Disabling Vault v1.7.3-b131
[23:35:26] [Server thread/INFO]: Saving players
[23:35:26] [Server thread/INFO]: Indominux lost connection: Server closed
[23:35:26] [Server thread/INFO]: Indominux left the game.
[23:35:26] [Server thread/INFO]: Saving worlds
[23:35:27] [Server thread/INFO]: Saving chunks for level 'ServerLevel[world]'/minecraft:overworld
[23:35:40] [Server thread/INFO]: ThreadedAnvilChunkStorage (world): All chunks are saved
[23:35:40] [Server thread/INFO]: ThreadedAnvilChunkStorage: All dimensions are saved
