[22:52:00] [ServerMain/INFO]: Environment: authHost='https://authserver.mojang.com', accountsHost='https://api.mojang.com', sessionHost='https://sessionserver.mojang.com', servicesHost='https://api.minecraftservices.com', name='PROD'
[22:52:02] [ServerMain/INFO]: Loaded 7 recipes
[22:52:03] [Server thread/INFO]: Starting minecraft server version 1.20.1
[22:52:03] [Server thread/INFO]: Loading properties
[22:52:03] [Server thread/INFO]: This server is running CraftBukkit version 3871-Spigot-d2eba2c-3f9263b (MC: 1.20.1) (Implementing API version 1.20.1-R0.1-SNAPSHOT)
[22:52:03] [Server thread/INFO]: Debug logging is disabled
[22:52:03] [Server thread/INFO]: Server Ping Player Sample Count: 12
[22:52:04] [Server thread/INFO]: Using 4 threads for Netty based IO
[22:52:04] [Server thread/INFO]: Default game type: SURVIVAL
[22:52:04] [Server thread/INFO]: Generating keypair
[22:52:04] [Server thread/INFO]: Starting Minecraft server on 0.0.0.0:27012
[22:52:04] [Server thread/INFO]: Using epoll channel type
[22:52:04] [Server thread/WARN]: Initializing Legacy Material Support. Unless you have legacy plugins and/or data this is a bug!
[22:52:08] [Server thread/WARN]: Legacy plugin VoidWorld v1.0 does not specify an api-version.
[22:52:08] [Server thread/INFO]: [Vault] Loading Vault v1.7.3-b131
[22:52:08] [Server thread/INFO]: [VoidWorld] Loading VoidWorld v1.0
[22:52:08] [Server thread/INFO]: [Multiverse-Core] Loading Multiverse-Core v4.3.12
[22:52:08] [Server thread/INFO]: [ProtocolLib] Loading ProtocolLib v5.1.0
[22:52:09] [Server thread/INFO]: [AuthMe] Loading AuthMe v5.6.0-SNAPSHOT-b2614
[22:52:09] [Server thread/INFO]: [WorldEdit] Loading WorldEdit v7.2.17+6544-56d0383
[22:52:09] [Server thread/INFO]: Got request to register class com.sk89q.worldedit.bukkit.BukkitServerInterface with WorldEdit [com.sk89q.worldedit.extension.platform.PlatformManager@1436631b]
[22:52:09] [Server thread/INFO]: [DecentHolograms] Loading DecentHolograms v2.8.4
[22:52:09] [Server thread/INFO]: [WorldGuard] Loading WorldGuard v7.0.9+5934e49
[22:52:09] [Server thread/INFO]: [Vault] Enabling Vault v1.7.3-b131
[22:52:09] [Server thread/INFO]: [Vault] [Permission] SuperPermissions loaded as backup permission system.
[22:52:09] [Server thread/INFO]: [Vault] Enabled Version 1.7.3-b131
[22:52:09] [Server thread/INFO]: [VoidWorld] Enabling VoidWorld v1.0
[22:52:09] [Server thread/INFO]: [ProtocolLib] Enabling ProtocolLib v5.1.0
[22:52:09] [Server thread/INFO]: [WorldEdit] Enabling WorldEdit v7.2.17+6544-56d0383
[22:52:09] [Server thread/INFO]: Registering commands with com.sk89q.worldedit.bukkit.BukkitServerInterface
[22:52:09] [Server thread/INFO]: WEPIF: Vault detected! Using Vault for permissions
[22:52:10] [Server thread/INFO]: Using com.sk89q.worldedit.bukkit.adapter.impl.v1_20_R1.PaperweightAdapter as the Bukkit adapter
[22:52:10] [Server thread/INFO]: [WorldEdit] ====================================================
[22:52:10] [Server thread/INFO]: [WorldEdit]  WorldEdit works better if you use Paper 
[22:52:10] [Server thread/INFO]: [WorldEdit]  as your server software. 
[22:52:10] [Server thread/INFO]: [WorldEdit]   
[22:52:10] [Server thread/INFO]: [WorldEdit]  Paper offers significant performance improvements,
[22:52:10] [Server thread/INFO]: [WorldEdit]  bug fixes, security enhancements and optional
[22:52:10] [Server thread/INFO]: [WorldEdit]  features for server owners to enhance their server.
[22:52:10] [Server thread/INFO]: [WorldEdit]   
[22:52:10] [Server thread/INFO]: [WorldEdit]  Paper includes Timings v2, which is significantly
[22:52:10] [Server thread/INFO]: [WorldEdit]  better at diagnosing lag problems over v1.
[22:52:10] [Server thread/INFO]: [WorldEdit]   
[22:52:10] [Server thread/INFO]: [WorldEdit]  All of your plugins should still work, and the
[22:52:10] [Server thread/INFO]: [WorldEdit]  Paper community will gladly help you fix any issues.
[22:52:10] [Server thread/INFO]: [WorldEdit]   
[22:52:10] [Server thread/INFO]: [WorldEdit]  Join the Paper Community @ https://papermc.io
[22:52:10] [Server thread/INFO]: [WorldEdit] ====================================================
[22:52:10] [Server thread/WARN]: **** SERVER IS RUNNING IN OFFLINE/INSECURE MODE!
[22:52:10] [Server thread/WARN]: The server will make no attempt to authenticate usernames. Beware.
[22:52:10] [Server thread/WARN]: Whilst this makes it possible to use BungeeCord, unless access to your server is properly restricted, it also opens up the ability for hackers to connect with any username they choose.
[22:52:10] [Server thread/WARN]: Please see http://www.spigotmc.org/wiki/firewall-guide/ for further information.
[22:52:10] [Server thread/WARN]: To change this, set "online-mode" to "true" in the server.properties file.
[22:52:10] [Server thread/INFO]: Preparing level "world"
[22:52:10] [Server thread/INFO]: -------- World Settings For [world] --------
[22:52:10] [Server thread/INFO]: Item Merge Radius: 2.5
[22:52:10] [Server thread/INFO]: Item Despawn Rate: 6000
[22:52:10] [Server thread/INFO]: View Distance: 10
[22:52:10] [Server thread/INFO]: Simulation Distance: 10
[22:52:10] [Server thread/INFO]: Allow Zombie Pigmen to spawn from portal blocks: true
[22:52:10] [Server thread/INFO]: Arrow Despawn Rate: 1200 Trident Respawn Rate:1200
[22:52:10] [Server thread/INFO]: Zombie Aggressive Towards Villager: true
[22:52:10] [Server thread/INFO]: Nerfing mobs spawned from spawners: false
[22:52:10] [Server thread/INFO]: Max TNT Explosions: 100
[22:52:10] [Server thread/INFO]: Tile Max Tick Time: 50ms Entity max Tick Time: 50ms
[22:52:10] [Server thread/INFO]: Experience Merge Radius: 3.0
[22:52:10] [Server thread/INFO]: Cactus Growth Modifier: 100%
[22:52:10] [Server thread/INFO]: Cane Growth Modifier: 100%
[22:52:10] [Server thread/INFO]: Melon Growth Modifier: 100%
[22:52:10] [Server thread/INFO]: Mushroom Growth Modifier: 100%
[22:52:10] [Server thread/INFO]: Pumpkin Growth Modifier: 100%
[22:52:10] [Server thread/INFO]: Sapling Growth Modifier: 100%
[22:52:10] [Server thread/INFO]: Beetroot Growth Modifier: 100%
[22:52:10] [Server thread/INFO]: Carrot Growth Modifier: 100%
[22:52:10] [Server thread/INFO]: Potato Growth Modifier: 100%
[22:52:10] [Server thread/INFO]: Wheat Growth Modifier: 100%
[22:52:10] [Server thread/INFO]: NetherWart Growth Modifier: 100%
[22:52:10] [Server thread/INFO]: Vine Growth Modifier: 100%
[22:52:10] [Server thread/INFO]: Cocoa Growth Modifier: 100%
[22:52:10] [Server thread/INFO]: Bamboo Growth Modifier: 100%
[22:52:10] [Server thread/INFO]: SweetBerry Growth Modifier: 100%
[22:52:10] [Server thread/INFO]: Kelp Growth Modifier: 100%
[22:52:10] [Server thread/INFO]: TwistingVines Growth Modifier: 100%
[22:52:10] [Server thread/INFO]: WeepingVines Growth Modifier: 100%
[22:52:10] [Server thread/INFO]: CaveVines Growth Modifier: 100%
[22:52:10] [Server thread/INFO]: Entity Activation Range: An 32 / Mo 32 / Ra 48 / Mi 16 / Tiv true / Isa false
[22:52:10] [Server thread/INFO]: Entity Tracking Range: Pl 48 / An 48 / Mo 48 / Mi 32 / Di 128 / Other 64
[22:52:10] [Server thread/INFO]: Hopper Transfer: 8 Hopper Check: 1 Hopper Amount: 1 Hopper Can Load Chunks: false
[22:52:10] [Server thread/INFO]: Custom Map Seeds:  Village: 10387312 Desert: 14357617 Igloo: 14357618 Jungle: 14357619 Swamp: 14357620 Monument: 10387313 Ocean: 14357621 Shipwreck: 165745295 End City: 10387313 Slime: 987234911 Nether: 30084232 Mansion: 10387319 Fossil: 14357921 Portal: 34222645
[22:52:10] [Server thread/INFO]: Mob Spawn Range: 6
[22:52:11] [Server thread/INFO]: Preparing start region for dimension minecraft:overworld
[22:52:14] [Worker-Main-18/INFO]: Preparing spawn area: 0%
[22:52:14] [Worker-Main-18/INFO]: Preparing spawn area: 0%
[22:52:14] [Worker-Main-18/INFO]: Preparing spawn area: 0%
[22:52:14] [Worker-Main-18/INFO]: Preparing spawn area: 0%
[22:52:14] [Worker-Main-8/INFO]: Preparing spawn area: 0%
[22:52:14] [Worker-Main-3/INFO]: Preparing spawn area: 0%
[22:52:14] [Worker-Main-15/INFO]: Preparing spawn area: 11%
[22:52:15] [Worker-Main-18/INFO]: Preparing spawn area: 58%
[22:52:15] [Server thread/INFO]: Time elapsed: 3941 ms
[22:52:15] [Server thread/INFO]: [Multiverse-Core] Enabling Multiverse-Core v4.3.12
[22:52:15] [Server thread/WARN]: [Multiverse-Core] "Multiverse-Core v4.3.12" has registered a listener for org.bukkit.event.entity.EntityCreatePortalEvent on method "public void com.onarandombox.MultiverseCore.listeners.MVPortalListener.entityPortalCreate(org.bukkit.event.entity.EntityCreatePortalEvent)", but the event is Deprecated. "Server performance will be affected"; please notify the authors [dumptruckman, Rigby, fernferret, lithium3141, main--].
[22:52:15] [Server thread/INFO]: [Multiverse-Core] §aWe are aware of the warning about the deprecated event. There is no alternative that allows us to do what we need to do and performance impact is negligible. It is safe to ignore.
[22:52:16] [Server thread/INFO]: [Multiverse-Core] 1 - World(s) loaded.
[22:52:16] [Server thread/WARN]: [Multiverse-Core] Buscript failed to load! The script command will be disabled! If you would like not to see this message, use `/mv conf enablebuscript false` to disable Buscript from loading.
[22:52:16] [Server thread/INFO]: [Multiverse-Core] Version 4.3.12 (API v24) Enabled - By dumptruckman, Rigby, fernferret, lithium3141 and main--
[22:52:16] [Server thread/INFO]: [AuthMe] Enabling AuthMe v5.6.0-SNAPSHOT-b2614
[22:52:16] [Server thread/INFO]: [AuthMe] Connection arguments loaded, Hikari ConnectionPool ready!
[22:52:16] [Server thread/WARN]: [Server thread] INFO fr.xephi.authme.libs.com.zaxxer.hikari.HikariDataSource - AuthMeMYSQLPool - Starting...
[22:52:16] [Server thread/WARN]: [Server thread] INFO fr.xephi.authme.libs.com.zaxxer.hikari.HikariDataSource - AuthMeMYSQLPool - Start completed.
[22:52:16] [Server thread/INFO]: [AuthMe] MySQL setup finished
[22:52:16] [Server thread/INFO]: [AuthMe] Hooked into Vault!
[22:52:16] [Server thread/INFO]: [AuthMe] Hooked successfully into Multiverse-Core
[22:52:17] [Server thread/INFO]: [AuthMe] AuthMe 5.6.0-SNAPSHOT build n.2614 successfully enabled!
[22:52:17] [Server thread/INFO]: [DecentHolograms] Enabling DecentHolograms v2.8.4
[22:52:17] [Server thread/INFO]: [DecentHolograms] Using ProtocolLib for packet listening.
[22:52:17] [Server thread/INFO]: [WorldGuard] Enabling WorldGuard v7.0.9+5934e49
[22:52:17] [Server thread/WARN]: [WorldGuard] Loaded class fr.xephi.authme.libs.com.mysql.cj.jdbc.Driver from AuthMe v5.6.0-SNAPSHOT-b2614 which is not a depend or softdepend of this plugin.
[22:52:17] [Server thread/INFO]: [WorldGuard] (world) TNT ignition is PERMITTED.
[22:52:17] [Server thread/INFO]: [WorldGuard] (world) Lighters are PERMITTED.
[22:52:17] [Server thread/INFO]: [WorldGuard] (world) Lava fire is PERMITTED.
[22:52:17] [Server thread/INFO]: [WorldGuard] (world) Fire spread is UNRESTRICTED.
[22:52:17] [Server thread/INFO]: [WorldGuard] Loaded configuration for world 'world'
[22:52:17] [Server thread/INFO]: [WorldGuard] Loading region data...
[22:52:17] [Server thread/INFO]: Server permissions file permissions.yml is empty, ignoring it
[22:52:17] [Server thread/INFO]: Done (6.852s)! For help, type "help"
[22:52:17] [Craft Scheduler Thread - 3/INFO]: [Vault] Checking for Updates ... 
[22:52:17] [Craft Scheduler Thread - 3/WARN]: [Vault] No files found, or Feed URL is bad.
[22:52:17] [Craft Scheduler Thread - 3/INFO]: [Vault] No new version available
[22:52:17] [Craft Scheduler Thread - 2/INFO]: 
[22:52:17] [Craft Scheduler Thread - 2/INFO]: [0;37;1mA newer version of [0;36;22mDecentHolograms [0;37;1mis available. Download it from: [0;37;22mhttps://www.spigotmc.org/resources/96927/[m
[22:54:03] [User Authenticator #1/INFO]: UUID of player YourTextHere12 is b045ab81-7d52-339a-aefb-2b47daa45916
[22:54:03] [Server thread/INFO]: YourTextHere12 joined the game
[22:54:03] [Server thread/INFO]: YourTextHere12[/186.79.124.37:35491] logged in with entity id 1 at ([world]1.3973069313844464, 143.0, 9.566801921811514)
[22:54:27] [Server thread/INFO]: YourTextHere12 issued server command: /register
[22:54:33] [Server thread/INFO]: YourTextHere12 lost connection: Tiempo de espera para inicio de sesión excedido
[22:54:33] [Server thread/INFO]: YourTextHere12 left the game.
[22:54:36] [User Authenticator #2/INFO]: UUID of player YourTextHere12 is b045ab81-7d52-339a-aefb-2b47daa45916
[22:54:36] [Server thread/INFO]: YourTextHere12 joined the game
[22:54:36] [Server thread/INFO]: YourTextHere12[/186.79.124.37:53113] logged in with entity id 2 at ([world]1.3973069313844464, 143.0, 9.566801921811514)
[22:54:43] [User Authenticator #3/INFO]: UUID of player QuememirasWeyxd is 6a92d0df-63ea-3276-adab-47fefa7f386f
[22:54:43] [Server thread/INFO]: QuememirasWeyxd joined the game
[22:54:43] [Server thread/INFO]: QuememirasWeyxd[/186.79.124.37:41117] logged in with entity id 3 at ([world]1.3973069313844464, 143.0, 9.566801921811514)
[22:54:55] [Server thread/INFO]: QuememirasWeyxd issued server command: /register
[22:55:06] [Server thread/INFO]: YourTextHere12 lost connection: Tiempo de espera para inicio de sesión excedido
[22:55:06] [Server thread/INFO]: YourTextHere12 left the game.
[22:55:11] [Server thread/INFO]: [AuthMe] QuememirasWeyxd registered 186.79.124.37
[22:55:11] [Craft Scheduler Thread - 7/INFO]: [AuthMe] QuememirasWeyxd logged in 186.79.124.37
[22:55:13] [Server thread/INFO]: QuememirasWeyxd lost connection: Disconnected
[22:55:13] [Server thread/INFO]: QuememirasWeyxd left the game
[22:55:13] [User Authenticator #4/INFO]: UUID of player YourTextHere12 is b045ab81-7d52-339a-aefb-2b47daa45916
[22:55:13] [Server thread/INFO]: YourTextHere12 joined the game
[22:55:13] [Server thread/INFO]: YourTextHere12[/186.79.124.37:46457] logged in with entity id 4 at ([world]1.3973069313844464, 143.0, 9.566801921811514)
[22:55:40] [Server thread/INFO]: [AuthMe] YourTextHere12 registered 186.79.124.37
[22:55:40] [Craft Scheduler Thread - 4/INFO]: [AuthMe] YourTextHere12 logged in 186.79.124.37
[22:55:41] [Server thread/INFO]: YourTextHere12 lost connection: Disconnected
[22:55:41] [Server thread/INFO]: YourTextHere12 left the game
[23:02:10] [User Authenticator #5/INFO]: UUID of player YourTextHere12 is b045ab81-7d52-339a-aefb-2b47daa45916
[23:02:10] [Server thread/INFO]: YourTextHere12 joined the game
[23:02:10] [Server thread/INFO]: YourTextHere12[/186.79.124.37:35285] logged in with entity id 5 at ([world]1.3973069313844464, 143.0, 9.566801921811514)
[23:02:23] [Craft Scheduler Thread - 9/INFO]: [AuthMe] YourTextHere12 logged in 186.79.124.37
[23:02:24] [Server thread/INFO]: YourTextHere12 lost connection: Disconnected
[23:02:24] [Server thread/INFO]: YourTextHere12 left the game
[23:03:38] [User Authenticator #6/INFO]: UUID of player QuememirasWeyxd is 6a92d0df-63ea-3276-adab-47fefa7f386f
[23:03:38] [Server thread/INFO]: QuememirasWeyxd joined the game
[23:03:38] [Server thread/INFO]: QuememirasWeyxd[/186.79.124.37:53449] logged in with entity id 6 at ([world]1.3973069313844464, 143.0, 9.566801921811514)
[23:04:08] [Server thread/INFO]: QuememirasWeyxd lost connection: Tiempo de espera para inicio de sesión excedido
[23:04:08] [Server thread/INFO]: QuememirasWeyxd left the game.
[23:04:17] [User Authenticator #7/INFO]: UUID of player QuememirasWeyxd is 6a92d0df-63ea-3276-adab-47fefa7f386f
[23:04:17] [Server thread/INFO]: QuememirasWeyxd joined the game
[23:04:17] [Server thread/INFO]: QuememirasWeyxd[/186.79.124.37:32947] logged in with entity id 7 at ([world]1.3973069313844464, 143.0, 9.566801921811514)
[23:04:29] [Craft Scheduler Thread - 13/INFO]: [AuthMe] QuememirasWeyxd logged in 186.79.124.37
[23:04:30] [Server thread/INFO]: QuememirasWeyxd lost connection: Disconnected
[23:04:30] [Server thread/INFO]: QuememirasWeyxd left the game
