[01:31:00] [ServerMain/INFO]: Environment: authHost='https://authserver.mojang.com', accountsHost='https://api.mojang.com', sessionHost='https://sessionserver.mojang.com', servicesHost='https://api.minecraftservices.com', name='PROD'
[01:31:01] [ServerMain/INFO]: Loaded 7 recipes
[01:31:02] [Server thread/INFO]: Starting minecraft server version 1.20.1
[01:31:02] [Server thread/INFO]: Loading properties
[01:31:02] [Server thread/INFO]: This server is running CraftBukkit version 3871-Spigot-d2eba2c-3f9263b (MC: 1.20.1) (Implementing API version 1.20.1-R0.1-SNAPSHOT)
[01:31:03] [Server thread/INFO]: Debug logging is disabled
[01:31:03] [Server thread/INFO]: Server Ping Player Sample Count: 12
[01:31:03] [Server thread/INFO]: Using 4 threads for Netty based IO
[01:31:03] [Server thread/INFO]: Default game type: SURVIVAL
[01:31:03] [Server thread/INFO]: Generating keypair
[01:31:03] [Server thread/INFO]: Starting Minecraft server on 0.0.0.0:27012
[01:31:03] [Server thread/INFO]: Using epoll channel type
[01:31:03] [Server thread/WARN]: Initializing Legacy Material Support. Unless you have legacy plugins and/or data this is a bug!
[01:31:07] [Server thread/WARN]: Legacy plugin VoidWorld v1.0 does not specify an api-version.
[01:31:07] [Server thread/INFO]: [Vault] Loading Vault v1.7.3-b131
[01:31:07] [Server thread/INFO]: [VoidWorld] Loading VoidWorld v1.0
[01:31:07] [Server thread/INFO]: [Multiverse-Core] Loading Multiverse-Core v4.3.12
[01:31:07] [Server thread/INFO]: [ProtocolLib] Loading ProtocolLib v5.1.0
[01:31:08] [Server thread/INFO]: [AuthMe] Loading AuthMe v5.6.0-SNAPSHOT-b2614
[01:31:08] [Server thread/INFO]: [WorldEdit] Loading WorldEdit v7.2.17+6544-56d0383
[01:31:09] [Server thread/INFO]: Got request to register class com.sk89q.worldedit.bukkit.BukkitServerInterface with WorldEdit [com.sk89q.worldedit.extension.platform.PlatformManager@789225d8]
[01:31:09] [Server thread/INFO]: [DecentHolograms] Loading DecentHolograms v2.8.4
[01:31:09] [Server thread/INFO]: [WorldGuard] Loading WorldGuard v7.0.9+5934e49
[01:31:09] [Server thread/INFO]: [Vault] Enabling Vault v1.7.3-b131
[01:31:09] [Server thread/INFO]: [Vault] [Permission] SuperPermissions loaded as backup permission system.
[01:31:09] [Server thread/INFO]: [Vault] Enabled Version 1.7.3-b131
[01:31:09] [Server thread/INFO]: [VoidWorld] Enabling VoidWorld v1.0
[01:31:09] [Server thread/INFO]: [ProtocolLib] Enabling ProtocolLib v5.1.0
[01:31:09] [Server thread/INFO]: [WorldEdit] Enabling WorldEdit v7.2.17+6544-56d0383
[01:31:09] [Server thread/INFO]: Registering commands with com.sk89q.worldedit.bukkit.BukkitServerInterface
[01:31:09] [Server thread/INFO]: WEPIF: Vault detected! Using Vault for permissions
[01:31:09] [Server thread/INFO]: Using com.sk89q.worldedit.bukkit.adapter.impl.v1_20_R1.PaperweightAdapter as the Bukkit adapter
[01:31:10] [Server thread/INFO]: [WorldEdit] ====================================================
[01:31:10] [Server thread/INFO]: [WorldEdit]  WorldEdit works better if you use Paper 
[01:31:10] [Server thread/INFO]: [WorldEdit]  as your server software. 
[01:31:10] [Server thread/INFO]: [WorldEdit]   
[01:31:10] [Server thread/INFO]: [WorldEdit]  Paper offers significant performance improvements,
[01:31:10] [Server thread/INFO]: [WorldEdit]  bug fixes, security enhancements and optional
[01:31:10] [Server thread/INFO]: [WorldEdit]  features for server owners to enhance their server.
[01:31:10] [Server thread/INFO]: [WorldEdit]   
[01:31:10] [Server thread/INFO]: [WorldEdit]  Paper includes Timings v2, which is significantly
[01:31:10] [Server thread/INFO]: [WorldEdit]  better at diagnosing lag problems over v1.
[01:31:10] [Server thread/INFO]: [WorldEdit]   
[01:31:10] [Server thread/INFO]: [WorldEdit]  All of your plugins should still work, and the
[01:31:10] [Server thread/INFO]: [WorldEdit]  Paper community will gladly help you fix any issues.
[01:31:10] [Server thread/INFO]: [WorldEdit]   
[01:31:10] [Server thread/INFO]: [WorldEdit]  Join the Paper Community @ https://papermc.io
[01:31:10] [Server thread/INFO]: [WorldEdit] ====================================================
[01:31:10] [Server thread/WARN]: **** SERVER IS RUNNING IN OFFLINE/INSECURE MODE!
[01:31:10] [Server thread/WARN]: The server will make no attempt to authenticate usernames. Beware.
[01:31:10] [Server thread/WARN]: Whilst this makes it possible to use BungeeCord, unless access to your server is properly restricted, it also opens up the ability for hackers to connect with any username they choose.
[01:31:10] [Server thread/WARN]: Please see http://www.spigotmc.org/wiki/firewall-guide/ for further information.
[01:31:10] [Server thread/WARN]: To change this, set "online-mode" to "true" in the server.properties file.
[01:31:10] [Server thread/INFO]: Preparing level "world"
[01:31:10] [Server thread/INFO]: -------- World Settings For [world] --------
[01:31:10] [Server thread/INFO]: Item Merge Radius: 2.5
[01:31:10] [Server thread/INFO]: Item Despawn Rate: 6000
[01:31:10] [Server thread/INFO]: View Distance: 10
[01:31:10] [Server thread/INFO]: Simulation Distance: 10
[01:31:10] [Server thread/INFO]: Allow Zombie Pigmen to spawn from portal blocks: true
[01:31:10] [Server thread/INFO]: Arrow Despawn Rate: 1200 Trident Respawn Rate:1200
[01:31:10] [Server thread/INFO]: Zombie Aggressive Towards Villager: true
[01:31:10] [Server thread/INFO]: Nerfing mobs spawned from spawners: false
[01:31:10] [Server thread/INFO]: Mob Spawn Range: 6
[01:31:10] [Server thread/INFO]: Experience Merge Radius: 3.0
[01:31:10] [Server thread/INFO]: Custom Map Seeds:  Village: 10387312 Desert: 14357617 Igloo: 14357618 Jungle: 14357619 Swamp: 14357620 Monument: 10387313 Ocean: 14357621 Shipwreck: 165745295 End City: 10387313 Slime: 987234911 Nether: 30084232 Mansion: 10387319 Fossil: 14357921 Portal: 34222645
[01:31:10] [Server thread/INFO]: Max TNT Explosions: 100
[01:31:10] [Server thread/INFO]: Tile Max Tick Time: 50ms Entity max Tick Time: 50ms
[01:31:10] [Server thread/INFO]: Cactus Growth Modifier: 100%
[01:31:10] [Server thread/INFO]: Cane Growth Modifier: 100%
[01:31:10] [Server thread/INFO]: Melon Growth Modifier: 100%
[01:31:10] [Server thread/INFO]: Mushroom Growth Modifier: 100%
[01:31:10] [Server thread/INFO]: Pumpkin Growth Modifier: 100%
[01:31:10] [Server thread/INFO]: Sapling Growth Modifier: 100%
[01:31:10] [Server thread/INFO]: Beetroot Growth Modifier: 100%
[01:31:10] [Server thread/INFO]: Carrot Growth Modifier: 100%
[01:31:10] [Server thread/INFO]: Potato Growth Modifier: 100%
[01:31:10] [Server thread/INFO]: Wheat Growth Modifier: 100%
[01:31:10] [Server thread/INFO]: NetherWart Growth Modifier: 100%
[01:31:10] [Server thread/INFO]: Vine Growth Modifier: 100%
[01:31:10] [Server thread/INFO]: Cocoa Growth Modifier: 100%
[01:31:10] [Server thread/INFO]: Bamboo Growth Modifier: 100%
[01:31:10] [Server thread/INFO]: SweetBerry Growth Modifier: 100%
[01:31:10] [Server thread/INFO]: Kelp Growth Modifier: 100%
[01:31:10] [Server thread/INFO]: TwistingVines Growth Modifier: 100%
[01:31:10] [Server thread/INFO]: WeepingVines Growth Modifier: 100%
[01:31:10] [Server thread/INFO]: CaveVines Growth Modifier: 100%
[01:31:10] [Server thread/INFO]: Entity Activation Range: An 32 / Mo 32 / Ra 48 / Mi 16 / Tiv true / Isa false
[01:31:10] [Server thread/INFO]: Entity Tracking Range: Pl 48 / An 48 / Mo 48 / Mi 32 / Di 128 / Other 64
[01:31:10] [Server thread/INFO]: Hopper Transfer: 8 Hopper Check: 1 Hopper Amount: 1 Hopper Can Load Chunks: false
[01:31:11] [Server thread/INFO]: Preparing start region for dimension minecraft:overworld
[01:31:13] [Worker-Main-1/INFO]: Preparing spawn area: 0%
[01:31:13] [Worker-Main-1/INFO]: Preparing spawn area: 0%
[01:31:13] [Worker-Main-1/INFO]: Preparing spawn area: 0%
[01:31:13] [Worker-Main-1/INFO]: Preparing spawn area: 0%
[01:31:13] [Worker-Main-4/INFO]: Preparing spawn area: 0%
[01:31:13] [Worker-Main-10/INFO]: Preparing spawn area: 0%
[01:31:14] [Worker-Main-18/INFO]: Preparing spawn area: 11%
[01:31:14] [Worker-Main-10/INFO]: Preparing spawn area: 56%
[01:31:15] [Server thread/INFO]: Time elapsed: 3969 ms
[01:31:15] [Server thread/INFO]: [Multiverse-Core] Enabling Multiverse-Core v4.3.12
[01:31:15] [Server thread/WARN]: [Multiverse-Core] "Multiverse-Core v4.3.12" has registered a listener for org.bukkit.event.entity.EntityCreatePortalEvent on method "public void com.onarandombox.MultiverseCore.listeners.MVPortalListener.entityPortalCreate(org.bukkit.event.entity.EntityCreatePortalEvent)", but the event is Deprecated. "Server performance will be affected"; please notify the authors [dumptruckman, Rigby, fernferret, lithium3141, main--].
[01:31:15] [Server thread/INFO]: [Multiverse-Core] §aWe are aware of the warning about the deprecated event. There is no alternative that allows us to do what we need to do and performance impact is negligible. It is safe to ignore.
[01:31:15] [Server thread/INFO]: [Multiverse-Core] 1 - World(s) loaded.
[01:31:15] [Server thread/WARN]: [Multiverse-Core] Buscript failed to load! The script command will be disabled! If you would like not to see this message, use `/mv conf enablebuscript false` to disable Buscript from loading.
[01:31:15] [Server thread/INFO]: [Multiverse-Core] Version 4.3.12 (API v24) Enabled - By dumptruckman, Rigby, fernferret, lithium3141 and main--
[01:31:15] [Server thread/INFO]: [AuthMe] Enabling AuthMe v5.6.0-SNAPSHOT-b2614
[01:31:15] [Server thread/INFO]: [AuthMe] Created column 'regdate' and set the current timestamp, 1697949075959, to all 0 rows
[01:31:16] [Server thread/INFO]: [AuthMe] SQLite Setup finished
[01:31:16] [Server thread/INFO]: [AuthMe] Hooked into Vault!
[01:31:16] [Server thread/INFO]: [AuthMe] Hooked successfully into Multiverse-Core
[01:31:16] [Server thread/WARN]: [AuthMe] Note: Hooks.bungeecord is set to false but your server appears to be running in bungeecord mode (see your spigot.yml). In order to allow the datasource caching and the AuthMeBungee add-on to work properly you have to enable this option!
[01:31:16] [Server thread/INFO]: [AuthMe] AuthMe 5.6.0-SNAPSHOT build n.2614 successfully enabled!
[01:31:16] [Server thread/INFO]: [DecentHolograms] Enabling DecentHolograms v2.8.4
[01:31:16] [Server thread/INFO]: [DecentHolograms] Using ProtocolLib for packet listening.
[01:31:16] [Server thread/INFO]: [WorldGuard] Enabling WorldGuard v7.0.9+5934e49
[01:31:16] [Server thread/INFO]: [WorldGuard] (world) TNT ignition is PERMITTED.
[01:31:16] [Server thread/INFO]: [WorldGuard] (world) Lighters are PERMITTED.
[01:31:16] [Server thread/INFO]: [WorldGuard] (world) Lava fire is PERMITTED.
[01:31:16] [Server thread/INFO]: [WorldGuard] (world) Fire spread is UNRESTRICTED.
[01:31:16] [Server thread/INFO]: [WorldGuard] Loaded configuration for world 'world'
[01:31:16] [Server thread/INFO]: [WorldGuard] Loading region data...
[01:31:17] [Server thread/INFO]: Server permissions file permissions.yml is empty, ignoring it
[01:31:17] [Server thread/INFO]: Done (6.663s)! For help, type "help"
[01:31:17] [Craft Scheduler Thread - 1/INFO]: [AuthMe] Downloading GEO IP database, because the old database is older than 30 days or doesn't exist
[01:31:17] [Craft Scheduler Thread - 1/WARN]: [AuthMe] No MaxMind credentials found in the configuration file! GeoIp protections will be disabled.
[01:31:17] [Craft Scheduler Thread - 1/INFO]: [AuthMe] There is no newer GEO IP database uploaded to MaxMind. Using the old one for now.
[01:31:17] [Craft Scheduler Thread - 2/INFO]: [Vault] Checking for Updates ... 
[01:31:17] [Craft Scheduler Thread - 1/WARN]: [AuthMe] Could not download GeoLiteAPI database [FileNotFoundException]: plugins/AuthMe/GeoLite2-Country.mmdb (No such file or directory)
[01:31:21] [Craft Scheduler Thread - 2/INFO]: [Vault] No new version available
[01:32:59] [User Authenticator #1/INFO]: UUID of player Indominux is 9fe6f167-3d29-33e1-9d7d-983eb4300bbc
[01:33:00] [Server thread/INFO]: Indominux joined the game
[01:33:00] [Server thread/INFO]: Indominux[/186.54.231.140:52749] logged in with entity id 1 at ([world]2.5, 142.0, 13.5)
[01:33:30] [Server thread/INFO]: Indominux lost connection: Login timeout exceeded, you have been kicked from the server, please try again!
[01:33:30] [Server thread/INFO]: Indominux left the game.
[01:33:43] [User Authenticator #2/INFO]: UUID of player Indominux is 9fe6f167-3d29-33e1-9d7d-983eb4300bbc
[01:33:43] [Server thread/INFO]: Indominux joined the game
[01:33:43] [Server thread/INFO]: Indominux[/186.54.231.140:32845] logged in with entity id 2 at ([world]2.5, 142.0, 13.5)
[01:33:56] [Server thread/INFO]: Indominux lost connection: Disconnected
[01:33:56] [Server thread/INFO]: Indominux left the game
[01:34:24] [User Authenticator #3/INFO]: UUID of player Indominux is 9fe6f167-3d29-33e1-9d7d-983eb4300bbc
[01:34:24] [Server thread/INFO]: Indominux joined the game
[01:34:24] [Server thread/INFO]: Indominux[/186.54.231.140:59235] logged in with entity id 3 at ([world]2.5, 142.0, 13.5)
[01:34:50] [Server thread/INFO]: Indominux lost connection: Disconnected
[01:34:50] [Server thread/INFO]: Indominux left the game
[01:49:34] [Server thread/INFO]: Stopping the server
[01:49:34] [Server thread/INFO]: Stopping server
[01:49:34] [Server thread/INFO]: [WorldGuard] Disabling WorldGuard v7.0.9+5934e49
[01:49:34] [Server thread/INFO]: [WorldGuard] Shutting down executor and cancelling any pending tasks...
[01:49:34] [Server thread/INFO]: [DecentHolograms] Disabling DecentHolograms v2.8.4
[01:49:34] [Server thread/INFO]: [WorldEdit] Disabling WorldEdit v7.2.17+6544-56d0383
[01:49:34] [Server thread/INFO]: Unregistering com.sk89q.worldedit.bukkit.BukkitServerInterface from WorldEdit
[01:49:34] [Server thread/INFO]: [AuthMe] Disabling AuthMe v5.6.0-SNAPSHOT-b2614
[01:49:34] [Server thread/INFO]: [AuthMe] Waiting for 0 tasks to finish
[01:49:34] [Server thread/INFO]: [AuthMe] AuthMe 5.6.0-SNAPSHOT-b2614 disabled!
[01:49:34] [Server thread/INFO]: [ProtocolLib] Disabling ProtocolLib v5.1.0
[01:49:34] [Server thread/INFO]: [Multiverse-Core] Disabling Multiverse-Core v4.3.12
[01:49:34] [Server thread/INFO]: [VoidWorld] Disabling VoidWorld v1.0
[01:49:34] [Server thread/INFO]: [Vault] Disabling Vault v1.7.3-b131
[01:49:34] [Server thread/INFO]: Saving players
[01:49:34] [Server thread/INFO]: Saving worlds
[01:49:35] [Server thread/INFO]: Saving chunks for level 'ServerLevel[world]'/minecraft:overworld
[01:49:47] [Server thread/INFO]: ThreadedAnvilChunkStorage (world): All chunks are saved
[01:49:47] [Server thread/INFO]: ThreadedAnvilChunkStorage: All dimensions are saved
