[05:36:12] [Craft Scheduler Thread - 1233/INFO]: [Vault] Checking for Updates ... 
[05:36:16] [Craft Scheduler Thread - 1233/INFO]: [Vault] No new version available
[11:36:12] [Craft Scheduler Thread - 1305/INFO]: [Vault] Checking for Updates ... 
[11:36:16] [Craft Scheduler Thread - 1305/INFO]: [Vault] No new version available
[17:36:12] [Craft Scheduler Thread - 1377/INFO]: [Vault] Checking for Updates ... 
[17:36:16] [Craft Scheduler Thread - 1377/INFO]: [Vault] No new version available
[23:34:10] [Server thread/INFO]: Stopping the server
[23:34:10] [Server thread/INFO]: Stopping server
[23:34:10] [Server thread/INFO]: [WorldGuard] Disabling WorldGuard v7.0.9+5934e49
[23:34:10] [Server thread/INFO]: [WorldGuard] Shutting down executor and cancelling any pending tasks...
[23:34:10] [Server thread/INFO]: [DecentHolograms] Disabling DecentHolograms v2.8.4
[23:34:10] [Server thread/INFO]: [WorldEdit] Disabling WorldEdit v7.2.17+6544-56d0383
[23:34:10] [Server thread/INFO]: Unregistering com.sk89q.worldedit.bukkit.BukkitServerInterface from WorldEdit
[23:34:10] [Server thread/INFO]: [AuthMe] Disabling AuthMe v5.6.0-SNAPSHOT-b2614
[23:34:10] [Server thread/INFO]: [AuthMe] Waiting for 0 tasks to finish
[23:34:10] [Server thread/WARN]: [Server thread] INFO fr.xephi.authme.libs.com.zaxxer.hikari.HikariDataSource - AuthMeMYSQLPool - Shutdown initiated...
[23:34:10] [Server thread/WARN]: [Server thread] INFO fr.xephi.authme.libs.com.zaxxer.hikari.HikariDataSource - AuthMeMYSQLPool - Shutdown completed.
[23:34:10] [Server thread/INFO]: [AuthMe] AuthMe 5.6.0-SNAPSHOT-b2614 disabled!
[23:34:10] [Server thread/INFO]: [ProtocolLib] Disabling ProtocolLib v5.1.0
[23:34:10] [Server thread/INFO]: [Multiverse-Core] Disabling Multiverse-Core v4.3.12
[23:34:10] [Server thread/INFO]: [VoidWorld] Disabling VoidWorld v1.0
[23:34:10] [Server thread/INFO]: [Vault] Disabling Vault v1.7.3-b131
[23:34:10] [Server thread/INFO]: Saving players
[23:34:11] [Server thread/INFO]: Saving worlds
[23:34:11] [Server thread/INFO]: Saving chunks for level 'ServerLevel[world]'/minecraft:overworld
[23:34:24] [Server thread/INFO]: ThreadedAnvilChunkStorage (world): All chunks are saved
[23:34:24] [Server thread/INFO]: ThreadedAnvilChunkStorage: All dimensions are saved
