[14:30:04] [ServerMain/INFO]: Environment: authHost='https://authserver.mojang.com', accountsHost='https://api.mojang.com', sessionHost='https://sessionserver.mojang.com', servicesHost='https://api.minecraftservices.com', name='PROD'
[14:30:06] [ServerMain/INFO]: Loaded 7 recipes
[14:30:07] [Server thread/INFO]: Starting minecraft server version 1.20.1
[14:30:07] [Server thread/INFO]: Loading properties
[14:30:07] [Server thread/INFO]: This server is running CraftBukkit version 3871-Spigot-d2eba2c-3f9263b (MC: 1.20.1) (Implementing API version 1.20.1-R0.1-SNAPSHOT)
[14:30:07] [Server thread/INFO]: Debug logging is disabled
[14:30:07] [Server thread/INFO]: Server Ping Player Sample Count: 12
[14:30:07] [Server thread/INFO]: Using 4 threads for Netty based IO
[14:30:07] [Server thread/INFO]: Default game type: SURVIVAL
[14:30:07] [Server thread/INFO]: Generating keypair
[14:30:07] [Server thread/INFO]: Starting Minecraft server on 0.0.0.0:27012
[14:30:07] [Server thread/INFO]: Using epoll channel type
[14:30:08] [Server thread/INFO]: [Multiverse-Core] Loading Multiverse-Core v4.3.12
[14:30:08] [Server thread/WARN]: **** SERVER IS RUNNING IN OFFLINE/INSECURE MODE!
[14:30:08] [Server thread/WARN]: The server will make no attempt to authenticate usernames. Beware.
[14:30:08] [Server thread/WARN]: Whilst this makes it possible to use BungeeCord, unless access to your server is properly restricted, it also opens up the ability for hackers to connect with any username they choose.
[14:30:08] [Server thread/WARN]: Please see http://www.spigotmc.org/wiki/firewall-guide/ for further information.
[14:30:08] [Server thread/WARN]: To change this, set "online-mode" to "true" in the server.properties file.
[14:30:08] [Server thread/INFO]: Preparing level "world"
[14:30:08] [Server thread/INFO]: -------- World Settings For [world] --------
[14:30:08] [Server thread/INFO]: Entity Activation Range: An 32 / Mo 32 / Ra 48 / Mi 16 / Tiv true / Isa false
[14:30:08] [Server thread/INFO]: Entity Tracking Range: Pl 48 / An 48 / Mo 48 / Mi 32 / Di 128 / Other 64
[14:30:08] [Server thread/INFO]: Hopper Transfer: 8 Hopper Check: 1 Hopper Amount: 1 Hopper Can Load Chunks: false
[14:30:08] [Server thread/INFO]: Experience Merge Radius: 3.0
[14:30:08] [Server thread/INFO]: Mob Spawn Range: 6
[14:30:08] [Server thread/INFO]: Cactus Growth Modifier: 100%
[14:30:08] [Server thread/INFO]: Cane Growth Modifier: 100%
[14:30:08] [Server thread/INFO]: Melon Growth Modifier: 100%
[14:30:08] [Server thread/INFO]: Mushroom Growth Modifier: 100%
[14:30:08] [Server thread/INFO]: Pumpkin Growth Modifier: 100%
[14:30:08] [Server thread/INFO]: Sapling Growth Modifier: 100%
[14:30:08] [Server thread/INFO]: Beetroot Growth Modifier: 100%
[14:30:08] [Server thread/INFO]: Carrot Growth Modifier: 100%
[14:30:08] [Server thread/INFO]: Potato Growth Modifier: 100%
[14:30:08] [Server thread/INFO]: Wheat Growth Modifier: 100%
[14:30:08] [Server thread/INFO]: NetherWart Growth Modifier: 100%
[14:30:08] [Server thread/INFO]: Vine Growth Modifier: 100%
[14:30:08] [Server thread/INFO]: Cocoa Growth Modifier: 100%
[14:30:08] [Server thread/INFO]: Bamboo Growth Modifier: 100%
[14:30:08] [Server thread/INFO]: SweetBerry Growth Modifier: 100%
[14:30:08] [Server thread/INFO]: Kelp Growth Modifier: 100%
[14:30:08] [Server thread/INFO]: TwistingVines Growth Modifier: 100%
[14:30:08] [Server thread/INFO]: WeepingVines Growth Modifier: 100%
[14:30:08] [Server thread/INFO]: CaveVines Growth Modifier: 100%
[14:30:08] [Server thread/INFO]: Custom Map Seeds:  Village: 10387312 Desert: 14357617 Igloo: 14357618 Jungle: 14357619 Swamp: 14357620 Monument: 10387313 Ocean: 14357621 Shipwreck: 165745295 End City: 10387313 Slime: 987234911 Nether: 30084232 Mansion: 10387319 Fossil: 14357921 Portal: 34222645
[14:30:08] [Server thread/INFO]: Max TNT Explosions: 100
[14:30:08] [Server thread/INFO]: Tile Max Tick Time: 50ms Entity max Tick Time: 50ms
[14:30:08] [Server thread/INFO]: Nerfing mobs spawned from spawners: false
[14:30:08] [Server thread/INFO]: Zombie Aggressive Towards Villager: true
[14:30:08] [Server thread/INFO]: Item Merge Radius: 2.5
[14:30:08] [Server thread/INFO]: Item Despawn Rate: 6000
[14:30:08] [Server thread/INFO]: View Distance: 10
[14:30:08] [Server thread/INFO]: Simulation Distance: 10
[14:30:08] [Server thread/INFO]: Allow Zombie Pigmen to spawn from portal blocks: true
[14:30:08] [Server thread/INFO]: Arrow Despawn Rate: 1200 Trident Respawn Rate:1200
[14:30:08] [Server thread/INFO]: Preparing start region for dimension minecraft:overworld
[14:30:12] [Worker-Main-17/INFO]: Preparing spawn area: 0%
[14:30:12] [Worker-Main-9/INFO]: Preparing spawn area: 0%
[14:30:12] [Worker-Main-9/INFO]: Preparing spawn area: 0%
[14:30:12] [Worker-Main-9/INFO]: Preparing spawn area: 0%
[14:30:12] [Worker-Main-19/INFO]: Preparing spawn area: 0%
[14:30:12] [Worker-Main-19/INFO]: Preparing spawn area: 0%
[14:30:12] [Worker-Main-19/INFO]: Preparing spawn area: 0%
[14:30:12] [Worker-Main-19/INFO]: Preparing spawn area: 0%
[14:30:12] [Worker-Main-23/INFO]: Preparing spawn area: 0%
[14:30:13] [Worker-Main-14/INFO]: Preparing spawn area: 28%
[14:30:13] [Worker-Main-12/INFO]: Preparing spawn area: 75%
[14:30:13] [Server thread/INFO]: Time elapsed: 5297 ms
[14:30:13] [Server thread/INFO]: [Multiverse-Core] Enabling Multiverse-Core v4.3.12
[14:30:14] [Server thread/WARN]: [Multiverse-Core] "Multiverse-Core v4.3.12" has registered a listener for org.bukkit.event.entity.EntityCreatePortalEvent on method "public void com.onarandombox.MultiverseCore.listeners.MVPortalListener.entityPortalCreate(org.bukkit.event.entity.EntityCreatePortalEvent)", but the event is Deprecated. "Server performance will be affected"; please notify the authors [dumptruckman, Rigby, fernferret, lithium3141, main--].
[14:30:14] [Server thread/INFO]: [Multiverse-Core] §aWe are aware of the warning about the deprecated event. There is no alternative that allows us to do what we need to do and performance impact is negligible. It is safe to ignore.
[14:30:14] [Server thread/WARN]: [Multiverse-Core] Cannot load worlds.yml
[14:30:14] [Server thread/INFO]: [Multiverse-Core] Loading World & Settings - 'world' - Env: NORMAL - Type: NORMAL & seed: -7005476891882039044
[14:30:14] [Server thread/INFO]: [Multiverse-Core] 1 - World(s) loaded.
[14:30:14] [Server thread/WARN]: [Multiverse-Core] Buscript failed to load! The script command will be disabled! If you would like not to see this message, use `/mv conf enablebuscript false` to disable Buscript from loading.
[14:30:14] [Server thread/INFO]: [Multiverse-Core] Version 4.3.12 (API v24) Enabled - By dumptruckman, Rigby, fernferret, lithium3141 and main--
[14:30:14] [Server thread/INFO]: Server permissions file permissions.yml is empty, ignoring it
[14:30:14] [Server thread/INFO]: Done (5.851s)! For help, type "help"
[23:32:58] [Server thread/INFO]: Stopping the server
[23:32:58] [Server thread/INFO]: Stopping server
[23:32:58] [Server thread/INFO]: [Multiverse-Core] Disabling Multiverse-Core v4.3.12
[23:32:58] [Server thread/INFO]: Saving players
[23:32:58] [Server thread/INFO]: Saving worlds
[23:33:00] [Server thread/INFO]: Saving chunks for level 'ServerLevel[world]'/minecraft:overworld
[23:33:16] [Server thread/INFO]: ThreadedAnvilChunkStorage (world): All chunks are saved
[23:33:16] [Server thread/INFO]: ThreadedAnvilChunkStorage: All dimensions are saved
