[00:15:23] [User Authenticator #3/WARN]: [User Authenticator #3] WARN fr.xephi.authme.libs.com.zaxxer.hikari.pool.PoolBase - AuthMeMYSQLPool - Failed to validate connection fr.xephi.authme.libs.com.mysql.cj.jdbc.ConnectionImpl@58923242 (No operations allowed after connection closed.). Possibly consider using a shorter maxLifetime value.
[00:15:23] [User Authenticator #3/WARN]: [User Authenticator #3] WARN fr.xephi.authme.libs.com.zaxxer.hikari.pool.PoolBase - AuthMeMYSQLPool - Failed to validate connection fr.xephi.authme.libs.com.mysql.cj.jdbc.ConnectionImpl@2e09c350 (No operations allowed after connection closed.). Possibly consider using a shorter maxLifetime value.
[00:15:23] [User Authenticator #3/WARN]: [User Authenticator #3] WARN fr.xephi.authme.libs.com.zaxxer.hikari.pool.PoolBase - AuthMeMYSQLPool - Failed to validate connection fr.xephi.authme.libs.com.mysql.cj.jdbc.ConnectionImpl@6600b4c6 (No operations allowed after connection closed.). Possibly consider using a shorter maxLifetime value.
[00:15:23] [User Authenticator #3/WARN]: [User Authenticator #3] WARN fr.xephi.authme.libs.com.zaxxer.hikari.pool.PoolBase - AuthMeMYSQLPool - Failed to validate connection fr.xephi.authme.libs.com.mysql.cj.jdbc.ConnectionImpl@361b9552 (No operations allowed after connection closed.). Possibly consider using a shorter maxLifetime value.
[00:15:23] [User Authenticator #3/WARN]: [User Authenticator #3] WARN fr.xephi.authme.libs.com.zaxxer.hikari.pool.PoolBase - AuthMeMYSQLPool - Failed to validate connection fr.xephi.authme.libs.com.mysql.cj.jdbc.ConnectionImpl@56559064 (No operations allowed after connection closed.). Possibly consider using a shorter maxLifetime value.
[00:15:23] [User Authenticator #3/WARN]: [User Authenticator #3] WARN fr.xephi.authme.libs.com.zaxxer.hikari.pool.PoolBase - AuthMeMYSQLPool - Failed to validate connection fr.xephi.authme.libs.com.mysql.cj.jdbc.ConnectionImpl@3626cabd (No operations allowed after connection closed.). Possibly consider using a shorter maxLifetime value.
[00:15:23] [User Authenticator #3/WARN]: [User Authenticator #3] WARN fr.xephi.authme.libs.com.zaxxer.hikari.pool.PoolBase - AuthMeMYSQLPool - Failed to validate connection fr.xephi.authme.libs.com.mysql.cj.jdbc.ConnectionImpl@5563ee3b (No operations allowed after connection closed.). Possibly consider using a shorter maxLifetime value.
[00:15:23] [User Authenticator #3/WARN]: [User Authenticator #3] WARN fr.xephi.authme.libs.com.zaxxer.hikari.pool.PoolBase - AuthMeMYSQLPool - Failed to validate connection fr.xephi.authme.libs.com.mysql.cj.jdbc.ConnectionImpl@3f3840c0 (No operations allowed after connection closed.). Possibly consider using a shorter maxLifetime value.
[00:15:23] [User Authenticator #3/WARN]: [User Authenticator #3] WARN fr.xephi.authme.libs.com.zaxxer.hikari.pool.PoolBase - AuthMeMYSQLPool - Failed to validate connection fr.xephi.authme.libs.com.mysql.cj.jdbc.ConnectionImpl@451421f3 (No operations allowed after connection closed.). Possibly consider using a shorter maxLifetime value.
[00:15:23] [User Authenticator #3/WARN]: [User Authenticator #3] WARN fr.xephi.authme.libs.com.zaxxer.hikari.pool.PoolBase - AuthMeMYSQLPool - Failed to validate connection fr.xephi.authme.libs.com.mysql.cj.jdbc.ConnectionImpl@456768ce (No operations allowed after connection closed.). Possibly consider using a shorter maxLifetime value.
[00:15:23] [User Authenticator #3/INFO]: UUID of player Indominux is 9fe6f167-3d29-33e1-9d7d-983eb4300bbc
[00:15:23] [Server thread/INFO]: Indominux joined the game
[00:15:23] [Server thread/INFO]: Indominux[/179.25.78.229:45331] logged in with entity id 3 at ([world]1.3973069313844464, 143.0, 9.566801921811514)
[00:15:31] [Server thread/INFO]: Indominux lost connection: Disconnected
[00:15:31] [Server thread/INFO]: Indominux left the game
[00:15:32] [User Authenticator #4/INFO]: UUID of player Indominux is 9fe6f167-3d29-33e1-9d7d-983eb4300bbc
[00:15:32] [Server thread/INFO]: Indominux joined the game
[00:15:32] [Server thread/INFO]: Indominux[/179.25.78.229:49477] logged in with entity id 4 at ([world]1.3973069313844464, 143.0, 9.566801921811514)
[00:15:40] [Craft Scheduler Thread - 8/INFO]: [AuthMe] Indominux logged in 179.25.78.229
[00:15:41] [Server thread/INFO]: Indominux lost connection: Disconnected
[00:15:41] [Server thread/INFO]: Indominux left the game
[05:58:44] [Craft Scheduler Thread - 76/INFO]: [Vault] Checking for Updates ... 
[05:58:44] [Craft Scheduler Thread - 76/INFO]: [Vault] No new version available
[08:31:09] [User Authenticator #5/WARN]: [User Authenticator #5] WARN fr.xephi.authme.libs.com.zaxxer.hikari.pool.PoolBase - AuthMeMYSQLPool - Failed to validate connection fr.xephi.authme.libs.com.mysql.cj.jdbc.ConnectionImpl@4ba6893f (No operations allowed after connection closed.). Possibly consider using a shorter maxLifetime value.
[08:31:09] [User Authenticator #5/WARN]: [User Authenticator #5] WARN fr.xephi.authme.libs.com.zaxxer.hikari.pool.PoolBase - AuthMeMYSQLPool - Failed to validate connection fr.xephi.authme.libs.com.mysql.cj.jdbc.ConnectionImpl@415ee24f (No operations allowed after connection closed.). Possibly consider using a shorter maxLifetime value.
[08:31:09] [User Authenticator #5/WARN]: [User Authenticator #5] WARN fr.xephi.authme.libs.com.zaxxer.hikari.pool.PoolBase - AuthMeMYSQLPool - Failed to validate connection fr.xephi.authme.libs.com.mysql.cj.jdbc.ConnectionImpl@45c6400 (No operations allowed after connection closed.). Possibly consider using a shorter maxLifetime value.
[08:31:09] [User Authenticator #5/WARN]: [User Authenticator #5] WARN fr.xephi.authme.libs.com.zaxxer.hikari.pool.PoolBase - AuthMeMYSQLPool - Failed to validate connection fr.xephi.authme.libs.com.mysql.cj.jdbc.ConnectionImpl@7b4cfac5 (No operations allowed after connection closed.). Possibly consider using a shorter maxLifetime value.
[08:31:09] [User Authenticator #5/WARN]: [User Authenticator #5] WARN fr.xephi.authme.libs.com.zaxxer.hikari.pool.PoolBase - AuthMeMYSQLPool - Failed to validate connection fr.xephi.authme.libs.com.mysql.cj.jdbc.ConnectionImpl@35124321 (No operations allowed after connection closed.). Possibly consider using a shorter maxLifetime value.
[08:31:09] [User Authenticator #5/WARN]: [User Authenticator #5] WARN fr.xephi.authme.libs.com.zaxxer.hikari.pool.PoolBase - AuthMeMYSQLPool - Failed to validate connection fr.xephi.authme.libs.com.mysql.cj.jdbc.ConnectionImpl@3e88356 (No operations allowed after connection closed.). Possibly consider using a shorter maxLifetime value.
[08:31:09] [User Authenticator #5/WARN]: [User Authenticator #5] WARN fr.xephi.authme.libs.com.zaxxer.hikari.pool.PoolBase - AuthMeMYSQLPool - Failed to validate connection fr.xephi.authme.libs.com.mysql.cj.jdbc.ConnectionImpl@64739b4f (No operations allowed after connection closed.). Possibly consider using a shorter maxLifetime value.
[08:31:09] [User Authenticator #5/WARN]: [User Authenticator #5] WARN fr.xephi.authme.libs.com.zaxxer.hikari.pool.PoolBase - AuthMeMYSQLPool - Failed to validate connection fr.xephi.authme.libs.com.mysql.cj.jdbc.ConnectionImpl@7875cfd6 (No operations allowed after connection closed.). Possibly consider using a shorter maxLifetime value.
[08:31:09] [User Authenticator #5/WARN]: [User Authenticator #5] WARN fr.xephi.authme.libs.com.zaxxer.hikari.pool.PoolBase - AuthMeMYSQLPool - Failed to validate connection fr.xephi.authme.libs.com.mysql.cj.jdbc.ConnectionImpl@5f5980b2 (No operations allowed after connection closed.). Possibly consider using a shorter maxLifetime value.
[08:31:09] [User Authenticator #5/WARN]: [User Authenticator #5] WARN fr.xephi.authme.libs.com.zaxxer.hikari.pool.PoolBase - AuthMeMYSQLPool - Failed to validate connection fr.xephi.authme.libs.com.mysql.cj.jdbc.ConnectionImpl@18ec4a3c (No operations allowed after connection closed.). Possibly consider using a shorter maxLifetime value.
[08:31:09] [User Authenticator #5/INFO]: UUID of player alemarsiano is 0337aff9-4c8d-3444-a5d9-11317ddae49c
[08:31:09] [Server thread/INFO]: alemarsiano joined the game
[08:31:09] [Server thread/INFO]: alemarsiano[/167.108.4.2:45543] logged in with entity id 5 at ([world]1.3973069313844464, 143.0, 9.566801921811514)
[08:31:39] [Server thread/INFO]: alemarsiano lost connection: Tiempo de espera para inicio de sesión excedido
[08:31:39] [Server thread/INFO]: alemarsiano left the game.
[08:32:20] [User Authenticator #6/INFO]: UUID of player alemarsiano is 0337aff9-4c8d-3444-a5d9-11317ddae49c
[08:32:20] [Server thread/INFO]: alemarsiano joined the game
[08:32:21] [Server thread/INFO]: alemarsiano[/167.108.4.2:52989] logged in with entity id 6 at ([world]1.3973069313844464, 143.0, 9.566801921811514)
[08:32:28] [Craft Scheduler Thread - 109/INFO]: [AuthMe] alemarsiano logged in 167.108.4.2
[08:32:29] [Server thread/INFO]: alemarsiano lost connection: Disconnected
[08:32:29] [Server thread/INFO]: alemarsiano left the game
[09:26:28] [User Authenticator #7/WARN]: [User Authenticator #7] WARN fr.xephi.authme.libs.com.zaxxer.hikari.pool.PoolBase - AuthMeMYSQLPool - Failed to validate connection fr.xephi.authme.libs.com.mysql.cj.jdbc.ConnectionImpl@fd5c336 (No operations allowed after connection closed.). Possibly consider using a shorter maxLifetime value.
[09:26:28] [User Authenticator #7/WARN]: [User Authenticator #7] WARN fr.xephi.authme.libs.com.zaxxer.hikari.pool.PoolBase - AuthMeMYSQLPool - Failed to validate connection fr.xephi.authme.libs.com.mysql.cj.jdbc.ConnectionImpl@52da846 (No operations allowed after connection closed.). Possibly consider using a shorter maxLifetime value.
[09:26:28] [User Authenticator #7/WARN]: [User Authenticator #7] WARN fr.xephi.authme.libs.com.zaxxer.hikari.pool.PoolBase - AuthMeMYSQLPool - Failed to validate connection fr.xephi.authme.libs.com.mysql.cj.jdbc.ConnectionImpl@402f3687 (No operations allowed after connection closed.). Possibly consider using a shorter maxLifetime value.
[09:26:28] [User Authenticator #7/WARN]: [User Authenticator #7] WARN fr.xephi.authme.libs.com.zaxxer.hikari.pool.PoolBase - AuthMeMYSQLPool - Failed to validate connection fr.xephi.authme.libs.com.mysql.cj.jdbc.ConnectionImpl@614291c7 (No operations allowed after connection closed.). Possibly consider using a shorter maxLifetime value.
[09:26:28] [User Authenticator #7/WARN]: [User Authenticator #7] WARN fr.xephi.authme.libs.com.zaxxer.hikari.pool.PoolBase - AuthMeMYSQLPool - Failed to validate connection fr.xephi.authme.libs.com.mysql.cj.jdbc.ConnectionImpl@71a5b68f (No operations allowed after connection closed.). Possibly consider using a shorter maxLifetime value.
[09:26:28] [User Authenticator #7/WARN]: [User Authenticator #7] WARN fr.xephi.authme.libs.com.zaxxer.hikari.pool.PoolBase - AuthMeMYSQLPool - Failed to validate connection fr.xephi.authme.libs.com.mysql.cj.jdbc.ConnectionImpl@19224f65 (No operations allowed after connection closed.). Possibly consider using a shorter maxLifetime value.
[09:26:28] [User Authenticator #7/WARN]: [User Authenticator #7] WARN fr.xephi.authme.libs.com.zaxxer.hikari.pool.PoolBase - AuthMeMYSQLPool - Failed to validate connection fr.xephi.authme.libs.com.mysql.cj.jdbc.ConnectionImpl@2000c9c8 (No operations allowed after connection closed.). Possibly consider using a shorter maxLifetime value.
[09:26:28] [User Authenticator #7/WARN]: [User Authenticator #7] WARN fr.xephi.authme.libs.com.zaxxer.hikari.pool.PoolBase - AuthMeMYSQLPool - Failed to validate connection fr.xephi.authme.libs.com.mysql.cj.jdbc.ConnectionImpl@55b9a8a6 (No operations allowed after connection closed.). Possibly consider using a shorter maxLifetime value.
[09:26:28] [User Authenticator #7/WARN]: [User Authenticator #7] WARN fr.xephi.authme.libs.com.zaxxer.hikari.pool.PoolBase - AuthMeMYSQLPool - Failed to validate connection fr.xephi.authme.libs.com.mysql.cj.jdbc.ConnectionImpl@9f47d50 (No operations allowed after connection closed.). Possibly consider using a shorter maxLifetime value.
[09:26:28] [User Authenticator #7/WARN]: [User Authenticator #7] WARN fr.xephi.authme.libs.com.zaxxer.hikari.pool.PoolBase - AuthMeMYSQLPool - Failed to validate connection fr.xephi.authme.libs.com.mysql.cj.jdbc.ConnectionImpl@226426c (No operations allowed after connection closed.). Possibly consider using a shorter maxLifetime value.
[09:26:28] [User Authenticator #7/INFO]: UUID of player alemarsiano is 0337aff9-4c8d-3444-a5d9-11317ddae49c
[09:26:28] [Server thread/INFO]: alemarsiano joined the game
[09:26:29] [Server thread/INFO]: alemarsiano[/167.108.4.2:35629] logged in with entity id 7 at ([world]1.3973069313844464, 143.0, 9.566801921811514)
[09:26:35] [Craft Scheduler Thread - 121/INFO]: [AuthMe] alemarsiano used the wrong password
[09:26:35] [Server thread/INFO]: alemarsiano lost connection: Contraseña incorrecta
[09:26:35] [Server thread/INFO]: alemarsiano left the game.
[09:26:38] [User Authenticator #8/INFO]: UUID of player alemarsiano is 0337aff9-4c8d-3444-a5d9-11317ddae49c
[09:26:38] [Server thread/INFO]: alemarsiano joined the game
[09:26:38] [Server thread/INFO]: alemarsiano[/167.108.4.2:35031] logged in with entity id 8 at ([world]1.3973069313844464, 143.0, 9.566801921811514)
[09:26:44] [Craft Scheduler Thread - 123/INFO]: [AuthMe] alemarsiano logged in 167.108.4.2
[09:26:45] [Server thread/INFO]: alemarsiano lost connection: Disconnected
[09:26:45] [Server thread/INFO]: alemarsiano left the game
[09:26:45] [Server thread/WARN]: handleDisconnection() called twice
[10:12:41] [User Authenticator #9/WARN]: [User Authenticator #9] WARN fr.xephi.authme.libs.com.zaxxer.hikari.pool.PoolBase - AuthMeMYSQLPool - Failed to validate connection fr.xephi.authme.libs.com.mysql.cj.jdbc.ConnectionImpl@4298938b (No operations allowed after connection closed.). Possibly consider using a shorter maxLifetime value.
[10:12:41] [User Authenticator #9/WARN]: [User Authenticator #9] WARN fr.xephi.authme.libs.com.zaxxer.hikari.pool.PoolBase - AuthMeMYSQLPool - Failed to validate connection fr.xephi.authme.libs.com.mysql.cj.jdbc.ConnectionImpl@4860f8fb (No operations allowed after connection closed.). Possibly consider using a shorter maxLifetime value.
[10:12:41] [User Authenticator #9/WARN]: [User Authenticator #9] WARN fr.xephi.authme.libs.com.zaxxer.hikari.pool.PoolBase - AuthMeMYSQLPool - Failed to validate connection fr.xephi.authme.libs.com.mysql.cj.jdbc.ConnectionImpl@d626f93 (No operations allowed after connection closed.). Possibly consider using a shorter maxLifetime value.
[10:12:41] [User Authenticator #9/WARN]: [User Authenticator #9] WARN fr.xephi.authme.libs.com.zaxxer.hikari.pool.PoolBase - AuthMeMYSQLPool - Failed to validate connection fr.xephi.authme.libs.com.mysql.cj.jdbc.ConnectionImpl@be0b17f (No operations allowed after connection closed.). Possibly consider using a shorter maxLifetime value.
[10:12:41] [User Authenticator #9/WARN]: [User Authenticator #9] WARN fr.xephi.authme.libs.com.zaxxer.hikari.pool.PoolBase - AuthMeMYSQLPool - Failed to validate connection fr.xephi.authme.libs.com.mysql.cj.jdbc.ConnectionImpl@3ca5e78e (No operations allowed after connection closed.). Possibly consider using a shorter maxLifetime value.
[10:12:41] [User Authenticator #9/WARN]: [User Authenticator #9] WARN fr.xephi.authme.libs.com.zaxxer.hikari.pool.PoolBase - AuthMeMYSQLPool - Failed to validate connection fr.xephi.authme.libs.com.mysql.cj.jdbc.ConnectionImpl@73cd67c1 (No operations allowed after connection closed.). Possibly consider using a shorter maxLifetime value.
[10:12:41] [User Authenticator #9/WARN]: [User Authenticator #9] WARN fr.xephi.authme.libs.com.zaxxer.hikari.pool.PoolBase - AuthMeMYSQLPool - Failed to validate connection fr.xephi.authme.libs.com.mysql.cj.jdbc.ConnectionImpl@6d4d90dc (No operations allowed after connection closed.). Possibly consider using a shorter maxLifetime value.
[10:12:41] [User Authenticator #9/WARN]: [User Authenticator #9] WARN fr.xephi.authme.libs.com.zaxxer.hikari.pool.PoolBase - AuthMeMYSQLPool - Failed to validate connection fr.xephi.authme.libs.com.mysql.cj.jdbc.ConnectionImpl@6328bf43 (No operations allowed after connection closed.). Possibly consider using a shorter maxLifetime value.
[10:12:41] [User Authenticator #9/WARN]: [User Authenticator #9] WARN fr.xephi.authme.libs.com.zaxxer.hikari.pool.PoolBase - AuthMeMYSQLPool - Failed to validate connection fr.xephi.authme.libs.com.mysql.cj.jdbc.ConnectionImpl@70a2bd3f (No operations allowed after connection closed.). Possibly consider using a shorter maxLifetime value.
[10:12:41] [User Authenticator #9/WARN]: [User Authenticator #9] WARN fr.xephi.authme.libs.com.zaxxer.hikari.pool.PoolBase - AuthMeMYSQLPool - Failed to validate connection fr.xephi.authme.libs.com.mysql.cj.jdbc.ConnectionImpl@68c92f85 (No operations allowed after connection closed.). Possibly consider using a shorter maxLifetime value.
[10:12:41] [User Authenticator #9/INFO]: UUID of player alemarsiano is 0337aff9-4c8d-3444-a5d9-11317ddae49c
[10:12:41] [Server thread/INFO]: alemarsiano joined the game
[10:12:41] [Server thread/INFO]: alemarsiano[/167.108.4.2:44235] logged in with entity id 9 at ([world]1.3973069313844464, 143.0, 9.566801921811514)
[10:12:53] [Craft Scheduler Thread - 133/INFO]: [AuthMe] alemarsiano logged in 167.108.4.2
[10:12:54] [Server thread/INFO]: alemarsiano lost connection: Disconnected
[10:12:54] [Server thread/INFO]: alemarsiano left the game
[11:47:41] [User Authenticator #10/INFO]: UUID of player Indominux is 9fe6f167-3d29-33e1-9d7d-983eb4300bbc
[11:47:41] [Server thread/INFO]: Indominux joined the game
[11:47:41] [Server thread/INFO]: Indominux[/179.25.79.31:44707] logged in with entity id 10 at ([world]1.3973069313844464, 143.0, 9.566801921811514)
[11:47:50] [Craft Scheduler Thread - 153/INFO]: [AuthMe] Indominux logged in 179.25.79.31
[11:47:52] [Server thread/INFO]: Indominux lost connection: Disconnected
[11:47:52] [Server thread/INFO]: Indominux left the game
[11:52:16] [User Authenticator #11/INFO]: UUID of player Indominux is 9fe6f167-3d29-33e1-9d7d-983eb4300bbc
[11:52:16] [Server thread/INFO]: Indominux joined the game
[11:52:16] [Server thread/INFO]: Indominux[/179.25.79.31:34959] logged in with entity id 11 at ([world]1.3973069313844464, 143.0, 9.566801921811514)
[11:52:23] [Server thread/INFO]: Indominux lost connection: Disconnected
[11:52:23] [Server thread/INFO]: Indominux left the game
[11:52:25] [User Authenticator #12/INFO]: UUID of player Indominux is 9fe6f167-3d29-33e1-9d7d-983eb4300bbc
[11:52:25] [Server thread/INFO]: Indominux joined the game
[11:52:25] [Server thread/INFO]: Indominux[/179.25.79.31:42581] logged in with entity id 12 at ([world]1.3973069313844464, 143.0, 9.566801921811514)
[11:52:32] [Craft Scheduler Thread - 156/INFO]: [AuthMe] Indominux logged in 179.25.79.31
[11:52:34] [Server thread/INFO]: Indominux lost connection: Disconnected
[11:52:34] [Server thread/INFO]: Indominux left the game
[11:58:44] [Craft Scheduler Thread - 157/INFO]: [Vault] Checking for Updates ... 
[11:58:44] [Craft Scheduler Thread - 157/INFO]: [Vault] No new version available
[17:58:44] [Craft Scheduler Thread - 229/INFO]: [Vault] Checking for Updates ... 
[17:58:44] [Craft Scheduler Thread - 229/INFO]: [Vault] No new version available
[23:58:44] [Craft Scheduler Thread - 301/INFO]: [Vault] Checking for Updates ... 
[23:58:44] [Craft Scheduler Thread - 301/INFO]: [Vault] No new version available
