[00:58:30] [ServerMain/INFO]: Environment: authHost='https://authserver.mojang.com', accountsHost='https://api.mojang.com', sessionHost='https://sessionserver.mojang.com', servicesHost='https://api.minecraftservices.com', name='PROD'
[00:58:31] [ServerMain/INFO]: Loaded 7 recipes
[00:58:32] [Server thread/INFO]: Starting minecraft server version 1.20.1
[00:58:32] [Server thread/INFO]: Loading properties
[00:58:32] [Server thread/INFO]: This server is running CraftBukkit version 3871-Spigot-d2eba2c-3f9263b (MC: 1.20.1) (Implementing API version 1.20.1-R0.1-SNAPSHOT)
[00:58:33] [Server thread/INFO]: Debug logging is disabled
[00:58:33] [Server thread/INFO]: Server Ping Player Sample Count: 12
[00:58:33] [Server thread/INFO]: Using 4 threads for Netty based IO
[00:58:33] [Server thread/INFO]: Default game type: SURVIVAL
[00:58:33] [Server thread/INFO]: Generating keypair
[00:58:33] [Server thread/INFO]: Starting Minecraft server on 0.0.0.0:27012
[00:58:33] [Server thread/INFO]: Using epoll channel type
[00:58:33] [Server thread/WARN]: Initializing Legacy Material Support. Unless you have legacy plugins and/or data this is a bug!
[00:58:37] [Server thread/WARN]: Legacy plugin VoidWorld v1.0 does not specify an api-version.
[00:58:37] [Server thread/INFO]: [WorldEdit] Loading WorldEdit v7.2.17+6544-56d0383
[00:58:38] [Server thread/INFO]: Got request to register class com.sk89q.worldedit.bukkit.BukkitServerInterface with WorldEdit [com.sk89q.worldedit.extension.platform.PlatformManager@43ddc31f]
[00:58:38] [Server thread/INFO]: [DecentHolograms] Loading DecentHolograms v2.8.4
[00:58:38] [Server thread/INFO]: [VoidWorld] Loading VoidWorld v1.0
[00:58:38] [Server thread/INFO]: [Multiverse-Core] Loading Multiverse-Core v4.3.12
[00:58:38] [Server thread/INFO]: [WorldGuard] Loading WorldGuard v7.0.9+5934e49
[00:58:38] [Server thread/INFO]: [WorldEdit] Enabling WorldEdit v7.2.17+6544-56d0383
[00:58:38] [Server thread/INFO]: Registering commands with com.sk89q.worldedit.bukkit.BukkitServerInterface
[00:58:38] [Server thread/INFO]: WEPIF: Using the Bukkit Permissions API.
[00:58:38] [Server thread/INFO]: Using com.sk89q.worldedit.bukkit.adapter.impl.v1_20_R1.PaperweightAdapter as the Bukkit adapter
[00:58:39] [Server thread/INFO]: [WorldEdit] ====================================================
[00:58:39] [Server thread/INFO]: [WorldEdit]  WorldEdit works better if you use Paper 
[00:58:39] [Server thread/INFO]: [WorldEdit]  as your server software. 
[00:58:39] [Server thread/INFO]: [WorldEdit]   
[00:58:39] [Server thread/INFO]: [WorldEdit]  Paper offers significant performance improvements,
[00:58:39] [Server thread/INFO]: [WorldEdit]  bug fixes, security enhancements and optional
[00:58:39] [Server thread/INFO]: [WorldEdit]  features for server owners to enhance their server.
[00:58:39] [Server thread/INFO]: [WorldEdit]   
[00:58:39] [Server thread/INFO]: [WorldEdit]  Paper includes Timings v2, which is significantly
[00:58:39] [Server thread/INFO]: [WorldEdit]  better at diagnosing lag problems over v1.
[00:58:39] [Server thread/INFO]: [WorldEdit]   
[00:58:39] [Server thread/INFO]: [WorldEdit]  All of your plugins should still work, and the
[00:58:39] [Server thread/INFO]: [WorldEdit]  Paper community will gladly help you fix any issues.
[00:58:39] [Server thread/INFO]: [WorldEdit]   
[00:58:39] [Server thread/INFO]: [WorldEdit]  Join the Paper Community @ https://papermc.io
[00:58:39] [Server thread/INFO]: [WorldEdit] ====================================================
[00:58:39] [Server thread/INFO]: [VoidWorld] Enabling VoidWorld v1.0
[00:58:39] [Server thread/WARN]: **** SERVER IS RUNNING IN OFFLINE/INSECURE MODE!
[00:58:39] [Server thread/WARN]: The server will make no attempt to authenticate usernames. Beware.
[00:58:39] [Server thread/WARN]: Whilst this makes it possible to use BungeeCord, unless access to your server is properly restricted, it also opens up the ability for hackers to connect with any username they choose.
[00:58:39] [Server thread/WARN]: Please see http://www.spigotmc.org/wiki/firewall-guide/ for further information.
[00:58:39] [Server thread/WARN]: To change this, set "online-mode" to "true" in the server.properties file.
[00:58:39] [Server thread/INFO]: Preparing level "world"
[00:58:39] [Server thread/INFO]: -------- World Settings For [world] --------
[00:58:39] [Server thread/INFO]: Cactus Growth Modifier: 100%
[00:58:39] [Server thread/INFO]: Cane Growth Modifier: 100%
[00:58:39] [Server thread/INFO]: Melon Growth Modifier: 100%
[00:58:39] [Server thread/INFO]: Mushroom Growth Modifier: 100%
[00:58:39] [Server thread/INFO]: Pumpkin Growth Modifier: 100%
[00:58:39] [Server thread/INFO]: Sapling Growth Modifier: 100%
[00:58:39] [Server thread/INFO]: Beetroot Growth Modifier: 100%
[00:58:39] [Server thread/INFO]: Carrot Growth Modifier: 100%
[00:58:39] [Server thread/INFO]: Potato Growth Modifier: 100%
[00:58:39] [Server thread/INFO]: Wheat Growth Modifier: 100%
[00:58:39] [Server thread/INFO]: NetherWart Growth Modifier: 100%
[00:58:39] [Server thread/INFO]: Vine Growth Modifier: 100%
[00:58:39] [Server thread/INFO]: Cocoa Growth Modifier: 100%
[00:58:39] [Server thread/INFO]: Bamboo Growth Modifier: 100%
[00:58:39] [Server thread/INFO]: SweetBerry Growth Modifier: 100%
[00:58:39] [Server thread/INFO]: Kelp Growth Modifier: 100%
[00:58:39] [Server thread/INFO]: TwistingVines Growth Modifier: 100%
[00:58:39] [Server thread/INFO]: WeepingVines Growth Modifier: 100%
[00:58:39] [Server thread/INFO]: CaveVines Growth Modifier: 100%
[00:58:39] [Server thread/INFO]: Entity Activation Range: An 32 / Mo 32 / Ra 48 / Mi 16 / Tiv true / Isa false
[00:58:39] [Server thread/INFO]: Entity Tracking Range: Pl 48 / An 48 / Mo 48 / Mi 32 / Di 128 / Other 64
[00:58:39] [Server thread/INFO]: Tile Max Tick Time: 50ms Entity max Tick Time: 50ms
[00:58:39] [Server thread/INFO]: Experience Merge Radius: 3.0
[00:58:39] [Server thread/INFO]: Hopper Transfer: 8 Hopper Check: 1 Hopper Amount: 1 Hopper Can Load Chunks: false
[00:58:39] [Server thread/INFO]: Custom Map Seeds:  Village: 10387312 Desert: 14357617 Igloo: 14357618 Jungle: 14357619 Swamp: 14357620 Monument: 10387313 Ocean: 14357621 Shipwreck: 165745295 End City: 10387313 Slime: 987234911 Nether: 30084232 Mansion: 10387319 Fossil: 14357921 Portal: 34222645
[00:58:39] [Server thread/INFO]: Max TNT Explosions: 100
[00:58:39] [Server thread/INFO]: Mob Spawn Range: 6
[00:58:39] [Server thread/INFO]: Item Merge Radius: 2.5
[00:58:39] [Server thread/INFO]: Item Despawn Rate: 6000
[00:58:39] [Server thread/INFO]: View Distance: 10
[00:58:39] [Server thread/INFO]: Simulation Distance: 10
[00:58:39] [Server thread/INFO]: Allow Zombie Pigmen to spawn from portal blocks: true
[00:58:39] [Server thread/INFO]: Arrow Despawn Rate: 1200 Trident Respawn Rate:1200
[00:58:39] [Server thread/INFO]: Zombie Aggressive Towards Villager: true
[00:58:39] [Server thread/INFO]: Nerfing mobs spawned from spawners: false
[00:58:40] [Server thread/INFO]: Preparing start region for dimension minecraft:overworld
[00:58:42] [Worker-Main-2/INFO]: Preparing spawn area: 0%
[00:58:42] [Worker-Main-2/INFO]: Preparing spawn area: 0%
[00:58:42] [Worker-Main-2/INFO]: Preparing spawn area: 0%
[00:58:42] [Worker-Main-2/INFO]: Preparing spawn area: 0%
[00:58:43] [Worker-Main-9/INFO]: Preparing spawn area: 0%
[00:58:43] [Worker-Main-16/INFO]: Preparing spawn area: 0%
[00:58:43] [Worker-Main-11/INFO]: Preparing spawn area: 6%
[00:58:43] [Worker-Main-4/INFO]: Preparing spawn area: 53%
[00:58:44] [Worker-Main-16/INFO]: Preparing spawn area: 97%
[00:58:44] [Server thread/INFO]: Time elapsed: 4023 ms
[00:58:44] [Server thread/INFO]: [DecentHolograms] Enabling DecentHolograms v2.8.4
[00:58:45] [Server thread/INFO]: [Multiverse-Core] Enabling Multiverse-Core v4.3.12
[00:58:45] [Server thread/WARN]: [Multiverse-Core] "Multiverse-Core v4.3.12" has registered a listener for org.bukkit.event.entity.EntityCreatePortalEvent on method "public void com.onarandombox.MultiverseCore.listeners.MVPortalListener.entityPortalCreate(org.bukkit.event.entity.EntityCreatePortalEvent)", but the event is Deprecated. "Server performance will be affected"; please notify the authors [dumptruckman, Rigby, fernferret, lithium3141, main--].
[00:58:45] [Server thread/INFO]: [Multiverse-Core] §aWe are aware of the warning about the deprecated event. There is no alternative that allows us to do what we need to do and performance impact is negligible. It is safe to ignore.
[00:58:45] [Server thread/INFO]: [Multiverse-Core] 1 - World(s) loaded.
[00:58:45] [Server thread/WARN]: [Multiverse-Core] Buscript failed to load! The script command will be disabled! If you would like not to see this message, use `/mv conf enablebuscript false` to disable Buscript from loading.
[00:58:45] [Server thread/INFO]: [Multiverse-Core] Version 4.3.12 (API v24) Enabled - By dumptruckman, Rigby, fernferret, lithium3141 and main--
[00:58:45] [Server thread/INFO]: [WorldGuard] Enabling WorldGuard v7.0.9+5934e49
[00:58:45] [Server thread/INFO]: [WorldGuard] (world) TNT ignition is PERMITTED.
[00:58:45] [Server thread/INFO]: [WorldGuard] (world) Lighters are PERMITTED.
[00:58:45] [Server thread/INFO]: [WorldGuard] (world) Lava fire is PERMITTED.
[00:58:45] [Server thread/INFO]: [WorldGuard] (world) Fire spread is UNRESTRICTED.
[00:58:45] [Server thread/INFO]: [WorldGuard] Loaded configuration for world 'world'
[00:58:45] [Server thread/INFO]: [WorldGuard] Loading region data...
[00:58:45] [Server thread/INFO]: Server permissions file permissions.yml is empty, ignoring it
[00:58:45] [Server thread/INFO]: Done (6.077s)! For help, type "help"
[00:58:45] [Craft Scheduler Thread - 0/INFO]: [DecentHolograms] Created directory plugins/DecentHolograms/holograms
[00:58:45] [Craft Scheduler Thread - 1/INFO]: [DecentHolograms] Created directory plugins/DecentHolograms/animations
[00:59:03] [User Authenticator #1/INFO]: UUID of player Indominux is 9fe6f167-3d29-33e1-9d7d-983eb4300bbc
[00:59:03] [Server thread/INFO]: Indominux joined the game
[00:59:04] [Server thread/INFO]: Indominux[/186.54.231.140:56323] logged in with entity id 2 at ([world]2.5, 142.0, 13.5)
[01:01:50] [Server thread/INFO]: Indominux issued server command: /mv modify set dificulty peaceful
[01:02:37] [Server thread/INFO]: Indominux issued server command: /mv modify set weather false
[01:06:43] [Server thread/INFO]: Indominux issued server command: /mv setspawn
[01:08:07] [Server thread/INFO]: Stopping the server
[01:08:07] [Server thread/INFO]: Stopping server
[01:08:07] [Server thread/INFO]: [WorldGuard] Disabling WorldGuard v7.0.9+5934e49
[01:08:07] [Server thread/INFO]: [WorldGuard] Shutting down executor and cancelling any pending tasks...
[01:08:07] [Server thread/INFO]: [Multiverse-Core] Disabling Multiverse-Core v4.3.12
[01:08:07] [Server thread/INFO]: [VoidWorld] Disabling VoidWorld v1.0
[01:08:07] [Server thread/INFO]: [DecentHolograms] Disabling DecentHolograms v2.8.4
[01:08:07] [Server thread/INFO]: [WorldEdit] Disabling WorldEdit v7.2.17+6544-56d0383
[01:08:08] [Server thread/INFO]: Unregistering com.sk89q.worldedit.bukkit.BukkitServerInterface from WorldEdit
[01:08:08] [Server thread/INFO]: Saving players
[01:08:08] [Server thread/INFO]: Indominux lost connection: Server closed
[01:08:08] [Server thread/INFO]: Indominux left the game.
[01:08:08] [Server thread/INFO]: Saving worlds
[01:08:09] [Server thread/INFO]: Saving chunks for level 'ServerLevel[world]'/minecraft:overworld
[01:08:22] [Server thread/INFO]: ThreadedAnvilChunkStorage (world): All chunks are saved
[01:08:22] [Server thread/INFO]: ThreadedAnvilChunkStorage: All dimensions are saved
