[10:00:40] [ServerMain/INFO]: Environment: authHost='https://authserver.mojang.com', accountsHost='https://api.mojang.com', sessionHost='https://sessionserver.mojang.com', servicesHost='https://api.minecraftservices.com', name='PROD'
[10:00:40] [ServerMain/INFO]: Found new data pack file/bukkit, loading it automatically
[10:00:42] [ServerMain/INFO]: Loaded 7 recipes
[10:00:42] [Server thread/INFO]: Starting minecraft server version 1.20.1
[10:00:42] [Server thread/INFO]: Loading properties
[10:00:43] [Server thread/INFO]: This server is running CraftBukkit version 3871-Spigot-d2eba2c-3f9263b (MC: 1.20.1) (Implementing API version 1.20.1-R0.1-SNAPSHOT)
[10:00:43] [Server thread/INFO]: Debug logging is disabled
[10:00:43] [Server thread/INFO]: Server Ping Player Sample Count: 12
[10:00:43] [Server thread/INFO]: Using 4 threads for Netty based IO
[10:00:43] [Server thread/INFO]: Default game type: SURVIVAL
[10:00:43] [Server thread/INFO]: Generating keypair
[10:00:43] [Server thread/INFO]: Starting Minecraft server on 0.0.0.0:27012
[10:00:43] [Server thread/INFO]: Using epoll channel type
[10:00:43] [Server thread/INFO]: Preparing level "world"
[10:00:43] [Server thread/INFO]: -------- World Settings For [world] --------
[10:00:43] [Server thread/INFO]: Cactus Growth Modifier: 100%
[10:00:43] [Server thread/INFO]: Cane Growth Modifier: 100%
[10:00:43] [Server thread/INFO]: Melon Growth Modifier: 100%
[10:00:43] [Server thread/INFO]: Mushroom Growth Modifier: 100%
[10:00:43] [Server thread/INFO]: Pumpkin Growth Modifier: 100%
[10:00:43] [Server thread/INFO]: Sapling Growth Modifier: 100%
[10:00:43] [Server thread/INFO]: Beetroot Growth Modifier: 100%
[10:00:43] [Server thread/INFO]: Carrot Growth Modifier: 100%
[10:00:43] [Server thread/INFO]: Potato Growth Modifier: 100%
[10:00:43] [Server thread/INFO]: Wheat Growth Modifier: 100%
[10:00:43] [Server thread/INFO]: NetherWart Growth Modifier: 100%
[10:00:43] [Server thread/INFO]: Vine Growth Modifier: 100%
[10:00:43] [Server thread/INFO]: Cocoa Growth Modifier: 100%
[10:00:43] [Server thread/INFO]: Bamboo Growth Modifier: 100%
[10:00:43] [Server thread/INFO]: SweetBerry Growth Modifier: 100%
[10:00:43] [Server thread/INFO]: Kelp Growth Modifier: 100%
[10:00:43] [Server thread/INFO]: TwistingVines Growth Modifier: 100%
[10:00:43] [Server thread/INFO]: WeepingVines Growth Modifier: 100%
[10:00:43] [Server thread/INFO]: CaveVines Growth Modifier: 100%
[10:00:43] [Server thread/INFO]: Entity Activation Range: An 32 / Mo 32 / Ra 48 / Mi 16 / Tiv true / Isa false
[10:00:43] [Server thread/INFO]: Entity Tracking Range: Pl 48 / An 48 / Mo 48 / Mi 32 / Di 128 / Other 64
[10:00:43] [Server thread/INFO]: Hopper Transfer: 8 Hopper Check: 1 Hopper Amount: 1 Hopper Can Load Chunks: false
[10:00:43] [Server thread/INFO]: Experience Merge Radius: 3.0
[10:00:43] [Server thread/INFO]: Mob Spawn Range: 6
[10:00:43] [Server thread/INFO]: Custom Map Seeds:  Village: 10387312 Desert: 14357617 Igloo: 14357618 Jungle: 14357619 Swamp: 14357620 Monument: 10387313 Ocean: 14357621 Shipwreck: 165745295 End City: 10387313 Slime: 987234911 Nether: 30084232 Mansion: 10387319 Fossil: 14357921 Portal: 34222645
[10:00:43] [Server thread/INFO]: Max TNT Explosions: 100
[10:00:43] [Server thread/INFO]: Tile Max Tick Time: 50ms Entity max Tick Time: 50ms
[10:00:43] [Server thread/INFO]: Item Merge Radius: 2.5
[10:00:43] [Server thread/INFO]: Item Despawn Rate: 6000
[10:00:43] [Server thread/INFO]: View Distance: 10
[10:00:44] [Server thread/INFO]: Simulation Distance: 10
[10:00:44] [Server thread/INFO]: Allow Zombie Pigmen to spawn from portal blocks: true
[10:00:44] [Server thread/INFO]: Arrow Despawn Rate: 1200 Trident Respawn Rate:1200
[10:00:44] [Server thread/INFO]: Zombie Aggressive Towards Villager: true
[10:00:44] [Server thread/INFO]: Nerfing mobs spawned from spawners: false
[10:00:48] [Server thread/INFO]: -------- World Settings For [world_nether] --------
[10:00:48] [Server thread/INFO]: Cactus Growth Modifier: 100%
[10:00:48] [Server thread/INFO]: Cane Growth Modifier: 100%
[10:00:48] [Server thread/INFO]: Melon Growth Modifier: 100%
[10:00:48] [Server thread/INFO]: Mushroom Growth Modifier: 100%
[10:00:48] [Server thread/INFO]: Pumpkin Growth Modifier: 100%
[10:00:48] [Server thread/INFO]: Sapling Growth Modifier: 100%
[10:00:48] [Server thread/INFO]: Beetroot Growth Modifier: 100%
[10:00:48] [Server thread/INFO]: Carrot Growth Modifier: 100%
[10:00:48] [Server thread/INFO]: Potato Growth Modifier: 100%
[10:00:48] [Server thread/INFO]: Wheat Growth Modifier: 100%
[10:00:48] [Server thread/INFO]: NetherWart Growth Modifier: 100%
[10:00:48] [Server thread/INFO]: Vine Growth Modifier: 100%
[10:00:48] [Server thread/INFO]: Cocoa Growth Modifier: 100%
[10:00:48] [Server thread/INFO]: Bamboo Growth Modifier: 100%
[10:00:48] [Server thread/INFO]: SweetBerry Growth Modifier: 100%
[10:00:48] [Server thread/INFO]: Kelp Growth Modifier: 100%
[10:00:48] [Server thread/INFO]: TwistingVines Growth Modifier: 100%
[10:00:48] [Server thread/INFO]: WeepingVines Growth Modifier: 100%
[10:00:48] [Server thread/INFO]: CaveVines Growth Modifier: 100%
[10:00:48] [Server thread/INFO]: Entity Activation Range: An 32 / Mo 32 / Ra 48 / Mi 16 / Tiv true / Isa false
[10:00:48] [Server thread/INFO]: Entity Tracking Range: Pl 48 / An 48 / Mo 48 / Mi 32 / Di 128 / Other 64
[10:00:48] [Server thread/INFO]: Hopper Transfer: 8 Hopper Check: 1 Hopper Amount: 1 Hopper Can Load Chunks: false
[10:00:48] [Server thread/INFO]: Experience Merge Radius: 3.0
[10:00:48] [Server thread/INFO]: Mob Spawn Range: 6
[10:00:48] [Server thread/INFO]: Custom Map Seeds:  Village: 10387312 Desert: 14357617 Igloo: 14357618 Jungle: 14357619 Swamp: 14357620 Monument: 10387313 Ocean: 14357621 Shipwreck: 165745295 End City: 10387313 Slime: 987234911 Nether: 30084232 Mansion: 10387319 Fossil: 14357921 Portal: 34222645
[10:00:48] [Server thread/INFO]: Max TNT Explosions: 100
[10:00:48] [Server thread/INFO]: Tile Max Tick Time: 50ms Entity max Tick Time: 50ms
[10:00:48] [Server thread/INFO]: Item Merge Radius: 2.5
[10:00:48] [Server thread/INFO]: Item Despawn Rate: 6000
[10:00:48] [Server thread/INFO]: View Distance: 10
[10:00:48] [Server thread/INFO]: Simulation Distance: 10
[10:00:48] [Server thread/INFO]: Allow Zombie Pigmen to spawn from portal blocks: true
[10:00:48] [Server thread/INFO]: Arrow Despawn Rate: 1200 Trident Respawn Rate:1200
[10:00:48] [Server thread/INFO]: Zombie Aggressive Towards Villager: true
[10:00:48] [Server thread/INFO]: Nerfing mobs spawned from spawners: false
[10:00:50] [Server thread/INFO]: -------- World Settings For [world_the_end] --------
[10:00:50] [Server thread/INFO]: Cactus Growth Modifier: 100%
[10:00:50] [Server thread/INFO]: Cane Growth Modifier: 100%
[10:00:50] [Server thread/INFO]: Melon Growth Modifier: 100%
[10:00:50] [Server thread/INFO]: Mushroom Growth Modifier: 100%
[10:00:50] [Server thread/INFO]: Pumpkin Growth Modifier: 100%
[10:00:50] [Server thread/INFO]: Sapling Growth Modifier: 100%
[10:00:50] [Server thread/INFO]: Beetroot Growth Modifier: 100%
[10:00:50] [Server thread/INFO]: Carrot Growth Modifier: 100%
[10:00:50] [Server thread/INFO]: Potato Growth Modifier: 100%
[10:00:50] [Server thread/INFO]: Wheat Growth Modifier: 100%
[10:00:50] [Server thread/INFO]: NetherWart Growth Modifier: 100%
[10:00:50] [Server thread/INFO]: Vine Growth Modifier: 100%
[10:00:50] [Server thread/INFO]: Cocoa Growth Modifier: 100%
[10:00:50] [Server thread/INFO]: Bamboo Growth Modifier: 100%
[10:00:50] [Server thread/INFO]: SweetBerry Growth Modifier: 100%
[10:00:50] [Server thread/INFO]: Kelp Growth Modifier: 100%
[10:00:50] [Server thread/INFO]: TwistingVines Growth Modifier: 100%
[10:00:50] [Server thread/INFO]: WeepingVines Growth Modifier: 100%
[10:00:50] [Server thread/INFO]: CaveVines Growth Modifier: 100%
[10:00:50] [Server thread/INFO]: Entity Activation Range: An 32 / Mo 32 / Ra 48 / Mi 16 / Tiv true / Isa false
[10:00:50] [Server thread/INFO]: Entity Tracking Range: Pl 48 / An 48 / Mo 48 / Mi 32 / Di 128 / Other 64
[10:00:50] [Server thread/INFO]: Hopper Transfer: 8 Hopper Check: 1 Hopper Amount: 1 Hopper Can Load Chunks: false
[10:00:50] [Server thread/INFO]: Experience Merge Radius: 3.0
[10:00:50] [Server thread/INFO]: Mob Spawn Range: 6
[10:00:50] [Server thread/INFO]: Custom Map Seeds:  Village: 10387312 Desert: 14357617 Igloo: 14357618 Jungle: 14357619 Swamp: 14357620 Monument: 10387313 Ocean: 14357621 Shipwreck: 165745295 End City: 10387313 Slime: 987234911 Nether: 30084232 Mansion: 10387319 Fossil: 14357921 Portal: 34222645
[10:00:50] [Server thread/INFO]: Max TNT Explosions: 100
[10:00:50] [Server thread/INFO]: Tile Max Tick Time: 50ms Entity max Tick Time: 50ms
[10:00:50] [Server thread/INFO]: Item Merge Radius: 2.5
[10:00:50] [Server thread/INFO]: Item Despawn Rate: 6000
[10:00:50] [Server thread/INFO]: View Distance: 10
[10:00:50] [Server thread/INFO]: Simulation Distance: 10
[10:00:50] [Server thread/INFO]: Allow Zombie Pigmen to spawn from portal blocks: true
[10:00:50] [Server thread/INFO]: Arrow Despawn Rate: 1200 Trident Respawn Rate:1200
[10:00:50] [Server thread/INFO]: Zombie Aggressive Towards Villager: true
[10:00:50] [Server thread/INFO]: Nerfing mobs spawned from spawners: false
[10:00:51] [Server thread/INFO]: Preparing start region for dimension minecraft:overworld
[10:00:52] [Worker-Main-20/INFO]: Preparing spawn area: 0%
[10:00:52] [Worker-Main-20/INFO]: Preparing spawn area: 0%
[10:00:52] [Worker-Main-22/INFO]: Preparing spawn area: 0%
[10:00:53] [Worker-Main-3/INFO]: Preparing spawn area: 0%
[10:00:53] [Worker-Main-4/INFO]: Preparing spawn area: 0%
[10:00:54] [Worker-Main-19/INFO]: Preparing spawn area: 1%
[10:00:54] [Worker-Main-9/INFO]: Preparing spawn area: 2%
[10:00:55] [Worker-Main-10/INFO]: Preparing spawn area: 3%
[10:00:55] [Worker-Main-9/INFO]: Preparing spawn area: 4%
[10:00:56] [Worker-Main-23/INFO]: Preparing spawn area: 5%
[10:00:56] [Worker-Main-8/INFO]: Preparing spawn area: 7%
[10:00:57] [Worker-Main-2/INFO]: Preparing spawn area: 7%
[10:00:57] [Worker-Main-2/INFO]: Preparing spawn area: 9%
[10:00:58] [Worker-Main-15/INFO]: Preparing spawn area: 11%
[10:00:58] [Worker-Main-15/INFO]: Preparing spawn area: 12%
[10:00:59] [Worker-Main-18/INFO]: Preparing spawn area: 13%
[10:00:59] [Worker-Main-1/INFO]: Preparing spawn area: 16%
[10:01:00] [Worker-Main-7/INFO]: Preparing spawn area: 17%
[10:01:00] [Worker-Main-21/INFO]: Preparing spawn area: 17%
[10:01:01] [Worker-Main-4/INFO]: Preparing spawn area: 20%
[10:01:01] [Worker-Main-6/INFO]: Preparing spawn area: 22%
[10:01:02] [Worker-Main-13/INFO]: Preparing spawn area: 23%
[10:01:02] [Worker-Main-22/INFO]: Preparing spawn area: 24%
[10:01:03] [Worker-Main-19/INFO]: Preparing spawn area: 26%
[10:01:03] [Worker-Main-12/INFO]: Preparing spawn area: 26%
[10:01:04] [Worker-Main-3/INFO]: Preparing spawn area: 29%
[10:01:06] [Worker-Main-12/INFO]: Preparing spawn area: 31%
[10:01:06] [Worker-Main-12/INFO]: Preparing spawn area: 31%
[10:01:06] [Worker-Main-12/INFO]: Preparing spawn area: 31%
[10:01:06] [Worker-Main-12/INFO]: Preparing spawn area: 31%
[10:01:06] [Worker-Main-12/INFO]: Preparing spawn area: 31%
[10:01:07] [Worker-Main-2/INFO]: Preparing spawn area: 31%
[10:01:07] [Worker-Main-7/INFO]: Preparing spawn area: 33%
[10:01:08] [Worker-Main-11/INFO]: Preparing spawn area: 34%
[10:01:08] [Worker-Main-13/INFO]: Preparing spawn area: 35%
[10:01:09] [Worker-Main-15/INFO]: Preparing spawn area: 38%
[10:01:09] [Worker-Main-2/INFO]: Preparing spawn area: 39%
[10:01:10] [Worker-Main-7/INFO]: Preparing spawn area: 42%
[10:01:10] [Worker-Main-15/INFO]: Preparing spawn area: 42%
[10:01:11] [Worker-Main-19/INFO]: Preparing spawn area: 46%
[10:01:11] [Worker-Main-2/INFO]: Preparing spawn area: 46%
[10:01:12] [Worker-Main-9/INFO]: Preparing spawn area: 50%
[10:01:12] [Worker-Main-22/INFO]: Preparing spawn area: 50%
[10:01:13] [Worker-Main-22/INFO]: Preparing spawn area: 54%
[10:01:13] [Worker-Main-12/INFO]: Preparing spawn area: 54%
[10:01:14] [Worker-Main-21/INFO]: Preparing spawn area: 57%
[10:01:14] [Worker-Main-18/INFO]: Preparing spawn area: 58%
[10:01:15] [Worker-Main-3/INFO]: Preparing spawn area: 60%
[10:01:15] [Worker-Main-2/INFO]: Preparing spawn area: 62%
[10:01:16] [Worker-Main-13/INFO]: Preparing spawn area: 63%
[10:01:16] [Worker-Main-12/INFO]: Preparing spawn area: 67%
[10:01:17] [Worker-Main-10/INFO]: Preparing spawn area: 68%
[10:01:17] [Worker-Main-11/INFO]: Preparing spawn area: 70%
[10:01:18] [Worker-Main-11/INFO]: Preparing spawn area: 71%
[10:01:18] [Worker-Main-12/INFO]: Preparing spawn area: 73%
[10:01:19] [Worker-Main-14/INFO]: Preparing spawn area: 75%
[10:01:19] [Worker-Main-4/INFO]: Preparing spawn area: 78%
[10:01:20] [Worker-Main-10/INFO]: Preparing spawn area: 79%
[10:01:20] [Worker-Main-21/INFO]: Preparing spawn area: 83%
[10:01:21] [Worker-Main-9/INFO]: Preparing spawn area: 83%
[10:01:21] [Worker-Main-23/INFO]: Preparing spawn area: 86%
[10:01:22] [Worker-Main-18/INFO]: Preparing spawn area: 88%
[10:01:22] [Worker-Main-3/INFO]: Preparing spawn area: 90%
[10:01:23] [Worker-Main-7/INFO]: Preparing spawn area: 92%
[10:01:23] [Worker-Main-21/INFO]: Preparing spawn area: 94%
[10:01:24] [Worker-Main-10/INFO]: Preparing spawn area: 98%
[10:01:24] [Server thread/INFO]: Time elapsed: 32743 ms
[10:01:24] [Server thread/INFO]: Preparing start region for dimension minecraft:the_nether
[10:01:25] [Worker-Main-11/INFO]: Preparing spawn area: 0%
[10:01:25] [Worker-Main-11/INFO]: Preparing spawn area: 0%
[10:01:25] [Worker-Main-10/INFO]: Preparing spawn area: 0%
[10:01:25] [Worker-Main-7/INFO]: Preparing spawn area: 0%
[10:01:26] [Worker-Main-21/INFO]: Preparing spawn area: 2%
[10:01:26] [Worker-Main-16/INFO]: Preparing spawn area: 3%
[10:01:27] [Worker-Main-4/INFO]: Preparing spawn area: 4%
[10:01:27] [Worker-Main-15/INFO]: Preparing spawn area: 4%
[10:01:28] [Worker-Main-2/INFO]: Preparing spawn area: 7%
[10:01:28] [Worker-Main-1/INFO]: Preparing spawn area: 9%
[10:01:29] [Worker-Main-18/INFO]: Preparing spawn area: 9%
[10:01:29] [Worker-Main-11/INFO]: Preparing spawn area: 12%
[10:01:30] [Worker-Main-23/INFO]: Preparing spawn area: 15%
[10:01:30] [Worker-Main-23/INFO]: Preparing spawn area: 16%
[10:01:31] [Worker-Main-11/INFO]: Preparing spawn area: 18%
[10:01:31] [Worker-Main-16/INFO]: Preparing spawn area: 22%
[10:01:32] [Worker-Main-11/INFO]: Preparing spawn area: 22%
[10:01:32] [Worker-Main-21/INFO]: Preparing spawn area: 24%
[10:01:33] [Worker-Main-6/INFO]: Preparing spawn area: 27%
[10:01:33] [Worker-Main-2/INFO]: Preparing spawn area: 27%
[10:01:34] [Worker-Main-6/INFO]: Preparing spawn area: 31%
[10:01:34] [Worker-Main-16/INFO]: Preparing spawn area: 33%
[10:01:35] [Worker-Main-12/INFO]: Preparing spawn area: 35%
[10:01:35] [Worker-Main-16/INFO]: Preparing spawn area: 39%
[10:01:36] [Worker-Main-10/INFO]: Preparing spawn area: 42%
[10:01:36] [Worker-Main-19/INFO]: Preparing spawn area: 43%
[10:01:37] [Worker-Main-15/INFO]: Preparing spawn area: 45%
[10:01:37] [Worker-Main-10/INFO]: Preparing spawn area: 48%
[10:01:38] [Worker-Main-15/INFO]: Preparing spawn area: 49%
[10:01:38] [Worker-Main-4/INFO]: Preparing spawn area: 53%
[10:01:39] [Worker-Main-2/INFO]: Preparing spawn area: 55%
[10:01:39] [Worker-Main-9/INFO]: Preparing spawn area: 56%
[10:01:40] [Worker-Main-21/INFO]: Preparing spawn area: 57%
[10:01:40] [Worker-Main-3/INFO]: Preparing spawn area: 61%
[10:01:41] [Worker-Main-1/INFO]: Preparing spawn area: 64%
[10:01:41] [Worker-Main-20/INFO]: Preparing spawn area: 64%
[10:01:42] [Worker-Main-18/INFO]: Preparing spawn area: 68%
[10:01:42] [Worker-Main-22/INFO]: Preparing spawn area: 70%
[10:01:43] [Worker-Main-15/INFO]: Preparing spawn area: 72%
[10:01:43] [Worker-Main-15/INFO]: Preparing spawn area: 72%
[10:01:44] [Worker-Main-17/INFO]: Preparing spawn area: 77%
[10:01:44] [Worker-Main-13/INFO]: Preparing spawn area: 80%
[10:01:45] [Worker-Main-23/INFO]: Preparing spawn area: 82%
[10:01:45] [Worker-Main-9/INFO]: Preparing spawn area: 84%
[10:01:46] [Worker-Main-19/INFO]: Preparing spawn area: 84%
[10:01:46] [Worker-Main-3/INFO]: Preparing spawn area: 88%
[10:01:47] [Worker-Main-2/INFO]: Preparing spawn area: 89%
[10:01:47] [Worker-Main-10/INFO]: Preparing spawn area: 92%
[10:01:48] [Worker-Main-21/INFO]: Preparing spawn area: 93%
[10:01:48] [Worker-Main-20/INFO]: Preparing spawn area: 97%
[10:01:49] [Server thread/INFO]: Time elapsed: 24968 ms
[10:01:49] [Server thread/INFO]: Preparing start region for dimension minecraft:the_end
[10:01:49] [Worker-Main-14/INFO]: Preparing spawn area: 0%
[10:01:49] [Worker-Main-20/INFO]: Preparing spawn area: 0%
[10:01:50] [Worker-Main-5/INFO]: Preparing spawn area: 3%
[10:01:50] [Worker-Main-10/INFO]: Preparing spawn area: 13%
[10:01:51] [Worker-Main-19/INFO]: Preparing spawn area: 34%
[10:01:51] [Worker-Main-17/INFO]: Preparing spawn area: 71%
[10:01:52] [Server thread/INFO]: Time elapsed: 2952 ms
[10:01:52] [Server thread/INFO]: Done (68.410s)! For help, type "help"
