[02:08:56] [ServerMain/INFO]: Environment: authHost='https://authserver.mojang.com', accountsHost='https://api.mojang.com', sessionHost='https://sessionserver.mojang.com', servicesHost='https://api.minecraftservices.com', name='PROD'
[02:08:57] [ServerMain/INFO]: Loaded 7 recipes
[02:08:58] [Server thread/INFO]: Starting minecraft server version 1.20.1
[02:08:58] [Server thread/INFO]: Loading properties
[02:08:58] [Server thread/INFO]: This server is running CraftBukkit version 3871-Spigot-d2eba2c-3f9263b (MC: 1.20.1) (Implementing API version 1.20.1-R0.1-SNAPSHOT)
[02:08:59] [Server thread/INFO]: Debug logging is disabled
[02:08:59] [Server thread/INFO]: Server Ping Player Sample Count: 12
[02:08:59] [Server thread/INFO]: Using 4 threads for Netty based IO
[02:08:59] [Server thread/INFO]: Default game type: SURVIVAL
[02:08:59] [Server thread/INFO]: Generating keypair
[02:08:59] [Server thread/INFO]: Starting Minecraft server on 0.0.0.0:27012
[02:08:59] [Server thread/INFO]: Using epoll channel type
[02:08:59] [Server thread/WARN]: **** SERVER IS RUNNING IN OFFLINE/INSECURE MODE!
[02:08:59] [Server thread/WARN]: The server will make no attempt to authenticate usernames. Beware.
[02:08:59] [Server thread/WARN]: Whilst this makes it possible to use BungeeCord, unless access to your server is properly restricted, it also opens up the ability for hackers to connect with any username they choose.
[02:08:59] [Server thread/WARN]: Please see http://www.spigotmc.org/wiki/firewall-guide/ for further information.
[02:08:59] [Server thread/WARN]: To change this, set "online-mode" to "true" in the server.properties file.
[02:08:59] [Server thread/INFO]: Preparing level "world"
[02:08:59] [Server thread/INFO]: -------- World Settings For [world] --------
[02:08:59] [Server thread/INFO]: Entity Activation Range: An 32 / Mo 32 / Ra 48 / Mi 16 / Tiv true / Isa false
[02:08:59] [Server thread/INFO]: Entity Tracking Range: Pl 48 / An 48 / Mo 48 / Mi 32 / Di 128 / Other 64
[02:08:59] [Server thread/INFO]: Hopper Transfer: 8 Hopper Check: 1 Hopper Amount: 1 Hopper Can Load Chunks: false
[02:08:59] [Server thread/INFO]: Experience Merge Radius: 3.0
[02:08:59] [Server thread/INFO]: Mob Spawn Range: 6
[02:08:59] [Server thread/INFO]: Cactus Growth Modifier: 100%
[02:08:59] [Server thread/INFO]: Cane Growth Modifier: 100%
[02:08:59] [Server thread/INFO]: Melon Growth Modifier: 100%
[02:08:59] [Server thread/INFO]: Mushroom Growth Modifier: 100%
[02:08:59] [Server thread/INFO]: Pumpkin Growth Modifier: 100%
[02:08:59] [Server thread/INFO]: Sapling Growth Modifier: 100%
[02:08:59] [Server thread/INFO]: Beetroot Growth Modifier: 100%
[02:08:59] [Server thread/INFO]: Carrot Growth Modifier: 100%
[02:08:59] [Server thread/INFO]: Potato Growth Modifier: 100%
[02:08:59] [Server thread/INFO]: Wheat Growth Modifier: 100%
[02:08:59] [Server thread/INFO]: NetherWart Growth Modifier: 100%
[02:08:59] [Server thread/INFO]: Vine Growth Modifier: 100%
[02:08:59] [Server thread/INFO]: Cocoa Growth Modifier: 100%
[02:08:59] [Server thread/INFO]: Bamboo Growth Modifier: 100%
[02:08:59] [Server thread/INFO]: SweetBerry Growth Modifier: 100%
[02:08:59] [Server thread/INFO]: Kelp Growth Modifier: 100%
[02:08:59] [Server thread/INFO]: TwistingVines Growth Modifier: 100%
[02:08:59] [Server thread/INFO]: WeepingVines Growth Modifier: 100%
[02:08:59] [Server thread/INFO]: CaveVines Growth Modifier: 100%
[02:08:59] [Server thread/INFO]: Custom Map Seeds:  Village: 10387312 Desert: 14357617 Igloo: 14357618 Jungle: 14357619 Swamp: 14357620 Monument: 10387313 Ocean: 14357621 Shipwreck: 165745295 End City: 10387313 Slime: 987234911 Nether: 30084232 Mansion: 10387319 Fossil: 14357921 Portal: 34222645
[02:08:59] [Server thread/INFO]: Max TNT Explosions: 100
[02:08:59] [Server thread/INFO]: Tile Max Tick Time: 50ms Entity max Tick Time: 50ms
[02:08:59] [Server thread/INFO]: Item Merge Radius: 2.5
[02:08:59] [Server thread/INFO]: Item Despawn Rate: 6000
[02:08:59] [Server thread/INFO]: View Distance: 10
[02:08:59] [Server thread/INFO]: Simulation Distance: 10
[02:08:59] [Server thread/INFO]: Allow Zombie Pigmen to spawn from portal blocks: true
[02:08:59] [Server thread/INFO]: Arrow Despawn Rate: 1200 Trident Respawn Rate:1200
[02:08:59] [Server thread/INFO]: Zombie Aggressive Towards Villager: true
[02:08:59] [Server thread/INFO]: Nerfing mobs spawned from spawners: false
[02:09:00] [Server thread/INFO]: Preparing start region for dimension minecraft:overworld
[02:09:03] [Worker-Main-6/INFO]: Preparing spawn area: 0%
[02:09:03] [Worker-Main-6/INFO]: Preparing spawn area: 0%
[02:09:03] [Worker-Main-6/INFO]: Preparing spawn area: 0%
[02:09:03] [Worker-Main-6/INFO]: Preparing spawn area: 0%
[02:09:03] [Worker-Main-20/INFO]: Preparing spawn area: 0%
[02:09:03] [Worker-Main-20/INFO]: Preparing spawn area: 0%
[02:09:03] [Worker-Main-20/INFO]: Preparing spawn area: 0%
[02:09:03] [Worker-Main-20/INFO]: Preparing spawn area: 0%
[02:09:04] [Worker-Main-20/INFO]: Preparing spawn area: 6%
[02:09:04] [Worker-Main-14/INFO]: Preparing spawn area: 46%
[02:09:05] [Worker-Main-16/INFO]: Preparing spawn area: 84%
[02:09:05] [Server thread/INFO]: Time elapsed: 5176 ms
[02:09:05] [Server thread/INFO]: Server permissions file permissions.yml is empty, ignoring it
[02:09:05] [Server thread/INFO]: Done (5.572s)! For help, type "help"
[02:12:28] [User Authenticator #1/INFO]: UUID of player lujan34 is 71383658-5c26-3042-81ce-1049ff51a7db
[02:12:28] [Server thread/INFO]: lujan34 joined the game
[02:12:28] [Server thread/INFO]: lujan34[/186.50.98.255:43181] logged in with entity id 64 at ([world]-101.5, 68.0, 37.5)
[02:12:35] [Server thread/INFO]: lujan34 lost connection: Disconnected
[02:12:35] [Server thread/INFO]: lujan34 left the game
[02:19:08] [User Authenticator #2/INFO]: UUID of player Indominux is 9fe6f167-3d29-33e1-9d7d-983eb4300bbc
[02:19:08] [Server thread/INFO]: Indominux joined the game
[02:19:08] [Server thread/INFO]: Indominux[/186.54.231.113:48943] logged in with entity id 97 at ([world]-102.5, 71.0, 40.5)
[02:19:30] [Server thread/INFO]: Indominux lost connection: Disconnected
[02:19:30] [Server thread/INFO]: Indominux left the game
[02:22:53] [Server thread/INFO]: Stopping the server
[02:22:53] [Server thread/INFO]: Stopping server
[02:22:53] [Server thread/INFO]: Saving players
[02:22:53] [Server thread/INFO]: Saving worlds
[02:22:55] [Server thread/INFO]: Saving chunks for level 'ServerLevel[world]'/minecraft:overworld
[02:23:12] [Server thread/INFO]: ThreadedAnvilChunkStorage (world): All chunks are saved
[02:23:12] [Server thread/INFO]: ThreadedAnvilChunkStorage: All dimensions are saved
