[23:51:30] [ServerMain/INFO]: Environment: authHost='https://authserver.mojang.com', accountsHost='https://api.mojang.com', sessionHost='https://sessionserver.mojang.com', servicesHost='https://api.minecraftservices.com', name='PROD'
[23:51:32] [ServerMain/INFO]: Loaded 7 recipes
[23:51:33] [Server thread/INFO]: Starting minecraft server version 1.20.1
[23:51:33] [Server thread/INFO]: Loading properties
[23:51:33] [Server thread/INFO]: This server is running CraftBukkit version 3871-Spigot-d2eba2c-3f9263b (MC: 1.20.1) (Implementing API version 1.20.1-R0.1-SNAPSHOT)
[23:51:34] [Server thread/INFO]: Debug logging is disabled
[23:51:34] [Server thread/INFO]: Server Ping Player Sample Count: 12
[23:51:34] [Server thread/INFO]: Using 4 threads for Netty based IO
[23:51:34] [Server thread/INFO]: Default game type: SURVIVAL
[23:51:34] [Server thread/INFO]: Generating keypair
[23:51:34] [Server thread/INFO]: Starting Minecraft server on 0.0.0.0:27012
[23:51:34] [Server thread/INFO]: Using epoll channel type
[23:51:34] [Server thread/WARN]: Initializing Legacy Material Support. Unless you have legacy plugins and/or data this is a bug!
[23:51:38] [Server thread/WARN]: Legacy plugin VoidWorld v1.0 does not specify an api-version.
[23:51:38] [Server thread/INFO]: [VoidWorld] Loading VoidWorld v1.0
[23:51:38] [Server thread/INFO]: [Multiverse-Core] Loading Multiverse-Core v4.3.12
[23:51:38] [Server thread/INFO]: [VoidWorld] Enabling VoidWorld v1.0
[23:51:38] [Server thread/WARN]: **** SERVER IS RUNNING IN OFFLINE/INSECURE MODE!
[23:51:38] [Server thread/WARN]: The server will make no attempt to authenticate usernames. Beware.
[23:51:38] [Server thread/WARN]: Whilst this makes it possible to use BungeeCord, unless access to your server is properly restricted, it also opens up the ability for hackers to connect with any username they choose.
[23:51:38] [Server thread/WARN]: Please see http://www.spigotmc.org/wiki/firewall-guide/ for further information.
[23:51:38] [Server thread/WARN]: To change this, set "online-mode" to "true" in the server.properties file.
[23:51:38] [Server thread/INFO]: Preparing level "world"
[23:51:38] [Server thread/INFO]: -------- World Settings For [world] --------
[23:51:38] [Server thread/INFO]: Item Merge Radius: 2.5
[23:51:38] [Server thread/INFO]: Item Despawn Rate: 6000
[23:51:38] [Server thread/INFO]: View Distance: 10
[23:51:38] [Server thread/INFO]: Simulation Distance: 10
[23:51:38] [Server thread/INFO]: Allow Zombie Pigmen to spawn from portal blocks: true
[23:51:38] [Server thread/INFO]: Arrow Despawn Rate: 1200 Trident Respawn Rate:1200
[23:51:38] [Server thread/INFO]: Zombie Aggressive Towards Villager: true
[23:51:38] [Server thread/INFO]: Nerfing mobs spawned from spawners: false
[23:51:38] [Server thread/INFO]: Entity Activation Range: An 32 / Mo 32 / Ra 48 / Mi 16 / Tiv true / Isa false
[23:51:38] [Server thread/INFO]: Entity Tracking Range: Pl 48 / An 48 / Mo 48 / Mi 32 / Di 128 / Other 64
[23:51:38] [Server thread/INFO]: Hopper Transfer: 8 Hopper Check: 1 Hopper Amount: 1 Hopper Can Load Chunks: false
[23:51:38] [Server thread/INFO]: Custom Map Seeds:  Village: 10387312 Desert: 14357617 Igloo: 14357618 Jungle: 14357619 Swamp: 14357620 Monument: 10387313 Ocean: 14357621 Shipwreck: 165745295 End City: 10387313 Slime: 987234911 Nether: 30084232 Mansion: 10387319 Fossil: 14357921 Portal: 34222645
[23:51:38] [Server thread/INFO]: Max TNT Explosions: 100
[23:51:38] [Server thread/INFO]: Tile Max Tick Time: 50ms Entity max Tick Time: 50ms
[23:51:38] [Server thread/INFO]: Experience Merge Radius: 3.0
[23:51:38] [Server thread/INFO]: Mob Spawn Range: 6
[23:51:38] [Server thread/INFO]: Cactus Growth Modifier: 100%
[23:51:38] [Server thread/INFO]: Cane Growth Modifier: 100%
[23:51:38] [Server thread/INFO]: Melon Growth Modifier: 100%
[23:51:38] [Server thread/INFO]: Mushroom Growth Modifier: 100%
[23:51:38] [Server thread/INFO]: Pumpkin Growth Modifier: 100%
[23:51:38] [Server thread/INFO]: Sapling Growth Modifier: 100%
[23:51:38] [Server thread/INFO]: Beetroot Growth Modifier: 100%
[23:51:38] [Server thread/INFO]: Carrot Growth Modifier: 100%
[23:51:38] [Server thread/INFO]: Potato Growth Modifier: 100%
[23:51:38] [Server thread/INFO]: Wheat Growth Modifier: 100%
[23:51:38] [Server thread/INFO]: NetherWart Growth Modifier: 100%
[23:51:38] [Server thread/INFO]: Vine Growth Modifier: 100%
[23:51:38] [Server thread/INFO]: Cocoa Growth Modifier: 100%
[23:51:38] [Server thread/INFO]: Bamboo Growth Modifier: 100%
[23:51:38] [Server thread/INFO]: SweetBerry Growth Modifier: 100%
[23:51:38] [Server thread/INFO]: Kelp Growth Modifier: 100%
[23:51:38] [Server thread/INFO]: TwistingVines Growth Modifier: 100%
[23:51:38] [Server thread/INFO]: WeepingVines Growth Modifier: 100%
[23:51:38] [Server thread/INFO]: CaveVines Growth Modifier: 100%
[23:51:38] [Server thread/INFO]: Preparing start region for dimension minecraft:overworld
[23:51:42] [Worker-Main-15/INFO]: Preparing spawn area: 0%
[23:51:42] [Worker-Main-15/INFO]: Preparing spawn area: 0%
[23:51:42] [Worker-Main-15/INFO]: Preparing spawn area: 0%
[23:51:42] [Worker-Main-15/INFO]: Preparing spawn area: 0%
[23:51:42] [Worker-Main-10/INFO]: Preparing spawn area: 0%
[23:51:42] [Worker-Main-8/INFO]: Preparing spawn area: 0%
[23:51:42] [Worker-Main-22/INFO]: Preparing spawn area: 0%
[23:51:42] [Worker-Main-22/INFO]: Preparing spawn area: 0%
[23:51:42] [Worker-Main-22/INFO]: Preparing spawn area: 2%
[23:51:43] [Worker-Main-9/INFO]: Preparing spawn area: 36%
[23:51:43] [Worker-Main-14/INFO]: Preparing spawn area: 83%
[23:51:44] [Server thread/INFO]: Time elapsed: 5213 ms
[23:51:44] [Server thread/INFO]: [Multiverse-Core] Enabling Multiverse-Core v4.3.12
[23:51:44] [Server thread/WARN]: [Multiverse-Core] "Multiverse-Core v4.3.12" has registered a listener for org.bukkit.event.entity.EntityCreatePortalEvent on method "public void com.onarandombox.MultiverseCore.listeners.MVPortalListener.entityPortalCreate(org.bukkit.event.entity.EntityCreatePortalEvent)", but the event is Deprecated. "Server performance will be affected"; please notify the authors [dumptruckman, Rigby, fernferret, lithium3141, main--].
[23:51:44] [Server thread/INFO]: [Multiverse-Core] §aWe are aware of the warning about the deprecated event. There is no alternative that allows us to do what we need to do and performance impact is negligible. It is safe to ignore.
[23:51:44] [Server thread/INFO]: [Multiverse-Core] 1 - World(s) loaded.
[23:51:44] [Server thread/WARN]: [Multiverse-Core] Buscript failed to load! The script command will be disabled! If you would like not to see this message, use `/mv conf enablebuscript false` to disable Buscript from loading.
[23:51:44] [Server thread/INFO]: [Multiverse-Core] Version 4.3.12 (API v24) Enabled - By dumptruckman, Rigby, fernferret, lithium3141 and main--
[23:51:44] [Server thread/INFO]: Server permissions file permissions.yml is empty, ignoring it
[23:51:44] [Server thread/INFO]: Done (5.686s)! For help, type "help"
[23:55:59] [User Authenticator #1/INFO]: UUID of player Indominux is 9fe6f167-3d29-33e1-9d7d-983eb4300bbc
[23:55:59] [Server thread/INFO]: Indominux joined the game
[23:55:59] [Server thread/INFO]: Indominux[/186.54.231.140:47001] logged in with entity id 5 at ([world]147.5, 67.0, -165.5)
[23:56:49] [Server thread/INFO]: Made Indominux a server operator
[23:57:01] [Server thread/INFO]: Indominux issued server command: /gamemode creative
[23:57:01] [Server thread/INFO]: [Indominux: Set own game mode to Creative Mode]
[23:58:17] [Server thread/INFO]: Indominux issued server command: /plugins
[23:58:49] [Server thread/INFO]: Indominux issued server command: /mv create vacio normal -g VoidWorld
[23:58:49] [Server thread/INFO]: Indominux: Starting creation of world 'vacio'...[m
[23:58:49] [Server thread/INFO]: [Multiverse-Core] Loading World & Settings - 'vacio' - Env: NORMAL - Type: NORMAL & generator: VoidWorld
[23:58:49] [Server thread/INFO]: -------- World Settings For [vacio] --------
[23:58:49] [Server thread/INFO]: Item Merge Radius: 2.5
[23:58:49] [Server thread/INFO]: Item Despawn Rate: 6000
[23:58:49] [Server thread/INFO]: View Distance: 10
[23:58:49] [Server thread/INFO]: Simulation Distance: 10
[23:58:49] [Server thread/INFO]: Allow Zombie Pigmen to spawn from portal blocks: true
[23:58:49] [Server thread/INFO]: Arrow Despawn Rate: 1200 Trident Respawn Rate:1200
[23:58:49] [Server thread/INFO]: Zombie Aggressive Towards Villager: true
[23:58:49] [Server thread/INFO]: Nerfing mobs spawned from spawners: false
[23:58:49] [Server thread/INFO]: Entity Activation Range: An 32 / Mo 32 / Ra 48 / Mi 16 / Tiv true / Isa false
[23:58:49] [Server thread/INFO]: Entity Tracking Range: Pl 48 / An 48 / Mo 48 / Mi 32 / Di 128 / Other 64
[23:58:49] [Server thread/INFO]: Hopper Transfer: 8 Hopper Check: 1 Hopper Amount: 1 Hopper Can Load Chunks: false
[23:58:49] [Server thread/INFO]: Custom Map Seeds:  Village: 10387312 Desert: 14357617 Igloo: 14357618 Jungle: 14357619 Swamp: 14357620 Monument: 10387313 Ocean: 14357621 Shipwreck: 165745295 End City: 10387313 Slime: 987234911 Nether: 30084232 Mansion: 10387319 Fossil: 14357921 Portal: 34222645
[23:58:49] [Server thread/INFO]: Max TNT Explosions: 100
[23:58:49] [Server thread/INFO]: Tile Max Tick Time: 50ms Entity max Tick Time: 50ms
[23:58:49] [Server thread/INFO]: Experience Merge Radius: 3.0
[23:58:49] [Server thread/INFO]: Mob Spawn Range: 6
[23:58:49] [Server thread/INFO]: Cactus Growth Modifier: 100%
[23:58:49] [Server thread/INFO]: Cane Growth Modifier: 100%
[23:58:49] [Server thread/INFO]: Melon Growth Modifier: 100%
[23:58:49] [Server thread/INFO]: Mushroom Growth Modifier: 100%
[23:58:49] [Server thread/INFO]: Pumpkin Growth Modifier: 100%
[23:58:49] [Server thread/INFO]: Sapling Growth Modifier: 100%
[23:58:49] [Server thread/INFO]: Beetroot Growth Modifier: 100%
[23:58:49] [Server thread/INFO]: Carrot Growth Modifier: 100%
[23:58:49] [Server thread/INFO]: Potato Growth Modifier: 100%
[23:58:49] [Server thread/INFO]: Wheat Growth Modifier: 100%
[23:58:49] [Server thread/INFO]: NetherWart Growth Modifier: 100%
[23:58:49] [Server thread/INFO]: Vine Growth Modifier: 100%
[23:58:49] [Server thread/INFO]: Cocoa Growth Modifier: 100%
[23:58:49] [Server thread/INFO]: Bamboo Growth Modifier: 100%
[23:58:49] [Server thread/INFO]: SweetBerry Growth Modifier: 100%
[23:58:49] [Server thread/INFO]: Kelp Growth Modifier: 100%
[23:58:49] [Server thread/INFO]: TwistingVines Growth Modifier: 100%
[23:58:49] [Server thread/INFO]: WeepingVines Growth Modifier: 100%
[23:58:49] [Server thread/INFO]: CaveVines Growth Modifier: 100%
[23:58:49] [Server thread/INFO]: Preparing start region for dimension minecraft:vacio
[23:58:50] [Worker-Main-19/INFO]: Preparing spawn area: 0%
[23:58:50] [Worker-Main-19/INFO]: Preparing spawn area: 0%
[23:58:50] [Worker-Main-30/INFO]: Preparing spawn area: 0%
[23:58:50] [Worker-Main-23/INFO]: Preparing spawn area: 0%
[23:58:51] [Worker-Main-9/INFO]: Preparing spawn area: 15%
[23:58:51] [Worker-Main-30/INFO]: Preparing spawn area: 42%
[23:58:52] [Worker-Main-20/INFO]: Preparing spawn area: 72%
[23:58:52] [Server thread/INFO]: Time elapsed: 3392 ms
[23:58:52] [Server thread/WARN]: [Multiverse-Core] Spawn location from world.dat file was unsafe. Adjusting...
[23:58:52] [Server thread/WARN]: [Multiverse-Core] Original Location: X: 0 Y: 128 Z: 0 P: 0 Y: 0 
[23:58:53] [Server thread/ERROR]: [Multiverse-Core] Safe spawn NOT found!!!
[23:58:53] [Server thread/INFO]: Indominux: Complete![m
[23:59:28] [Server thread/INFO]: Indominux issued server command: /mv tp vacio
[23:59:40] [Server thread/INFO]: Indominux issued server command: /mv confirm
[23:59:46] [Server thread/INFO]: Indominux issued server command: /gamemode creative
[23:59:46] [Server thread/INFO]: [Indominux: Set own game mode to Creative Mode]
[23:59:47] [Server thread/INFO]: Indominux fell out of the world
