[02:26:30] [ServerMain/INFO]: Environment: authHost='https://authserver.mojang.com', accountsHost='https://api.mojang.com', sessionHost='https://sessionserver.mojang.com', servicesHost='https://api.minecraftservices.com', name='PROD'
[02:26:31] [ServerMain/INFO]: Loaded 7 recipes
[02:26:32] [Server thread/INFO]: Starting minecraft server version 1.20.1
[02:26:32] [Server thread/INFO]: Loading properties
[02:26:32] [Server thread/INFO]: This server is running CraftBukkit version 3871-Spigot-d2eba2c-3f9263b (MC: 1.20.1) (Implementing API version 1.20.1-R0.1-SNAPSHOT)
[02:26:33] [Server thread/INFO]: Debug logging is disabled
[02:26:33] [Server thread/INFO]: Server Ping Player Sample Count: 12
[02:26:33] [Server thread/INFO]: Using 4 threads for Netty based IO
[02:26:33] [Server thread/INFO]: Default game type: SURVIVAL
[02:26:33] [Server thread/INFO]: Generating keypair
[02:26:33] [Server thread/INFO]: Starting Minecraft server on 0.0.0.0:27012
[02:26:33] [Server thread/INFO]: Using epoll channel type
[02:26:33] [Server thread/WARN]: Initializing Legacy Material Support. Unless you have legacy plugins and/or data this is a bug!
[02:26:37] [Server thread/WARN]: Legacy plugin DisableJoinMessage v1.0 does not specify an api-version.
[02:26:37] [Server thread/WARN]: Legacy plugin AuthmeAddon v1.1.0 does not specify an api-version.
[02:26:37] [Server thread/ERROR]: Could not load 'plugins/ViaVersion-4.5.1.jar' in folder 'plugins'
org.bukkit.plugin.InvalidPluginException: java.lang.NoSuchMethodError: org.yaml.snakeyaml.constructor.SafeConstructor: method 'void <init>()' not found
	at org.bukkit.plugin.java.JavaPluginLoader.loadPlugin(JavaPluginLoader.java:149) ~[spigot-api-1.20.1-R0.1-SNAPSHOT.jar:?]
	at org.bukkit.plugin.SimplePluginManager.loadPlugin(SimplePluginManager.java:394) ~[spigot-api-1.20.1-R0.1-SNAPSHOT.jar:?]
	at org.bukkit.plugin.SimplePluginManager.loadPlugins(SimplePluginManager.java:301) ~[spigot-api-1.20.1-R0.1-SNAPSHOT.jar:?]
	at org.bukkit.craftbukkit.v1_20_R1.CraftServer.loadPlugins(CraftServer.java:435) ~[spigot-1.20.1-R0.1-SNAPSHOT.jar:3871-Spigot-d2eba2c-3f9263b]
	at net.minecraft.server.dedicated.DedicatedServer.e(DedicatedServer.java:219) ~[spigot-1.20.1-R0.1-SNAPSHOT.jar:3871-Spigot-d2eba2c-3f9263b]
	at net.minecraft.server.MinecraftServer.w(MinecraftServer.java:972) ~[spigot-1.20.1-R0.1-SNAPSHOT.jar:3871-Spigot-d2eba2c-3f9263b]
	at net.minecraft.server.MinecraftServer.lambda$0(MinecraftServer.java:303) ~[spigot-1.20.1-R0.1-SNAPSHOT.jar:3871-Spigot-d2eba2c-3f9263b]
	at java.lang.Thread.run(Thread.java:833) ~[?:?]
Caused by: java.lang.NoSuchMethodError: org.yaml.snakeyaml.constructor.SafeConstructor: method 'void <init>()' not found
	at com.viaversion.viaversion.util.YamlConstructor.<init>(YamlConstructor.java:30) ~[?:?]
	at com.viaversion.viaversion.util.Config.lambda$static$0(Config.java:44) ~[?:?]
	at java.lang.ThreadLocal$SuppliedThreadLocal.initialValue(ThreadLocal.java:305) ~[?:?]
	at java.lang.ThreadLocal.setInitialValue(ThreadLocal.java:195) ~[?:?]
	at java.lang.ThreadLocal.get(ThreadLocal.java:172) ~[?:?]
	at com.viaversion.viaversion.util.Config.loadConfig(Config.java:98) ~[?:?]
	at com.viaversion.viaversion.util.Config.loadConfig(Config.java:66) ~[?:?]
	at com.viaversion.viaversion.util.Config.reloadConfig(Config.java:150) ~[?:?]
	at com.viaversion.viaversion.configuration.AbstractViaConfig.reloadConfig(AbstractViaConfig.java:101) ~[?:?]
	at com.viaversion.viaversion.bukkit.platform.BukkitViaConfig.<init>(BukkitViaConfig.java:39) ~[?:?]
	at com.viaversion.viaversion.ViaVersionPlugin.<init>(ViaVersionPlugin.java:79) ~[?:?]
	at jdk.internal.reflect.DirectConstructorHandleAccessor.newInstance(DirectConstructorHandleAccessor.java:67) ~[?:?]
	at java.lang.reflect.Constructor.newInstanceWithCaller(Constructor.java:499) ~[?:?]
	at java.lang.reflect.ReflectAccess.newInstance(ReflectAccess.java:128) ~[?:?]
	at jdk.internal.reflect.ReflectionFactory.newInstance(ReflectionFactory.java:341) ~[?:?]
	at java.lang.Class.newInstance(Class.java:677) ~[?:?]
	at org.bukkit.plugin.java.PluginClassLoader.<init>(PluginClassLoader.java:79) ~[spigot-api-1.20.1-R0.1-SNAPSHOT.jar:?]
	at org.bukkit.plugin.java.JavaPluginLoader.loadPlugin(JavaPluginLoader.java:145) ~[spigot-api-1.20.1-R0.1-SNAPSHOT.jar:?]
	... 7 more
[02:26:37] [Server thread/ERROR]: Could not load 'plugins/ViaBackwards-4.5.1.jar' in folder 'plugins'
org.bukkit.plugin.UnknownDependencyException: Unknown dependency ViaVersion. Please download and install ViaVersion to run this plugin.
	at org.bukkit.plugin.SimplePluginManager.loadPlugins(SimplePluginManager.java:269) ~[spigot-api-1.20.1-R0.1-SNAPSHOT.jar:?]
	at org.bukkit.craftbukkit.v1_20_R1.CraftServer.loadPlugins(CraftServer.java:435) ~[spigot-1.20.1-R0.1-SNAPSHOT.jar:3871-Spigot-d2eba2c-3f9263b]
	at net.minecraft.server.dedicated.DedicatedServer.e(DedicatedServer.java:219) ~[spigot-1.20.1-R0.1-SNAPSHOT.jar:3871-Spigot-d2eba2c-3f9263b]
	at net.minecraft.server.MinecraftServer.w(MinecraftServer.java:972) ~[spigot-1.20.1-R0.1-SNAPSHOT.jar:3871-Spigot-d2eba2c-3f9263b]
	at net.minecraft.server.MinecraftServer.lambda$0(MinecraftServer.java:303) ~[spigot-1.20.1-R0.1-SNAPSHOT.jar:3871-Spigot-d2eba2c-3f9263b]
	at java.lang.Thread.run(Thread.java:833) ~[?:?]
[02:26:37] [Server thread/ERROR]: Could not load 'plugins/ViaRewind-2.0.2 (5).jar' in folder 'plugins'
org.bukkit.plugin.UnknownDependencyException: Unknown dependency ViaVersion. Please download and install ViaVersion to run this plugin.
	at org.bukkit.plugin.SimplePluginManager.loadPlugins(SimplePluginManager.java:269) ~[spigot-api-1.20.1-R0.1-SNAPSHOT.jar:?]
	at org.bukkit.craftbukkit.v1_20_R1.CraftServer.loadPlugins(CraftServer.java:435) ~[spigot-1.20.1-R0.1-SNAPSHOT.jar:3871-Spigot-d2eba2c-3f9263b]
	at net.minecraft.server.dedicated.DedicatedServer.e(DedicatedServer.java:219) ~[spigot-1.20.1-R0.1-SNAPSHOT.jar:3871-Spigot-d2eba2c-3f9263b]
	at net.minecraft.server.MinecraftServer.w(MinecraftServer.java:972) ~[spigot-1.20.1-R0.1-SNAPSHOT.jar:3871-Spigot-d2eba2c-3f9263b]
	at net.minecraft.server.MinecraftServer.lambda$0(MinecraftServer.java:303) ~[spigot-1.20.1-R0.1-SNAPSHOT.jar:3871-Spigot-d2eba2c-3f9263b]
	at java.lang.Thread.run(Thread.java:833) ~[?:?]
[02:26:37] [Server thread/INFO]: [DisableJoinMessage] Loading DisableJoinMessage v1.0
[02:26:37] [Server thread/INFO]: [AuthMe] Loading AuthMe v5.6.0-SNAPSHOT-b2597
[02:26:37] [Server thread/INFO]: [AuthmeAddon] Loading AuthmeAddon v1.1.0
[02:26:37] [Server thread/INFO]: [FastAsyncWorldEdit] Loading FastAsyncWorldEdit v2.5.1-SNAPSHOT-336;afe601b
[02:26:38] [Server thread/INFO]: Got request to register class com.sk89q.worldedit.bukkit.BukkitServerInterface with WorldEdit [com.sk89q.worldedit.extension.platform.PlatformManager@16b49892]
[02:26:38] [Server thread/INFO]: Default configuration file written: worldedit-config.yml
[02:26:38] [Server thread/ERROR]: org.yaml.snakeyaml.representer.Representer: method 'void <init>()' not found initializing FastAsyncWorldEdit v2.5.1-SNAPSHOT-336;afe601b (Is it up to date?)
java.lang.NoSuchMethodError: org.yaml.snakeyaml.representer.Representer: method 'void <init>()' not found
	at com.sk89q.util.yaml.YAMLProcessor$FancyRepresenter.<init>(YAMLProcessor.java:312) ~[?:?]
	at com.sk89q.util.yaml.YAMLProcessor.<init>(YAMLProcessor.java:96) ~[?:?]
	at com.sk89q.util.yaml.YAMLProcessor.<init>(YAMLProcessor.java:114) ~[?:?]
	at com.sk89q.worldedit.bukkit.WorldEditPlugin.onLoad(WorldEditPlugin.java:146) ~[?:?]
	at org.bukkit.craftbukkit.v1_20_R1.CraftServer.loadPlugins(CraftServer.java:440) ~[spigot-1.20.1-R0.1-SNAPSHOT.jar:3871-Spigot-d2eba2c-3f9263b]
	at net.minecraft.server.dedicated.DedicatedServer.e(DedicatedServer.java:219) ~[spigot-1.20.1-R0.1-SNAPSHOT.jar:3871-Spigot-d2eba2c-3f9263b]
	at net.minecraft.server.MinecraftServer.w(MinecraftServer.java:972) ~[spigot-1.20.1-R0.1-SNAPSHOT.jar:3871-Spigot-d2eba2c-3f9263b]
	at net.minecraft.server.MinecraftServer.lambda$0(MinecraftServer.java:303) ~[spigot-1.20.1-R0.1-SNAPSHOT.jar:3871-Spigot-d2eba2c-3f9263b]
	at java.lang.Thread.run(Thread.java:833) ~[?:?]
[02:26:38] [Server thread/INFO]: [CommandWhitelist] Loading CommandWhitelist v2.5.4
[02:26:38] [Server thread/INFO]: [BungeeGuard] Loading BungeeGuard v1.3-SNAPSHOT
[02:26:38] [Server thread/INFO]: [PlaceholderAPI] Loading PlaceholderAPI v2.11.2
[02:26:38] [Server thread/INFO]: [WorldGuard] Loading WorldGuard v7.0.7+216b061
[02:26:38] [Server thread/INFO]: [HolographicDisplays] Loading HolographicDisplays v3.0.0
[02:26:38] [Server thread/INFO]: [FastAsyncWorldEdit] Enabling FastAsyncWorldEdit v2.5.1-SNAPSHOT-336;afe601b
[02:26:38] [Server thread/INFO]: LZ4 Compression Binding loaded successfully
[02:26:38] [Server thread/INFO]: ZSTD Compression Binding loaded successfully
[02:26:38] [Server thread/ERROR]: Error occurred while enabling FastAsyncWorldEdit v2.5.1-SNAPSHOT-336;afe601b (Is it up to date?)
java.lang.NullPointerException: Cannot invoke "com.sk89q.worldedit.bukkit.BukkitConfiguration.load()" because "this.config" is null
	at com.sk89q.worldedit.bukkit.WorldEditPlugin.onEnable(WorldEditPlugin.java:186) ~[?:?]
	at org.bukkit.plugin.java.JavaPlugin.setEnabled(JavaPlugin.java:266) ~[spigot-api-1.20.1-R0.1-SNAPSHOT.jar:?]
	at org.bukkit.plugin.java.JavaPluginLoader.enablePlugin(JavaPluginLoader.java:342) ~[spigot-api-1.20.1-R0.1-SNAPSHOT.jar:?]
	at org.bukkit.plugin.SimplePluginManager.enablePlugin(SimplePluginManager.java:480) ~[spigot-api-1.20.1-R0.1-SNAPSHOT.jar:?]
	at org.bukkit.craftbukkit.v1_20_R1.CraftServer.enablePlugin(CraftServer.java:546) ~[spigot-1.20.1-R0.1-SNAPSHOT.jar:3871-Spigot-d2eba2c-3f9263b]
	at org.bukkit.craftbukkit.v1_20_R1.CraftServer.enablePlugins(CraftServer.java:460) ~[spigot-1.20.1-R0.1-SNAPSHOT.jar:3871-Spigot-d2eba2c-3f9263b]
	at net.minecraft.server.dedicated.DedicatedServer.e(DedicatedServer.java:220) ~[spigot-1.20.1-R0.1-SNAPSHOT.jar:3871-Spigot-d2eba2c-3f9263b]
	at net.minecraft.server.MinecraftServer.w(MinecraftServer.java:972) ~[spigot-1.20.1-R0.1-SNAPSHOT.jar:3871-Spigot-d2eba2c-3f9263b]
	at net.minecraft.server.MinecraftServer.lambda$0(MinecraftServer.java:303) ~[spigot-1.20.1-R0.1-SNAPSHOT.jar:3871-Spigot-d2eba2c-3f9263b]
	at java.lang.Thread.run(Thread.java:833) ~[?:?]
[02:26:38] [Server thread/INFO]: [BungeeGuard] Enabling BungeeGuard v1.3-SNAPSHOT
[02:26:38] [Server thread/ERROR]: Error occurred while enabling BungeeGuard v1.3-SNAPSHOT (Is it up to date?)
java.lang.NoSuchMethodError: 'org.bukkit.configuration.file.YamlConfiguration org.bukkit.Server$Spigot.getSpigotConfig()'
	at me.lucko.bungeeguard.spigot.BungeeGuardBackendPlugin.onEnable(BungeeGuardBackendPlugin.java:57) ~[?:?]
	at org.bukkit.plugin.java.JavaPlugin.setEnabled(JavaPlugin.java:266) ~[spigot-api-1.20.1-R0.1-SNAPSHOT.jar:?]
	at org.bukkit.plugin.java.JavaPluginLoader.enablePlugin(JavaPluginLoader.java:342) ~[spigot-api-1.20.1-R0.1-SNAPSHOT.jar:?]
	at org.bukkit.plugin.SimplePluginManager.enablePlugin(SimplePluginManager.java:480) ~[spigot-api-1.20.1-R0.1-SNAPSHOT.jar:?]
	at org.bukkit.craftbukkit.v1_20_R1.CraftServer.enablePlugin(CraftServer.java:546) ~[spigot-1.20.1-R0.1-SNAPSHOT.jar:3871-Spigot-d2eba2c-3f9263b]
	at org.bukkit.craftbukkit.v1_20_R1.CraftServer.enablePlugins(CraftServer.java:460) ~[spigot-1.20.1-R0.1-SNAPSHOT.jar:3871-Spigot-d2eba2c-3f9263b]
	at net.minecraft.server.dedicated.DedicatedServer.e(DedicatedServer.java:220) ~[spigot-1.20.1-R0.1-SNAPSHOT.jar:3871-Spigot-d2eba2c-3f9263b]
	at net.minecraft.server.MinecraftServer.w(MinecraftServer.java:972) ~[spigot-1.20.1-R0.1-SNAPSHOT.jar:3871-Spigot-d2eba2c-3f9263b]
	at net.minecraft.server.MinecraftServer.lambda$0(MinecraftServer.java:303) ~[spigot-1.20.1-R0.1-SNAPSHOT.jar:3871-Spigot-d2eba2c-3f9263b]
	at java.lang.Thread.run(Thread.java:833) ~[?:?]
[02:26:38] [Server thread/WARN]: **** SERVER IS RUNNING IN OFFLINE/INSECURE MODE!
[02:26:38] [Server thread/WARN]: The server will make no attempt to authenticate usernames. Beware.
[02:26:38] [Server thread/WARN]: Whilst this makes it possible to use BungeeCord, unless access to your server is properly restricted, it also opens up the ability for hackers to connect with any username they choose.
[02:26:38] [Server thread/WARN]: Please see http://www.spigotmc.org/wiki/firewall-guide/ for further information.
[02:26:38] [Server thread/WARN]: To change this, set "online-mode" to "true" in the server.properties file.
[02:26:38] [Server thread/INFO]: Preparing level "world"
[02:26:38] [Server thread/INFO]: -------- World Settings For [world] --------
[02:26:38] [Server thread/INFO]: Entity Activation Range: An 32 / Mo 32 / Ra 48 / Mi 16 / Tiv true / Isa false
[02:26:38] [Server thread/INFO]: Entity Tracking Range: Pl 48 / An 48 / Mo 48 / Mi 32 / Di 128 / Other 64
[02:26:38] [Server thread/INFO]: Hopper Transfer: 8 Hopper Check: 1 Hopper Amount: 1 Hopper Can Load Chunks: false
[02:26:38] [Server thread/INFO]: Experience Merge Radius: 3.0
[02:26:38] [Server thread/INFO]: Mob Spawn Range: 6
[02:26:38] [Server thread/INFO]: Cactus Growth Modifier: 100%
[02:26:38] [Server thread/INFO]: Cane Growth Modifier: 100%
[02:26:38] [Server thread/INFO]: Melon Growth Modifier: 100%
[02:26:38] [Server thread/INFO]: Mushroom Growth Modifier: 100%
[02:26:38] [Server thread/INFO]: Pumpkin Growth Modifier: 100%
[02:26:38] [Server thread/INFO]: Sapling Growth Modifier: 100%
[02:26:38] [Server thread/INFO]: Beetroot Growth Modifier: 100%
[02:26:38] [Server thread/INFO]: Carrot Growth Modifier: 100%
[02:26:38] [Server thread/INFO]: Potato Growth Modifier: 100%
[02:26:38] [Server thread/INFO]: Wheat Growth Modifier: 100%
[02:26:38] [Server thread/INFO]: NetherWart Growth Modifier: 100%
[02:26:38] [Server thread/INFO]: Vine Growth Modifier: 100%
[02:26:38] [Server thread/INFO]: Cocoa Growth Modifier: 100%
[02:26:38] [Server thread/INFO]: Bamboo Growth Modifier: 100%
[02:26:38] [Server thread/INFO]: SweetBerry Growth Modifier: 100%
[02:26:38] [Server thread/INFO]: Kelp Growth Modifier: 100%
[02:26:38] [Server thread/INFO]: TwistingVines Growth Modifier: 100%
[02:26:38] [Server thread/INFO]: WeepingVines Growth Modifier: 100%
[02:26:38] [Server thread/INFO]: CaveVines Growth Modifier: 100%
[02:26:38] [Server thread/INFO]: Custom Map Seeds:  Village: 10387312 Desert: 14357617 Igloo: 14357618 Jungle: 14357619 Swamp: 14357620 Monument: 10387313 Ocean: 14357621 Shipwreck: 165745295 End City: 10387313 Slime: 987234911 Nether: 30084232 Mansion: 10387319 Fossil: 14357921 Portal: 34222645
[02:26:38] [Server thread/INFO]: Max TNT Explosions: 100
[02:26:38] [Server thread/INFO]: Tile Max Tick Time: 50ms Entity max Tick Time: 50ms
[02:26:38] [Server thread/INFO]: Item Merge Radius: 2.5
[02:26:38] [Server thread/INFO]: Item Despawn Rate: 6000
[02:26:38] [Server thread/INFO]: View Distance: 10
[02:26:38] [Server thread/INFO]: Simulation Distance: 10
[02:26:38] [Server thread/INFO]: Allow Zombie Pigmen to spawn from portal blocks: true
[02:26:38] [Server thread/INFO]: Arrow Despawn Rate: 1200 Trident Respawn Rate:1200
[02:26:38] [Server thread/INFO]: Zombie Aggressive Towards Villager: true
[02:26:38] [Server thread/INFO]: Nerfing mobs spawned from spawners: false
[02:26:39] [Server thread/INFO]: Preparing start region for dimension minecraft:overworld
[02:26:42] [Worker-Main-5/INFO]: Preparing spawn area: 0%
[02:26:42] [Worker-Main-5/INFO]: Preparing spawn area: 0%
[02:26:42] [Worker-Main-5/INFO]: Preparing spawn area: 0%
[02:26:42] [Worker-Main-5/INFO]: Preparing spawn area: 0%
[02:26:42] [Worker-Main-5/INFO]: Preparing spawn area: 0%
[02:26:42] [Worker-Main-9/INFO]: Preparing spawn area: 0%
[02:26:42] [Worker-Main-12/INFO]: Preparing spawn area: 0%
[02:26:42] [Worker-Main-12/INFO]: Preparing spawn area: 0%
[02:26:43] [Worker-Main-21/INFO]: Preparing spawn area: 4%
[02:26:43] [Worker-Main-12/INFO]: Preparing spawn area: 41%
[02:26:44] [Worker-Main-12/INFO]: Preparing spawn area: 83%
[02:26:44] [Server thread/INFO]: Time elapsed: 5204 ms
[02:26:44] [Server thread/INFO]: [DisableJoinMessage] Enabling DisableJoinMessage v1.0
[02:26:44] [Server thread/INFO]: §c===================================
[02:26:44] [Server thread/INFO]: §c===================================
[02:26:44] [Server thread/INFO]: §aCheck out my other Plugins!
[02:26:44] [Server thread/INFO]: §aI also sell a BedWars §aPlugin!
[02:26:44] [Server thread/INFO]: §c===================================
[02:26:44] [Server thread/INFO]: §c===================================
[02:26:44] [Server thread/INFO]: [AuthMe] Enabling AuthMe v5.6.0-SNAPSHOT-b2597
[02:26:44] [Server thread/INFO]: [AuthMe] Created column 'regdate' and set the current timestamp, 1697866004834, to all 0 rows
[02:26:45] [Server thread/INFO]: [AuthMe] SQLite Setup finished
[02:26:45] [Server thread/INFO]: [AuthMe] No supported permissions system found! Permissions are disabled!
[02:26:45] [Server thread/WARN]: [AuthMe] WARNING! The protectInventory feature requires ProtocolLib! Disabling it...
[02:26:45] [Server thread/WARN]: [AuthMe] Note: Hooks.bungeecord is set to false but your server appears to be running in bungeecord mode (see your spigot.yml). In order to allow the datasource caching and the AuthMeBungee add-on to work properly you have to enable this option!
[02:26:45] [Server thread/INFO]: [AuthMe] AuthMe 5.6.0-SNAPSHOT build n.2597 successfully enabled!
[02:26:45] [Server thread/INFO]: [AuthmeAddon] Enabling AuthmeAddon v1.1.0
[02:26:45] [Server thread/INFO]: Authme addon enabled
[02:26:45] [Server thread/INFO]: [CommandWhitelist] Enabling CommandWhitelist v2.5.4
[02:26:45] [Server thread/ERROR]: Error occurred while enabling CommandWhitelist v2.5.4 (Is it up to date?)
java.lang.NoSuchMethodError: org.yaml.snakeyaml.representer.Representer: method 'void <init>()' not found
	at io.github.thatsmusic99.configurationmaster.api.ConfigFile.<init>(ConfigFile.java:45) ~[?:?]
	at io.github.thatsmusic99.configurationmaster.api.ConfigFile.loadConfig(ConfigFile.java:86) ~[?:?]
	at eu.endermite.commandwhitelist.common.ConfigCache.reloadConfig(ConfigCache.java:33) ~[?:?]
	at eu.endermite.commandwhitelist.common.ConfigCache.<init>(ConfigCache.java:27) ~[?:?]
	at eu.endermite.commandwhitelist.bukkit.CommandWhitelistBukkit.reloadPluginConfig(CommandWhitelistBukkit.java:73) ~[?:?]
	at eu.endermite.commandwhitelist.bukkit.CommandWhitelistBukkit.onEnable(CommandWhitelistBukkit.java:37) ~[?:?]
	at org.bukkit.plugin.java.JavaPlugin.setEnabled(JavaPlugin.java:266) ~[spigot-api-1.20.1-R0.1-SNAPSHOT.jar:?]
	at org.bukkit.plugin.java.JavaPluginLoader.enablePlugin(JavaPluginLoader.java:342) ~[spigot-api-1.20.1-R0.1-SNAPSHOT.jar:?]
	at org.bukkit.plugin.SimplePluginManager.enablePlugin(SimplePluginManager.java:480) ~[spigot-api-1.20.1-R0.1-SNAPSHOT.jar:?]
	at org.bukkit.craftbukkit.v1_20_R1.CraftServer.enablePlugin(CraftServer.java:546) ~[spigot-1.20.1-R0.1-SNAPSHOT.jar:3871-Spigot-d2eba2c-3f9263b]
	at org.bukkit.craftbukkit.v1_20_R1.CraftServer.enablePlugins(CraftServer.java:460) ~[spigot-1.20.1-R0.1-SNAPSHOT.jar:3871-Spigot-d2eba2c-3f9263b]
	at net.minecraft.server.MinecraftServer.loadWorld0(MinecraftServer.java:588) ~[spigot-1.20.1-R0.1-SNAPSHOT.jar:3871-Spigot-d2eba2c-3f9263b]
	at net.minecraft.server.MinecraftServer.loadLevel(MinecraftServer.java:413) ~[spigot-1.20.1-R0.1-SNAPSHOT.jar:3871-Spigot-d2eba2c-3f9263b]
	at net.minecraft.server.dedicated.DedicatedServer.e(DedicatedServer.java:250) ~[spigot-1.20.1-R0.1-SNAPSHOT.jar:3871-Spigot-d2eba2c-3f9263b]
	at net.minecraft.server.MinecraftServer.w(MinecraftServer.java:972) ~[spigot-1.20.1-R0.1-SNAPSHOT.jar:3871-Spigot-d2eba2c-3f9263b]
	at net.minecraft.server.MinecraftServer.lambda$0(MinecraftServer.java:303) ~[spigot-1.20.1-R0.1-SNAPSHOT.jar:3871-Spigot-d2eba2c-3f9263b]
	at java.lang.Thread.run(Thread.java:833) ~[?:?]
[02:26:45] [Server thread/INFO]: [PlaceholderAPI] Enabling PlaceholderAPI v2.11.2
[02:26:45] [Server thread/INFO]: [PlaceholderAPI] Fetching available expansion information...
[02:26:45] [Server thread/INFO]: [WorldGuard] Enabling WorldGuard v7.0.7+216b061
[02:26:45] [Server thread/ERROR]: Error occurred while enabling WorldGuard v7.0.7+216b061 (Is it up to date?)
java.lang.NoSuchMethodError: org.yaml.snakeyaml.representer.Representer: method 'void <init>()' not found
	at com.sk89q.util.yaml.YAMLProcessor$FancyRepresenter.<init>(YAMLProcessor.java:312) ~[?:?]
	at com.sk89q.util.yaml.YAMLProcessor.<init>(YAMLProcessor.java:96) ~[?:?]
	at com.sk89q.wepif.PermissionsResolverManager.loadConfig(PermissionsResolverManager.java:198) ~[?:?]
	at com.sk89q.wepif.PermissionsResolverManager.<init>(PermissionsResolverManager.java:104) ~[?:?]
	at com.sk89q.wepif.PermissionsResolverManager.initialize(PermissionsResolverManager.java:68) ~[?:?]
	at com.sk89q.worldguard.bukkit.WorldGuardPlugin.onEnable(WorldGuardPlugin.java:147) ~[?:?]
	at org.bukkit.plugin.java.JavaPlugin.setEnabled(JavaPlugin.java:266) ~[spigot-api-1.20.1-R0.1-SNAPSHOT.jar:?]
	at org.bukkit.plugin.java.JavaPluginLoader.enablePlugin(JavaPluginLoader.java:342) ~[spigot-api-1.20.1-R0.1-SNAPSHOT.jar:?]
	at org.bukkit.plugin.SimplePluginManager.enablePlugin(SimplePluginManager.java:480) ~[spigot-api-1.20.1-R0.1-SNAPSHOT.jar:?]
	at org.bukkit.craftbukkit.v1_20_R1.CraftServer.enablePlugin(CraftServer.java:546) ~[spigot-1.20.1-R0.1-SNAPSHOT.jar:3871-Spigot-d2eba2c-3f9263b]
	at org.bukkit.craftbukkit.v1_20_R1.CraftServer.enablePlugins(CraftServer.java:460) ~[spigot-1.20.1-R0.1-SNAPSHOT.jar:3871-Spigot-d2eba2c-3f9263b]
	at net.minecraft.server.MinecraftServer.loadWorld0(MinecraftServer.java:588) ~[spigot-1.20.1-R0.1-SNAPSHOT.jar:3871-Spigot-d2eba2c-3f9263b]
	at net.minecraft.server.MinecraftServer.loadLevel(MinecraftServer.java:413) ~[spigot-1.20.1-R0.1-SNAPSHOT.jar:3871-Spigot-d2eba2c-3f9263b]
	at net.minecraft.server.dedicated.DedicatedServer.e(DedicatedServer.java:250) ~[spigot-1.20.1-R0.1-SNAPSHOT.jar:3871-Spigot-d2eba2c-3f9263b]
	at net.minecraft.server.MinecraftServer.w(MinecraftServer.java:972) ~[spigot-1.20.1-R0.1-SNAPSHOT.jar:3871-Spigot-d2eba2c-3f9263b]
	at net.minecraft.server.MinecraftServer.lambda$0(MinecraftServer.java:303) ~[spigot-1.20.1-R0.1-SNAPSHOT.jar:3871-Spigot-d2eba2c-3f9263b]
	at java.lang.Thread.run(Thread.java:833) ~[?:?]
[02:26:45] [Server thread/INFO]: [HolographicDisplays] Enabling HolographicDisplays v3.0.0
[02:26:45] [Server thread/INFO]: [0;31;22m[HolographicDisplays] [0;31;1mFatal error while enabling HolographicDisplays v3.0.0:
[02:26:45] [Server thread/INFO]: 
[02:26:45] [Server thread/INFO]: Holographic Displays only supports Spigot from 1.8 to 1.18.2.
[02:26:45] [Server thread/INFO]: The plugin has been disabled.
[02:26:45] [Server thread/INFO]: [m
[02:26:45] [Server thread/INFO]: Server permissions file permissions.yml is empty, ignoring it
[02:26:45] [Server thread/INFO]: [PlaceholderAPI] Placeholder expansion registration initializing...
[02:26:45] [Server thread/INFO]: Done (7.175s)! For help, type "help"
[02:26:45] [Server thread/WARN]: [FastAsyncWorldEdit] Loaded class com.sk89q.worldguard.protection.association.RegionAssociable from WorldGuard v7.0.7+216b061 which is not a depend or softdepend of this plugin.
[02:26:45] [Server thread/INFO]: Plugin 'WorldGuard' found. Using it now.
[02:26:45] [Server thread/INFO]: Attempting to use plugin 'WorldGuard'
[02:26:45] [Craft Scheduler Thread - 1/INFO]: [AuthMe] Downloading GEO IP database, because the old database is older than 30 days or doesn't exist
[02:26:45] [Craft Scheduler Thread - 1/WARN]: [AuthMe] No MaxMind credentials found in the configuration file! GeoIp protections will be disabled.
[02:26:45] [Server thread/INFO]: [0;33;22m0 placeholder hook(s) registered![m
[02:26:45] [Craft Scheduler Thread - 1/INFO]: [AuthMe] There is no newer GEO IP database uploaded to MaxMind. Using the old one for now.
[02:26:45] [Craft Scheduler Thread - 1/WARN]: [AuthMe] Could not download GeoLiteAPI database [FileNotFoundException]: plugins/AuthMe/GeoLite2-Country.mmdb (No such file or directory)
[02:26:46] [Server thread/INFO]: [0;31;22m[HolographicDisplays] [0;31;1mFatal error while enabling the plugin. Check previous logs for more information.[m
[02:26:50] [Server thread/INFO]: [PlaceholderAPI] An update for PlaceholderAPI (v2.11.4) is available at:
[02:26:50] [Server thread/INFO]: [PlaceholderAPI] https://www.spigotmc.org/resources/placeholderapi.6245/
[02:27:08] [Server thread/INFO]: Stopping the server
[02:27:08] [Server thread/INFO]: Stopping server
[02:27:08] [Server thread/INFO]: [WorldGuard] Disabling WorldGuard v7.0.7+216b061
[02:27:08] [Server thread/ERROR]: Error occurred while disabling WorldGuard v7.0.7+216b061 (Is it up to date?)
java.lang.NullPointerException: Cannot invoke "com.google.common.util.concurrent.ListeningExecutorService.shutdown()" because "this.executorService" is null
	at com.sk89q.worldguard.WorldGuard.disable(WorldGuard.java:184) ~[?:?]
	at com.sk89q.worldguard.bukkit.WorldGuardPlugin.onDisable(WorldGuardPlugin.java:267) ~[?:?]
	at org.bukkit.plugin.java.JavaPlugin.setEnabled(JavaPlugin.java:268) ~[spigot-api-1.20.1-R0.1-SNAPSHOT.jar:?]
	at org.bukkit.plugin.java.JavaPluginLoader.disablePlugin(JavaPluginLoader.java:367) ~[spigot-api-1.20.1-R0.1-SNAPSHOT.jar:?]
	at org.bukkit.plugin.SimplePluginManager.disablePlugin(SimplePluginManager.java:501) ~[spigot-api-1.20.1-R0.1-SNAPSHOT.jar:?]
	at org.bukkit.plugin.SimplePluginManager.disablePlugins(SimplePluginManager.java:493) ~[spigot-api-1.20.1-R0.1-SNAPSHOT.jar:?]
	at org.bukkit.craftbukkit.v1_20_R1.CraftServer.disablePlugins(CraftServer.java:480) ~[spigot-1.20.1-R0.1-SNAPSHOT.jar:3871-Spigot-d2eba2c-3f9263b]
	at net.minecraft.server.MinecraftServer.t(MinecraftServer.java:864) ~[spigot-1.20.1-R0.1-SNAPSHOT.jar:3871-Spigot-d2eba2c-3f9263b]
	at net.minecraft.server.dedicated.DedicatedServer.t(DedicatedServer.java:692) ~[spigot-1.20.1-R0.1-SNAPSHOT.jar:3871-Spigot-d2eba2c-3f9263b]
	at net.minecraft.server.MinecraftServer.w(MinecraftServer.java:1047) ~[spigot-1.20.1-R0.1-SNAPSHOT.jar:3871-Spigot-d2eba2c-3f9263b]
	at net.minecraft.server.MinecraftServer.lambda$0(MinecraftServer.java:303) ~[spigot-1.20.1-R0.1-SNAPSHOT.jar:3871-Spigot-d2eba2c-3f9263b]
	at java.lang.Thread.run(Thread.java:833) ~[?:?]
[02:27:08] [Server thread/INFO]: [PlaceholderAPI] Disabling PlaceholderAPI v2.11.2
[02:27:08] [Server thread/INFO]: [BungeeGuard] Disabling BungeeGuard v1.3-SNAPSHOT
[02:27:08] [Server thread/INFO]: [CommandWhitelist] Disabling CommandWhitelist v2.5.4
[02:27:08] [Server thread/INFO]: [FastAsyncWorldEdit] Disabling FastAsyncWorldEdit v2.5.1-SNAPSHOT-336;afe601b
[02:27:08] [Server thread/INFO]: Unregistering com.sk89q.worldedit.bukkit.BukkitServerInterface from WorldEdit
[02:27:08] [Server thread/INFO]: [AuthmeAddon] Disabling AuthmeAddon v1.1.0
[02:27:08] [Server thread/INFO]: [AuthMe] Disabling AuthMe v5.6.0-SNAPSHOT-b2597
[02:27:08] [Server thread/INFO]: [AuthMe] Waiting for 0 tasks to finish
[02:27:08] [Server thread/INFO]: [AuthMe] AuthMe 5.6.0-SNAPSHOT-b2597 disabled!
[02:27:08] [Server thread/INFO]: [DisableJoinMessage] Disabling DisableJoinMessage v1.0
[02:27:08] [Server thread/INFO]: Saving players
[02:27:08] [Server thread/INFO]: Saving worlds
[02:27:09] [Server thread/INFO]: Saving chunks for level 'ServerLevel[world]'/minecraft:overworld
[02:27:26] [Server thread/INFO]: ThreadedAnvilChunkStorage (world): All chunks are saved
[02:27:26] [Server thread/INFO]: ThreadedAnvilChunkStorage: All dimensions are saved
