[01:10:26] [ServerMain/INFO]: Environment: authHost='https://authserver.mojang.com', accountsHost='https://api.mojang.com', sessionHost='https://sessionserver.mojang.com', servicesHost='https://api.minecraftservices.com', name='PROD'
[01:10:28] [ServerMain/INFO]: Loaded 7 recipes
[01:10:29] [Server thread/INFO]: Starting minecraft server version 1.20.1
[01:10:29] [Server thread/INFO]: Loading properties
[01:10:29] [Server thread/INFO]: This server is running CraftBukkit version 3871-Spigot-d2eba2c-3f9263b (MC: 1.20.1) (Implementing API version 1.20.1-R0.1-SNAPSHOT)
[01:10:29] [Server thread/INFO]: Debug logging is disabled
[01:10:29] [Server thread/INFO]: Server Ping Player Sample Count: 12
[01:10:29] [Server thread/INFO]: Using 4 threads for Netty based IO
[01:10:29] [Server thread/INFO]: Default game type: SURVIVAL
[01:10:29] [Server thread/INFO]: Generating keypair
[01:10:30] [Server thread/INFO]: Starting Minecraft server on 0.0.0.0:27012
[01:10:30] [Server thread/INFO]: Using epoll channel type
[01:10:30] [Server thread/WARN]: Initializing Legacy Material Support. Unless you have legacy plugins and/or data this is a bug!
[01:10:34] [Server thread/WARN]: Legacy plugin VoidWorld v1.0 does not specify an api-version.
[01:10:34] [Server thread/INFO]: [Vault] Loading Vault v1.7.3-b131
[01:10:34] [Server thread/INFO]: [VoidWorld] Loading VoidWorld v1.0
[01:10:34] [Server thread/INFO]: [Multiverse-Core] Loading Multiverse-Core v4.3.12
[01:10:34] [Server thread/INFO]: [ProtocolLib] Loading ProtocolLib v5.1.0
[01:10:35] [Server thread/INFO]: [WorldEdit] Loading WorldEdit v7.2.17+6544-56d0383
[01:10:35] [Server thread/INFO]: Got request to register class com.sk89q.worldedit.bukkit.BukkitServerInterface with WorldEdit [com.sk89q.worldedit.extension.platform.PlatformManager@6fe08131]
[01:10:36] [Server thread/INFO]: [DecentHolograms] Loading DecentHolograms v2.8.4
[01:10:36] [Server thread/INFO]: [WorldGuard] Loading WorldGuard v7.0.9+5934e49
[01:10:36] [Server thread/INFO]: [Vault] Enabling Vault v1.7.3-b131
[01:10:36] [Server thread/INFO]: [Vault] [Permission] SuperPermissions loaded as backup permission system.
[01:10:36] [Server thread/INFO]: [Vault] Enabled Version 1.7.3-b131
[01:10:36] [Server thread/INFO]: [VoidWorld] Enabling VoidWorld v1.0
[01:10:36] [Server thread/INFO]: [ProtocolLib] Enabling ProtocolLib v5.1.0
[01:10:36] [Server thread/INFO]: [WorldEdit] Enabling WorldEdit v7.2.17+6544-56d0383
[01:10:36] [Server thread/INFO]: Registering commands with com.sk89q.worldedit.bukkit.BukkitServerInterface
[01:10:36] [Server thread/INFO]: WEPIF: Vault detected! Using Vault for permissions
[01:10:36] [Server thread/INFO]: Using com.sk89q.worldedit.bukkit.adapter.impl.v1_20_R1.PaperweightAdapter as the Bukkit adapter
[01:10:37] [Server thread/INFO]: [WorldEdit] ====================================================
[01:10:37] [Server thread/INFO]: [WorldEdit]  WorldEdit works better if you use Paper 
[01:10:37] [Server thread/INFO]: [WorldEdit]  as your server software. 
[01:10:37] [Server thread/INFO]: [WorldEdit]   
[01:10:37] [Server thread/INFO]: [WorldEdit]  Paper offers significant performance improvements,
[01:10:37] [Server thread/INFO]: [WorldEdit]  bug fixes, security enhancements and optional
[01:10:37] [Server thread/INFO]: [WorldEdit]  features for server owners to enhance their server.
[01:10:37] [Server thread/INFO]: [WorldEdit]   
[01:10:37] [Server thread/INFO]: [WorldEdit]  Paper includes Timings v2, which is significantly
[01:10:37] [Server thread/INFO]: [WorldEdit]  better at diagnosing lag problems over v1.
[01:10:37] [Server thread/INFO]: [WorldEdit]   
[01:10:37] [Server thread/INFO]: [WorldEdit]  All of your plugins should still work, and the
[01:10:37] [Server thread/INFO]: [WorldEdit]  Paper community will gladly help you fix any issues.
[01:10:37] [Server thread/INFO]: [WorldEdit]   
[01:10:37] [Server thread/INFO]: [WorldEdit]  Join the Paper Community @ https://papermc.io
[01:10:37] [Server thread/INFO]: [WorldEdit] ====================================================
[01:10:37] [Server thread/WARN]: **** SERVER IS RUNNING IN OFFLINE/INSECURE MODE!
[01:10:37] [Server thread/WARN]: The server will make no attempt to authenticate usernames. Beware.
[01:10:37] [Server thread/WARN]: Whilst this makes it possible to use BungeeCord, unless access to your server is properly restricted, it also opens up the ability for hackers to connect with any username they choose.
[01:10:37] [Server thread/WARN]: Please see http://www.spigotmc.org/wiki/firewall-guide/ for further information.
[01:10:37] [Server thread/WARN]: To change this, set "online-mode" to "true" in the server.properties file.
[01:10:37] [Server thread/INFO]: Preparing level "world"
[01:10:37] [Server thread/INFO]: -------- World Settings For [world] --------
[01:10:37] [Server thread/INFO]: Mob Spawn Range: 6
[01:10:37] [Server thread/INFO]: Entity Activation Range: An 32 / Mo 32 / Ra 48 / Mi 16 / Tiv true / Isa false
[01:10:37] [Server thread/INFO]: Entity Tracking Range: Pl 48 / An 48 / Mo 48 / Mi 32 / Di 128 / Other 64
[01:10:37] [Server thread/INFO]: Hopper Transfer: 8 Hopper Check: 1 Hopper Amount: 1 Hopper Can Load Chunks: false
[01:10:37] [Server thread/INFO]: Custom Map Seeds:  Village: 10387312 Desert: 14357617 Igloo: 14357618 Jungle: 14357619 Swamp: 14357620 Monument: 10387313 Ocean: 14357621 Shipwreck: 165745295 End City: 10387313 Slime: 987234911 Nether: 30084232 Mansion: 10387319 Fossil: 14357921 Portal: 34222645
[01:10:37] [Server thread/INFO]: Experience Merge Radius: 3.0
[01:10:37] [Server thread/INFO]: Cactus Growth Modifier: 100%
[01:10:37] [Server thread/INFO]: Cane Growth Modifier: 100%
[01:10:37] [Server thread/INFO]: Melon Growth Modifier: 100%
[01:10:37] [Server thread/INFO]: Mushroom Growth Modifier: 100%
[01:10:37] [Server thread/INFO]: Pumpkin Growth Modifier: 100%
[01:10:37] [Server thread/INFO]: Sapling Growth Modifier: 100%
[01:10:37] [Server thread/INFO]: Beetroot Growth Modifier: 100%
[01:10:37] [Server thread/INFO]: Carrot Growth Modifier: 100%
[01:10:37] [Server thread/INFO]: Potato Growth Modifier: 100%
[01:10:37] [Server thread/INFO]: Wheat Growth Modifier: 100%
[01:10:37] [Server thread/INFO]: NetherWart Growth Modifier: 100%
[01:10:37] [Server thread/INFO]: Vine Growth Modifier: 100%
[01:10:37] [Server thread/INFO]: Cocoa Growth Modifier: 100%
[01:10:37] [Server thread/INFO]: Bamboo Growth Modifier: 100%
[01:10:37] [Server thread/INFO]: SweetBerry Growth Modifier: 100%
[01:10:37] [Server thread/INFO]: Kelp Growth Modifier: 100%
[01:10:37] [Server thread/INFO]: TwistingVines Growth Modifier: 100%
[01:10:37] [Server thread/INFO]: WeepingVines Growth Modifier: 100%
[01:10:37] [Server thread/INFO]: CaveVines Growth Modifier: 100%
[01:10:37] [Server thread/INFO]: Max TNT Explosions: 100
[01:10:37] [Server thread/INFO]: Tile Max Tick Time: 50ms Entity max Tick Time: 50ms
[01:10:37] [Server thread/INFO]: Item Merge Radius: 2.5
[01:10:37] [Server thread/INFO]: Item Despawn Rate: 6000
[01:10:37] [Server thread/INFO]: View Distance: 10
[01:10:37] [Server thread/INFO]: Simulation Distance: 10
[01:10:37] [Server thread/INFO]: Allow Zombie Pigmen to spawn from portal blocks: true
[01:10:37] [Server thread/INFO]: Arrow Despawn Rate: 1200 Trident Respawn Rate:1200
[01:10:37] [Server thread/INFO]: Zombie Aggressive Towards Villager: true
[01:10:37] [Server thread/INFO]: Nerfing mobs spawned from spawners: false
[01:10:38] [Server thread/INFO]: Preparing start region for dimension minecraft:overworld
[01:10:40] [Worker-Main-3/INFO]: Preparing spawn area: 0%
[01:10:40] [Worker-Main-3/INFO]: Preparing spawn area: 0%
[01:10:40] [Worker-Main-17/INFO]: Preparing spawn area: 0%
[01:10:40] [Worker-Main-4/INFO]: Preparing spawn area: 0%
[01:10:40] [Worker-Main-3/INFO]: Preparing spawn area: 0%
[01:10:40] [Worker-Main-20/INFO]: Preparing spawn area: 0%
[01:10:41] [Worker-Main-1/INFO]: Preparing spawn area: 9%
[01:10:41] [Worker-Main-1/INFO]: Preparing spawn area: 54%
[01:10:42] [Server thread/INFO]: Time elapsed: 3962 ms
[01:10:42] [Server thread/INFO]: [Multiverse-Core] Enabling Multiverse-Core v4.3.12
[01:10:42] [Server thread/WARN]: [Multiverse-Core] "Multiverse-Core v4.3.12" has registered a listener for org.bukkit.event.entity.EntityCreatePortalEvent on method "public void com.onarandombox.MultiverseCore.listeners.MVPortalListener.entityPortalCreate(org.bukkit.event.entity.EntityCreatePortalEvent)", but the event is Deprecated. "Server performance will be affected"; please notify the authors [dumptruckman, Rigby, fernferret, lithium3141, main--].
[01:10:42] [Server thread/INFO]: [Multiverse-Core] §aWe are aware of the warning about the deprecated event. There is no alternative that allows us to do what we need to do and performance impact is negligible. It is safe to ignore.
[01:10:42] [Server thread/INFO]: [Multiverse-Core] 1 - World(s) loaded.
[01:10:42] [Server thread/WARN]: [Multiverse-Core] Buscript failed to load! The script command will be disabled! If you would like not to see this message, use `/mv conf enablebuscript false` to disable Buscript from loading.
[01:10:42] [Server thread/INFO]: [Multiverse-Core] Version 4.3.12 (API v24) Enabled - By dumptruckman, Rigby, fernferret, lithium3141 and main--
[01:10:42] [Server thread/INFO]: [DecentHolograms] Enabling DecentHolograms v2.8.4
[01:10:42] [Server thread/INFO]: [DecentHolograms] Using ProtocolLib for packet listening.
[01:10:42] [Server thread/INFO]: [WorldGuard] Enabling WorldGuard v7.0.9+5934e49
[01:10:42] [Server thread/INFO]: [WorldGuard] (world) TNT ignition is PERMITTED.
[01:10:42] [Server thread/INFO]: [WorldGuard] (world) Lighters are PERMITTED.
[01:10:42] [Server thread/INFO]: [WorldGuard] (world) Lava fire is PERMITTED.
[01:10:42] [Server thread/INFO]: [WorldGuard] (world) Fire spread is UNRESTRICTED.
[01:10:42] [Server thread/INFO]: [WorldGuard] Loaded configuration for world 'world'
[01:10:42] [Server thread/INFO]: [WorldGuard] Loading region data...
[01:10:43] [Server thread/INFO]: Server permissions file permissions.yml is empty, ignoring it
[01:10:43] [Server thread/INFO]: Done (5.850s)! For help, type "help"
[01:10:43] [Craft Scheduler Thread - 3/INFO]: [Vault] Checking for Updates ... 
[01:10:47] [Craft Scheduler Thread - 3/INFO]: [Vault] No new version available
[01:11:11] [User Authenticator #1/INFO]: UUID of player Indominux is 9fe6f167-3d29-33e1-9d7d-983eb4300bbc
[01:11:11] [Server thread/INFO]: Indominux joined the game
[01:11:11] [Server thread/INFO]: Indominux[/186.54.231.140:36913] logged in with entity id 1 at ([world]1.6978366834800795, 142.0, 12.809969157240806)
[01:11:40] [Server thread/INFO]: Indominux issued server command: /rg flags
[01:11:42] [WorldGuard Region I/O/INFO]: [WorldGuard] Region data changes made in 'world' have been background saved
[01:12:22] [Server thread/INFO]: Indominux issued server command: /rg flag __global__ block-break deny
[01:12:30] [Server thread/INFO]: Indominux issued server command: /rg flag __global__ block-place deny
[01:12:38] [Server thread/INFO]: Indominux issued server command: /rg flags
[01:12:42] [WorldGuard Region I/O/INFO]: [WorldGuard] Region data changes made in 'world' have been background saved
[01:12:43] [Server thread/INFO]: Indominux issued server command: /rg flag -w "world" -h 1 __global__ use DENY
[01:12:45] [Server thread/INFO]: Indominux issued server command: /rg flag -w "world" -h 1 __global__ interact DENY
[01:12:47] [Server thread/INFO]: Indominux issued server command: /rg flag -w "world" -h 1 __global__ pvp DENY
[01:12:48] [Server thread/INFO]: Indominux issued server command: /rg flag -w "world" -h 1 __global__ damage-animals DENY
[01:12:52] [Server thread/INFO]: Indominux issued server command: /rg flag -w "world" -h 1 __global__ sleep DENY
[01:12:54] [Server thread/INFO]: Indominux issued server command: /rg flag -w "world" -h 1 __global__ respawn-anchors DENY
[01:12:55] [Server thread/INFO]: Indominux issued server command: /rg flag -w "world" -h 1 __global__ tnt DENY
[01:12:56] [Server thread/INFO]: Indominux issued server command: /rg flag -w "world" -h 1 __global__ chest-access DENY
[01:12:58] [Server thread/INFO]: Indominux issued server command: /rg flag -w "world" -h 1 __global__ vehicle-place DENY
[01:12:59] [Server thread/INFO]: Indominux issued server command: /rg flag -w "world" -h 1 __global__ vehicle-destroy DENY
[01:13:00] [Server thread/INFO]: Indominux issued server command: /rg flag -w "world" -h 1 __global__ lighter DENY
[01:13:01] [Server thread/INFO]: Indominux issued server command: /rg flag -w "world" -h 1 __global__ ride DENY
[01:13:02] [Server thread/INFO]: Indominux issued server command: /rg flag -w "world" -h 1 __global__ potion-splash DENY
[01:13:06] [Server thread/INFO]: Indominux issued server command: /rg flags -w "world" -p 2 __global__
[01:13:11] [Server thread/INFO]: Indominux issued server command: /rg flag -w "world" -h 2 __global__ item-frame-rotation DENY
[01:13:12] [WorldGuard Region I/O/INFO]: [WorldGuard] Region data changes made in 'world' have been background saved
[01:13:13] [Server thread/INFO]: Indominux issued server command: /rg flag -w "world" -h 2 __global__ block-trampling DENY
[01:13:15] [Server thread/INFO]: Indominux issued server command: /rg flag -w "world" -h 2 __global__ firework-damage DENY
[01:13:16] [Server thread/INFO]: Indominux issued server command: /rg flag -w "world" -h 2 __global__ use-anvil DENY
[01:13:17] [Server thread/INFO]: Indominux issued server command: /rg flag -w "world" -h 2 __global__ use-dripleaf DENY
[01:13:19] [Server thread/INFO]: Indominux issued server command: /rg flag -w "world" -h 2 __global__ item-pickup DENY
[01:13:20] [Server thread/INFO]: Indominux issued server command: /rg flag -w "world" -h 2 __global__ item-drop DENY
[01:13:22] [Server thread/INFO]: Indominux issued server command: /rg flag -w "world" -h 2 __global__ exp-drops DENY
[01:13:25] [Server thread/INFO]: Indominux issued server command: /rg flag -w "world" -h 2 __global__ mob-damage DENY
[01:13:28] [Server thread/INFO]: Indominux issued server command: /rg flag -w "world" -h 2 __global__ creeper-explosion DENY
[01:13:32] [Server thread/INFO]: Indominux issued server command: /rg flag -w "world" -h 2 __global__ enderdragon-block-damage DENY
[01:13:38] [Server thread/INFO]: Indominux issued server command: /rg flag -w "world" -h 2 __global__ ghast-fireball DENY
[01:13:38] [Server thread/INFO]: Indominux issued server command: /rg flag -w "world" -h 2 __global__ other-explosion DENY
[01:13:39] [Server thread/INFO]: Indominux issued server command: /rg flag -w "world" -h 2 __global__ wither-damage DENY
[01:13:40] [Server thread/INFO]: Indominux issued server command: /rg flag -w "world" -h 2 __global__ enderman-grief DENY
[01:13:42] [Server thread/INFO]: Indominux issued server command: /rg flag -w "world" -h 2 __global__ snowman-trails DENY
[01:13:42] [WorldGuard Region I/O/INFO]: [WorldGuard] Region data changes made in 'world' have been background saved
[01:13:43] [Server thread/INFO]: Indominux issued server command: /rg flag -w "world" -h 2 __global__ ravager-grief DENY
[01:13:44] [Server thread/INFO]: Indominux issued server command: /rg flag -w "world" -h 2 __global__ entity-painting-destroy DENY
[01:13:45] [Server thread/INFO]: Indominux issued server command: /rg flags -w "world" -p 3 __global__
[01:13:51] [Server thread/INFO]: Indominux issued server command: /rg flag -w "world" -h 3 __global__ entity-item-frame-destroy DENY
[01:13:52] [Server thread/INFO]: Indominux issued server command: /rg flag -w "world" -h 3 __global__ mob-spawning DENY
[01:13:56] [Server thread/INFO]: Indominux issued server command: /rg flag -w "world" -h 3 __global__ pistons DENY
[01:13:57] [Server thread/INFO]: Indominux issued server command: /rg flag -w "world" -h 3 __global__ fire-spread DENY
[01:13:58] [Server thread/INFO]: Indominux issued server command: /rg flag -w "world" -h 3 __global__ lava-fire DENY
[01:14:00] [Server thread/INFO]: Indominux issued server command: /rg flag -w "world" -h 3 __global__ lightning DENY
[01:14:01] [Server thread/INFO]: Indominux issued server command: /rg flag -w "world" -h 3 __global__ snow-fall DENY
[01:14:02] [Server thread/INFO]: Indominux issued server command: /rg flag -w "world" -h 3 __global__ snow-melt DENY
[01:14:03] [Server thread/INFO]: Indominux issued server command: /rg flag -w "world" -h 3 __global__ ice-form DENY
[01:14:04] [Server thread/INFO]: Indominux issued server command: /rg flag -w "world" -h 3 __global__ ice-melt DENY
[01:14:07] [Server thread/INFO]: Indominux issued server command: /rg flag -w "world" -h 3 __global__ frosted-ice-melt DENY
[01:14:07] [Server thread/INFO]: Indominux issued server command: /rg flag -w "world" -h 3 __global__ frosted-ice-form DENY
[01:14:08] [Server thread/INFO]: Indominux issued server command: /rg flag -w "world" -h 3 __global__ mushroom-growth DENY
[01:14:09] [Server thread/INFO]: Indominux issued server command: /rg flag -w "world" -h 3 __global__ leaf-decay DENY
[01:14:10] [Server thread/INFO]: Indominux issued server command: /rg flag -w "world" -h 3 __global__ grass-growth DENY
[01:14:11] [Server thread/INFO]: Indominux issued server command: /rg flag -w "world" -h 3 __global__ mycelium-spread DENY
[01:14:11] [Server thread/INFO]: Indominux issued server command: /rg flag -w "world" -h 3 __global__ vine-growth DENY
[01:14:12] [WorldGuard Region I/O/INFO]: [WorldGuard] Region data changes made in 'world' have been background saved
[01:14:14] [Server thread/INFO]: Indominux issued server command: /rg flags -w "world" -p 4 __global__
[01:14:21] [Server thread/INFO]: Indominux issued server command: /rg flag -w "world" -h 4 __global__ invincible ALLOW
[01:14:42] [WorldGuard Region I/O/INFO]: [WorldGuard] Region data changes made in 'world' have been background saved
[01:15:40] [Server thread/INFO]: Indominux issued server command: /rg flags -w "world" -p 5 __global__
[01:15:46] [Server thread/INFO]: Indominux issued server command: /rg flags -w "world" -p 6 __global__
[01:16:52] [Server thread/INFO]: Indominux issued server command: /rg flag -w "world" -h 6 __global__ deny-message Hey, no puedes hacer eso aqui
[01:17:12] [WorldGuard Region I/O/INFO]: [WorldGuard] Region data changes made in 'world' have been background saved
[01:17:21] [Server thread/INFO]: Indominux issued server command: /rg flag -w "world" -h 6 __global__ entry-deny-message Hey, no puedes hacer eso aqui
[01:17:42] [WorldGuard Region I/O/INFO]: [WorldGuard] Region data changes made in 'world' have been background saved
[01:17:55] [Server thread/INFO]: Indominux issued server command: /rg flag -w "world" -h 6 __global__ exit-deny-message Hey, no puedes hacer eso aqui
[01:18:12] [WorldGuard Region I/O/INFO]: [WorldGuard] Region data changes made in 'world' have been background saved
[01:18:18] [Server thread/INFO]: Indominux issued server command: /deop Indominux
[01:18:18] [Server thread/INFO]: [Indominux: Made Indominux no longer a server operator]
[01:18:41] [Server thread/INFO]: Made Indominux a server operator
[01:19:25] [Server thread/INFO]: Indominux issued server command: /rg flag -w "world" -h 6 __global__ deny-message &c&lHey, no puedes hacer eso aqui
[01:19:32] [Server thread/INFO]: Indominux issued server command: /rg flags
[01:19:36] [Server thread/INFO]: Indominux issued server command: /rg flags -w "world" -p 2 __global__
[01:19:38] [Server thread/INFO]: Indominux issued server command: /rg flags -w "world" -p 3 __global__
[01:19:38] [Server thread/INFO]: Indominux issued server command: /rg flags -w "world" -p 4 __global__
[01:19:39] [Server thread/INFO]: Indominux issued server command: /rg flags -w "world" -p 5 __global__
[01:19:39] [Server thread/INFO]: Indominux issued server command: /rg flags -w "world" -p 6 __global__
[01:19:42] [WorldGuard Region I/O/INFO]: [WorldGuard] Region data changes made in 'world' have been background saved
[01:19:51] [Server thread/INFO]: Indominux issued server command: /deop Indominux
[01:19:51] [Server thread/INFO]: [Indominux: Made Indominux no longer a server operator]
[01:20:24] [Server thread/INFO]: Indominux issued server command: /mv server
[01:20:34] [Server thread/INFO]: Indominux issued server command: /mv help
[01:21:54] [Server thread/INFO]: Made Indominux a server operator
[01:22:08] [Server thread/INFO]: Indominux issued server command: /rg flags
[01:22:13] [Server thread/INFO]: Indominux issued server command: /rg flags -w "world" -p 2 __global__
[01:22:14] [Server thread/INFO]: Indominux issued server command: /rg flags -w "world" -p 3 __global__
[01:22:15] [Server thread/INFO]: Indominux issued server command: /rg flags -w "world" -p 4 __global__
[01:24:29] [Server thread/INFO]: Indominux issued server command: /region flag __global__ invicible allow
[01:25:22] [Server thread/INFO]: Indominux issued server command: /rg flag -w "world" __global__ invincible allow
[01:25:42] [WorldGuard Region I/O/INFO]: [WorldGuard] Region data changes made in 'world' have been background saved
[01:26:06] [Server thread/INFO]: Indominux issued server command: /worldguard reload
[01:26:06] [Server thread/INFO]: [WorldGuard] (world) TNT ignition is PERMITTED.
[01:26:06] [Server thread/INFO]: [WorldGuard] (world) Lighters are PERMITTED.
[01:26:06] [Server thread/INFO]: [WorldGuard] (world) Lava fire is PERMITTED.
[01:26:06] [Server thread/INFO]: [WorldGuard] (world) Fire spread is UNRESTRICTED.
[01:26:06] [Server thread/INFO]: [WorldGuard] Loaded configuration for world 'world'
[01:26:06] [Server thread/INFO]: [WorldGuard] Loading region data...
[01:26:48] [Server thread/INFO]: Indominux fell from a high place
[01:27:26] [Server thread/INFO]: Indominux issued server command: /rg flags
[01:27:32] [Server thread/INFO]: Indominux issued server command: /rg flags -w "world" -p 2 __global__
[01:27:40] [Server thread/INFO]: Indominux issued server command: /rg flags -w "world" -p 3 __global__
[01:27:43] [Server thread/INFO]: Indominux issued server command: /rg flags -w "world" -p 4 __global__
[01:30:31] [Server thread/INFO]: Stopping the server
[01:30:31] [Server thread/INFO]: Stopping server
[01:30:31] [Server thread/INFO]: [WorldGuard] Disabling WorldGuard v7.0.9+5934e49
[01:30:31] [Server thread/INFO]: [WorldGuard] Shutting down executor and cancelling any pending tasks...
[01:30:31] [Server thread/INFO]: [DecentHolograms] Disabling DecentHolograms v2.8.4
[01:30:31] [Server thread/INFO]: [WorldEdit] Disabling WorldEdit v7.2.17+6544-56d0383
[01:30:31] [Server thread/INFO]: Unregistering com.sk89q.worldedit.bukkit.BukkitServerInterface from WorldEdit
[01:30:31] [Server thread/INFO]: [ProtocolLib] Disabling ProtocolLib v5.1.0
[01:30:31] [Server thread/INFO]: [Multiverse-Core] Disabling Multiverse-Core v4.3.12
[01:30:31] [Server thread/INFO]: [VoidWorld] Disabling VoidWorld v1.0
[01:30:31] [Server thread/INFO]: [Vault] Disabling Vault v1.7.3-b131
[01:30:31] [Server thread/INFO]: Saving players
[01:30:31] [Server thread/INFO]: Indominux lost connection: Server closed
[01:30:31] [Server thread/INFO]: Indominux left the game.
[01:30:31] [Server thread/INFO]: Saving worlds
[01:30:33] [Server thread/INFO]: Saving chunks for level 'ServerLevel[world]'/minecraft:overworld
[01:30:46] [Server thread/INFO]: ThreadedAnvilChunkStorage (world): All chunks are saved
[01:30:46] [Server thread/INFO]: ThreadedAnvilChunkStorage: All dimensions are saved
