[05:14:27] [Craft Scheduler Thread - 946/INFO]: [Vault] Checking for Updates ... 
[05:14:31] [Craft Scheduler Thread - 946/WARN]: [Vault] No files found, or Feed URL is bad.
[05:14:31] [Craft Scheduler Thread - 946/INFO]: [Vault] No new version available
[11:14:27] [Craft Scheduler Thread - 1018/INFO]: [Vault] Checking for Updates ... 
[11:14:31] [Craft Scheduler Thread - 1018/WARN]: [Vault] No files found, or Feed URL is bad.
[11:14:31] [Craft Scheduler Thread - 1018/INFO]: [Vault] No new version available
[17:14:27] [Craft Scheduler Thread - 1090/INFO]: [Vault] Checking for Updates ... 
[17:14:31] [Craft Scheduler Thread - 1090/INFO]: [Vault] No new version available
[23:14:27] [Craft Scheduler Thread - 1162/INFO]: [Vault] Checking for Updates ... 
[23:14:31] [Craft Scheduler Thread - 1162/INFO]: [Vault] No new version available
[23:54:23] [User Authenticator #12/WARN]: [User Authenticator #12] WARN fr.xephi.authme.libs.com.zaxxer.hikari.pool.PoolBase - AuthMeMYSQLPool - Failed to validate connection fr.xephi.authme.libs.com.mysql.cj.jdbc.ConnectionImpl@650b9a2 (No operations allowed after connection closed.). Possibly consider using a shorter maxLifetime value.
[23:54:23] [User Authenticator #12/WARN]: [User Authenticator #12] WARN fr.xephi.authme.libs.com.zaxxer.hikari.pool.PoolBase - AuthMeMYSQLPool - Failed to validate connection fr.xephi.authme.libs.com.mysql.cj.jdbc.ConnectionImpl@ca8d2d2 (No operations allowed after connection closed.). Possibly consider using a shorter maxLifetime value.
[23:54:23] [User Authenticator #12/WARN]: [User Authenticator #12] WARN fr.xephi.authme.libs.com.zaxxer.hikari.pool.PoolBase - AuthMeMYSQLPool - Failed to validate connection fr.xephi.authme.libs.com.mysql.cj.jdbc.ConnectionImpl@49aa5d23 (No operations allowed after connection closed.). Possibly consider using a shorter maxLifetime value.
[23:54:23] [User Authenticator #12/WARN]: [User Authenticator #12] WARN fr.xephi.authme.libs.com.zaxxer.hikari.pool.PoolBase - AuthMeMYSQLPool - Failed to validate connection fr.xephi.authme.libs.com.mysql.cj.jdbc.ConnectionImpl@4a34601d (No operations allowed after connection closed.). Possibly consider using a shorter maxLifetime value.
[23:54:23] [User Authenticator #12/WARN]: [User Authenticator #12] WARN fr.xephi.authme.libs.com.zaxxer.hikari.pool.PoolBase - AuthMeMYSQLPool - Failed to validate connection fr.xephi.authme.libs.com.mysql.cj.jdbc.ConnectionImpl@78a9d1d4 (No operations allowed after connection closed.). Possibly consider using a shorter maxLifetime value.
[23:54:23] [User Authenticator #12/WARN]: [User Authenticator #12] WARN fr.xephi.authme.libs.com.zaxxer.hikari.pool.PoolBase - AuthMeMYSQLPool - Failed to validate connection fr.xephi.authme.libs.com.mysql.cj.jdbc.ConnectionImpl@32ddb251 (No operations allowed after connection closed.). Possibly consider using a shorter maxLifetime value.
[23:54:23] [User Authenticator #12/WARN]: [User Authenticator #12] WARN fr.xephi.authme.libs.com.zaxxer.hikari.pool.PoolBase - AuthMeMYSQLPool - Failed to validate connection fr.xephi.authme.libs.com.mysql.cj.jdbc.ConnectionImpl@2985a26c (No operations allowed after connection closed.). Possibly consider using a shorter maxLifetime value.
[23:54:23] [User Authenticator #12/WARN]: [User Authenticator #12] WARN fr.xephi.authme.libs.com.zaxxer.hikari.pool.PoolBase - AuthMeMYSQLPool - Failed to validate connection fr.xephi.authme.libs.com.mysql.cj.jdbc.ConnectionImpl@40580bc9 (No operations allowed after connection closed.). Possibly consider using a shorter maxLifetime value.
[23:54:23] [User Authenticator #12/WARN]: [User Authenticator #12] WARN fr.xephi.authme.libs.com.zaxxer.hikari.pool.PoolBase - AuthMeMYSQLPool - Failed to validate connection fr.xephi.authme.libs.com.mysql.cj.jdbc.ConnectionImpl@76c95567 (No operations allowed after connection closed.). Possibly consider using a shorter maxLifetime value.
[23:54:23] [User Authenticator #12/WARN]: [User Authenticator #12] WARN fr.xephi.authme.libs.com.zaxxer.hikari.pool.PoolBase - AuthMeMYSQLPool - Failed to validate connection fr.xephi.authme.libs.com.mysql.cj.jdbc.ConnectionImpl@29d93ed5 (No operations allowed after connection closed.). Possibly consider using a shorter maxLifetime value.
[23:54:27] [User Authenticator #12/INFO]: UUID of player Indominux is 9fe6f167-3d29-33e1-9d7d-983eb4300bbc
[23:54:27] [Server thread/INFO]: Indominux joined the game
[23:54:27] [Server thread/INFO]: Indominux[/179.24.120.154:51419] logged in with entity id 12 at ([world]1.3973069313844464, 143.0, 9.566801921811514)
[23:54:39] [Craft Scheduler Thread - 1172/INFO]: [AuthMe] Indominux logged in 179.24.120.154
[23:54:49] [Server thread/INFO]: Indominux lost connection: Disconnected
[23:54:49] [Server thread/INFO]: Indominux left the game
